<?xml version="1.0" encoding="UTF-8"?>
<testsuite xmlns:xsi="http://www.w3.org/2001/XMLSchema-instance" xsi:noNamespaceSchemaLocation="https://maven.apache.org/surefire/maven-surefire-plugin/xsd/surefire-test-report-3.0.xsd" version="3.0" name="com.uniamerica.pie.hotel.repositories.HospedeRepositoryTest" time="0.227" tests="1" errors="0" skipped="0" failures="0">
  <properties>
[...]
</properties>
  <testcase name="testEmailDuplicadoNoBancoDeDados" classname="com.uniamerica.pie.hotel.repositories.HospedeRepositoryTest" time="0.217">
    <system-out><![CDATA[2024-12-04T18:49:30.891-03:00 DEBUG 3024 --- [hotel-silvania] [           main] .b.t.c.SpringBootTestContextBootstrapper : Neither @ContextConfiguration nor @ContextHierarchy found for test class [HospedeRepositoryTest]: using SpringBootContextLoader
2024-12-04T18:49:30.891-03:00 DEBUG 3024 --- [hotel-silvania] [           main] o.s.t.c.support.AbstractContextLoader    : Could not detect default resource locations for test class [com.uniamerica.pie.hotel.repositories.HospedeRepositoryTest]: no resource found for suffixes {-context.xml, Context.groovy}.
2024-12-04T18:49:30.891-03:00  INFO 3024 --- [hotel-silvania] [           main] t.c.s.AnnotationConfigContextLoaderUtils : Could not detect default configuration classes for test class [com.uniamerica.pie.hotel.repositories.HospedeRepositoryTest]: HospedeRepositoryTest does not declare any static, non-private, non-final, nested classes annotated with @Configuration.
2024-12-04T18:49:30.892-03:00 DEBUG 3024 --- [hotel-silvania] [           main] .b.t.c.SpringBootTestContextBootstrapper : Using ContextCustomizerFactory implementations for test class [HospedeRepositoryTest]: [ImportsContextCustomizerFactory, ExcludeFilterContextCustomizerFactory, HttpGraphQlTesterContextCustomizerFactory, DuplicateJsonObjectContextCustomizerFactory, MockitoContextCustomizerFactory, TestRestTemplateContextCustomizerFactory, WebTestClientContextCustomizerFactory, DisableReactorResourceFactoryGlobalResourcesContextCustomizerFactory, OnFailureConditionReportContextCustomizerFactory, OverrideAutoConfigurationContextCustomizerFactory, ObservabilityContextCustomizerFactory, TypeExcludeFiltersContextCustomizerFactory, PropertyMappingContextCustomizerFactory, WebDriverContextCustomizerFactory, MockServerContainerContextCustomizerFactory, DynamicPropertiesContextCustomizerFactory]
2024-12-04T18:49:30.892-03:00 DEBUG 3024 --- [hotel-silvania] [           main] .b.t.c.SpringBootTestContextBootstrapper : Using ContextCustomizers for test class [HospedeRepositoryTest]: [ExcludeFilterContextCustomizer, DuplicateJsonObjectContextCustomizer, MockitoContextCustomizer, TestRestTemplateContextCustomizer, DisableReactorResourceFactoryGlobalResourcesContextCustomizerCustomizer, OnFailureConditionReportContextCustomizer, DisableObservabilityContextCustomizer, PropertyMappingContextCustomizer, WebDriverContextCustomizer]
2024-12-04T18:49:30.896-03:00 DEBUG 3024 --- [hotel-silvania] [           main] ssPathScanningCandidateComponentProvider : Identified candidate component class: file [/Users/fernandosuerte/Downloads/hotelPIE-main 2/target/classes/com/uniamerica/pie/hotel/HotelSilvaniaApplication.class]
2024-12-04T18:49:30.896-03:00  INFO 3024 --- [hotel-silvania] [           main] .b.t.c.SpringBootTestContextBootstrapper : Found @SpringBootConfiguration com.uniamerica.pie.hotel.HotelSilvaniaApplication for test class com.uniamerica.pie.hotel.repositories.HospedeRepositoryTest
2024-12-04T18:49:30.897-03:00 DEBUG 3024 --- [hotel-silvania] [           main] .s.t.c.u.TestContextSpringFactoriesUtils : Skipping candidate TestExecutionListener [org.springframework.test.context.observation.MicrometerObservationRegistryTestExecutionListener] due to a missing dependency. Specify custom TestExecutionListener classes or make the default TestExecutionListener classes and their required dependencies available. Offending class: io.micrometer.context.ThreadLocalAccessor. MicrometerObservationRegistryTestExecutionListener requires io.micrometer:micrometer-observation:1.10.8 or higher and io.micrometer:context-propagation:1.0.3 or higher.
2024-12-04T18:49:30.897-03:00 DEBUG 3024 --- [hotel-silvania] [           main] .b.t.c.SpringBootTestContextBootstrapper : Using TestExecutionListeners for test class [HospedeRepositoryTest]: [ServletTestExecutionListener, DirtiesContextBeforeModesTestExecutionListener, ApplicationEventsTestExecutionListener, MockitoTestExecutionListener, DependencyInjectionTestExecutionListener, DirtiesContextTestExecutionListener, TransactionalTestExecutionListener, SqlScriptsTestExecutionListener, EventPublishingTestExecutionListener, ResetMocksTestExecutionListener, RestDocsTestExecutionListener, MockRestServiceServerResetTestExecutionListener, MockMvcPrintOnlyOnFailureTestExecutionListener, WebDriverTestExecutionListener, MockWebServiceServerTestExecutionListener]
2024-12-04T18:49:30.897-03:00 DEBUG 3024 --- [hotel-silvania] [           main] sContextBeforeModesTestExecutionListener : Before test class: class [HospedeRepositoryTest], class annotated with @DirtiesContext [false] with mode [null]
2024-12-04T18:49:30.897-03:00 DEBUG 3024 --- [hotel-silvania] [           main] org.springframework.test.context.cache   : Spring test ApplicationContext cache statistics: [DefaultContextCache@2d471a7d size = 1, maxSize = 32, parentContextCount = 0, hitCount = 13, missCount = 1, failureCount = 0]
2024-12-04T18:49:30.898-03:00 DEBUG 3024 --- [hotel-silvania] [           main] org.springframework.test.context.cache   : Spring test ApplicationContext cache statistics: [DefaultContextCache@2d471a7d size = 1, maxSize = 32, parentContextCount = 0, hitCount = 14, missCount = 1, failureCount = 0]
2024-12-04T18:49:30.898-03:00 DEBUG 3024 --- [hotel-silvania] [           main] o.s.t.c.w.ServletTestExecutionListener   : Setting up MockHttpServletRequest, MockHttpServletResponse, ServletWebRequest, and RequestContextHolder for test class com.uniamerica.pie.hotel.repositories.HospedeRepositoryTest
2024-12-04T18:49:30.898-03:00 DEBUG 3024 --- [hotel-silvania] [           main] DependencyInjectionTestExecutionListener : Performing dependency injection for test class com.uniamerica.pie.hotel.repositories.HospedeRepositoryTest
2024-12-04T18:49:30.898-03:00 DEBUG 3024 --- [hotel-silvania] [           main] org.springframework.test.context.cache   : Spring test ApplicationContext cache statistics: [DefaultContextCache@2d471a7d size = 1, maxSize = 32, parentContextCount = 0, hitCount = 15, missCount = 1, failureCount = 0]
2024-12-04T18:49:30.898-03:00 DEBUG 3024 --- [hotel-silvania] [           main] org.springframework.test.context.cache   : Spring test ApplicationContext cache statistics: [DefaultContextCache@2d471a7d size = 1, maxSize = 32, parentContextCount = 0, hitCount = 16, missCount = 1, failureCount = 0]
2024-12-04T18:49:30.900-03:00 DEBUG 3024 --- [hotel-silvania] [           main] sContextBeforeModesTestExecutionListener : Before test method: class [HospedeRepositoryTest], method [testEmailDuplicadoNoBancoDeDados], class annotated with @DirtiesContext [false] with mode [null], method annotated with @DirtiesContext [false] with mode [null]
2024-12-04T18:49:30.900-03:00 DEBUG 3024 --- [hotel-silvania] [           main] org.springframework.test.context.cache   : Spring test ApplicationContext cache statistics: [DefaultContextCache@2d471a7d size = 1, maxSize = 32, parentContextCount = 0, hitCount = 17, missCount = 1, failureCount = 0]
2024-12-04T18:49:30.900-03:00 DEBUG 3024 --- [hotel-silvania] [           main] org.springframework.test.context.cache   : Spring test ApplicationContext cache statistics: [DefaultContextCache@2d471a7d size = 1, maxSize = 32, parentContextCount = 0, hitCount = 18, missCount = 1, failureCount = 0]
2024-12-04T18:49:30.908-03:00 DEBUG 3024 --- [hotel-silvania] [           main] o.s.orm.jpa.JpaTransactionManager        : Creating new transaction with name [org.springframework.data.jpa.repository.support.SimpleJpaRepository.deleteAll]: PROPAGATION_REQUIRED,ISOLATION_DEFAULT
2024-12-04T18:49:30.909-03:00 DEBUG 3024 --- [hotel-silvania] [           main] o.s.orm.jpa.JpaTransactionManager        : Opened new EntityManager [SessionImpl(483087199<open>)] for JPA transaction
2024-12-04T18:49:30.910-03:00 DEBUG 3024 --- [hotel-silvania] [           main] o.h.e.t.internal.TransactionImpl         : On TransactionImpl creation, JpaCompliance#isJpaTransactionComplianceEnabled == false
2024-12-04T18:49:30.910-03:00 DEBUG 3024 --- [hotel-silvania] [           main] o.h.e.t.internal.TransactionImpl         : begin
2024-12-04T18:49:30.913-03:00 DEBUG 3024 --- [hotel-silvania] [           main] o.s.orm.jpa.JpaTransactionManager        : Exposing JPA transaction as JDBC [org.springframework.orm.jpa.vendor.HibernateJpaDialect$HibernateConnectionHandle@338058f]
2024-12-04T18:49:30.975-03:00 DEBUG 3024 --- [hotel-silvania] [           main] org.hibernate.orm.sql.ast.create         : Created new SQL alias : r1_0
2024-12-04T18:49:30.975-03:00 DEBUG 3024 --- [hotel-silvania] [           main] org.hibernate.orm.sql.ast.create         : Registration of TableGroup [StandardTableGroup(com.uniamerica.pie.hotel.models.Reserva(43))] with identifierForTableGroup [com.uniamerica.pie.hotel.models.Reserva] for NavigablePath [com.uniamerica.pie.hotel.models.Reserva] 
2024-12-04T18:49:30.980-03:00 DEBUG 3024 --- [hotel-silvania] [           main] org.hibernate.orm.sql.ast.create         : Registration of TableGroup [org.hibernate.sql.ast.tree.from.LazyTableGroup@67b22ea3] with identifierForTableGroup [com.uniamerica.pie.hotel.models.Reserva.hospede] for NavigablePath [com.uniamerica.pie.hotel.models.Reserva.hospede] 
2024-12-04T18:49:30.980-03:00 DEBUG 3024 --- [hotel-silvania] [           main] org.hibernate.orm.sql.ast.create         : Registration of TableGroup [org.hibernate.sql.ast.tree.from.LazyTableGroup@3cd55837] with identifierForTableGroup [com.uniamerica.pie.hotel.models.Reserva.hotel] for NavigablePath [com.uniamerica.pie.hotel.models.Reserva.hotel] 
2024-12-04T18:49:30.980-03:00 DEBUG 3024 --- [hotel-silvania] [           main] org.hibernate.orm.sql.ast.create         : Registration of TableGroup [org.hibernate.sql.ast.tree.from.LazyTableGroup@498cf7b2] with identifierForTableGroup [com.uniamerica.pie.hotel.models.Reserva.quarto] for NavigablePath [com.uniamerica.pie.hotel.models.Reserva.quarto] 
2024-12-04T18:49:30.982-03:00 DEBUG 3024 --- [hotel-silvania] [           main] org.hibernate.orm.results.graph.AST      : DomainResult Graph:
 \-EntityResultImpl [com.uniamerica.pie.hotel.models.Reserva(43)]
 |  +-BasicFetch [com.uniamerica.pie.hotel.models.Reserva(43).dataCheckIn]
 |  +-BasicFetch [com.uniamerica.pie.hotel.models.Reserva(43).dataCheckOut]
 |  +-CircularFetchImpl [com.uniamerica.pie.hotel.models.Reserva(43).hospede]
 |  +-EntityDelayedFetchImpl [com.uniamerica.pie.hotel.models.Reserva(43).hotel]
 |  +-BasicFetch [com.uniamerica.pie.hotel.models.Reserva(43).numHospedes]
 |  +-CircularFetchImpl [com.uniamerica.pie.hotel.models.Reserva(43).quarto]
 |  \-BasicFetch [com.uniamerica.pie.hotel.models.Reserva(43).statusReserva]

2024-12-04T18:49:30.982-03:00 DEBUG 3024 --- [hotel-silvania] [           main] org.hibernate.orm.sql.ast.tree           : SQL AST Tree:
    SelectStatement {
      FromClause {
        StandardTableGroup (r1 : com.uniamerica.pie.hotel.models.Reserva(43)) {
          primaryTableReference : reservas as r1_0
          TableGroupJoins {
            left  join LazyTableGroup (h1 : com.uniamerica.pie.hotel.models.Reserva(43).hospede) {
            }
            left  join LazyTableGroup (h2 : com.uniamerica.pie.hotel.models.Reserva(43).hotel) {
            }
            left  join LazyTableGroup (q1 : com.uniamerica.pie.hotel.models.Reserva(43).quarto) {
            }
          }
        }
      }
    }

2024-12-04T18:49:30.989-03:00 DEBUG 3024 --- [hotel-silvania] [           main] org.hibernate.orm.sql.exec               : Skipping reading Query result cache data: cache-enabled = false, cache-mode = NORMAL
2024-12-04T18:49:30.999-03:00 DEBUG 3024 --- [hotel-silvania] [           main] org.hibernate.orm.results                : Initializer list:
	  com.uniamerica.pie.hotel.models.Reserva(43).quarto -> EntityDelayedFetchInitializer(com.uniamerica.pie.hotel.models.Reserva(43).quarto)@1548782678 (ToOneAttributeMapping(NavigableRole[com.uniamerica.pie.hotel.models.Reserva.quarto])@1880508564)
	  com.uniamerica.pie.hotel.models.Reserva(43).hospede -> EntityDelayedFetchInitializer(com.uniamerica.pie.hotel.models.Reserva(43).hospede)@170260553 (ToOneAttributeMapping(NavigableRole[com.uniamerica.pie.hotel.models.Reserva.hospede])@1029903759)
	  com.uniamerica.pie.hotel.models.Reserva(43).hotel -> EntityDelayedFetchInitializer(com.uniamerica.pie.hotel.models.Reserva(43).hotel)@1591144155 (ToOneAttributeMapping(NavigableRole[com.uniamerica.pie.hotel.models.Reserva.hotel])@474374013)
	  com.uniamerica.pie.hotel.models.Reserva(43) -> EntityResultInitializer(com.uniamerica.pie.hotel.models.Reserva(43))@956570380 (SingleTableEntityPersister(com.uniamerica.pie.hotel.models.Reserva))

2024-12-04T18:49:31.003-03:00 DEBUG 3024 --- [hotel-silvania] [           main] org.hibernate.SQL                        : 
    select
        r1_0.id,
        r1_0.data_checkin,
        r1_0.data_checkout,
        r1_0.hospede_id,
        r1_0.hotel_id,
        r1_0.num_hospedes,
        r1_0.quarto_id,
        r1_0.status_reserva 
    from
        reservas r1_0
Hibernate: 
    select
        r1_0.id,
        r1_0.data_checkin,
        r1_0.data_checkout,
        r1_0.hospede_id,
        r1_0.hotel_id,
        r1_0.num_hospedes,
        r1_0.quarto_id,
        r1_0.status_reserva 
    from
        reservas r1_0
2024-12-04T18:49:31.008-03:00 DEBUG 3024 --- [hotel-silvania] [           main] o.s.orm.jpa.JpaTransactionManager        : Initiating transaction commit
2024-12-04T18:49:31.009-03:00 DEBUG 3024 --- [hotel-silvania] [           main] o.s.orm.jpa.JpaTransactionManager        : Committing JPA transaction on EntityManager [SessionImpl(483087199<open>)]
2024-12-04T18:49:31.009-03:00 DEBUG 3024 --- [hotel-silvania] [           main] o.h.e.t.internal.TransactionImpl         : committing
2024-12-04T18:49:31.010-03:00 DEBUG 3024 --- [hotel-silvania] [           main] o.s.orm.jpa.JpaTransactionManager        : Closing JPA EntityManager [SessionImpl(483087199<open>)] after transaction
2024-12-04T18:49:31.010-03:00 DEBUG 3024 --- [hotel-silvania] [           main] o.s.orm.jpa.JpaTransactionManager        : Creating new transaction with name [org.springframework.data.jpa.repository.support.SimpleJpaRepository.deleteAll]: PROPAGATION_REQUIRED,ISOLATION_DEFAULT
2024-12-04T18:49:31.010-03:00 DEBUG 3024 --- [hotel-silvania] [           main] o.s.orm.jpa.JpaTransactionManager        : Opened new EntityManager [SessionImpl(1663863737<open>)] for JPA transaction
2024-12-04T18:49:31.010-03:00 DEBUG 3024 --- [hotel-silvania] [           main] o.h.e.t.internal.TransactionImpl         : On TransactionImpl creation, JpaCompliance#isJpaTransactionComplianceEnabled == false
2024-12-04T18:49:31.010-03:00 DEBUG 3024 --- [hotel-silvania] [           main] o.h.e.t.internal.TransactionImpl         : begin
2024-12-04T18:49:31.010-03:00 DEBUG 3024 --- [hotel-silvania] [           main] o.s.orm.jpa.JpaTransactionManager        : Exposing JPA transaction as JDBC [org.springframework.orm.jpa.vendor.HibernateJpaDialect$HibernateConnectionHandle@26a1c02a]
2024-12-04T18:49:31.011-03:00 DEBUG 3024 --- [hotel-silvania] [           main] org.hibernate.orm.sql.ast.create         : Created new SQL alias : h1_0
2024-12-04T18:49:31.011-03:00 DEBUG 3024 --- [hotel-silvania] [           main] org.hibernate.orm.sql.ast.create         : Registration of TableGroup [StandardTableGroup(com.uniamerica.pie.hotel.models.Hospede(44))] with identifierForTableGroup [com.uniamerica.pie.hotel.models.Hospede] for NavigablePath [com.uniamerica.pie.hotel.models.Hospede] 
2024-12-04T18:49:31.011-03:00 DEBUG 3024 --- [hotel-silvania] [           main] org.hibernate.orm.results.graph.AST      : DomainResult Graph:
 \-EntityResultImpl [com.uniamerica.pie.hotel.models.Hospede(44)]
 |  +-BasicFetch [com.uniamerica.pie.hotel.models.Hospede(44).email]
 |  +-BasicFetch [com.uniamerica.pie.hotel.models.Hospede(44).nome]
 |  \-DelayedCollectionFetch [com.uniamerica.pie.hotel.models.Hospede(44).reservas]

2024-12-04T18:49:31.011-03:00 DEBUG 3024 --- [hotel-silvania] [           main] org.hibernate.orm.sql.ast.tree           : SQL AST Tree:
    SelectStatement {
      FromClause {
        StandardTableGroup (h1 : com.uniamerica.pie.hotel.models.Hospede(44)) {
          primaryTableReference : hospede as h1_0
        }
      }
    }

2024-12-04T18:49:31.011-03:00 DEBUG 3024 --- [hotel-silvania] [           main] org.hibernate.orm.sql.exec               : Skipping reading Query result cache data: cache-enabled = false, cache-mode = NORMAL
2024-12-04T18:49:31.012-03:00 DEBUG 3024 --- [hotel-silvania] [           main] org.hibernate.orm.results                : Initializer list:
	  com.uniamerica.pie.hotel.models.Hospede(44) -> EntityResultInitializer(com.uniamerica.pie.hotel.models.Hospede(44))@1797213107 (SingleTableEntityPersister(com.uniamerica.pie.hotel.models.Hospede))
	  com.uniamerica.pie.hotel.models.Hospede(44).reservas -> DelayedCollectionInitializer(com.uniamerica.pie.hotel.models.Hospede(44).reservas)@1588736632 (PluralAttribute(com.uniamerica.pie.hotel.models.Hospede.reservas))

2024-12-04T18:49:31.012-03:00 DEBUG 3024 --- [hotel-silvania] [           main] org.hibernate.SQL                        : 
    select
        h1_0.id,
        h1_0.email,
        h1_0.nome 
    from
        hospede h1_0
Hibernate: 
    select
        h1_0.id,
        h1_0.email,
        h1_0.nome 
    from
        hospede h1_0
2024-12-04T18:49:31.015-03:00 DEBUG 3024 --- [hotel-silvania] [           main] org.hibernate.orm.results                : Extracted JDBC value [0] - [34]
2024-12-04T18:49:31.016-03:00 DEBUG 3024 --- [hotel-silvania] [           main] o.hibernate.orm.results.loading.entity   : (EntityResultInitializer) Hydrated EntityKey (com.uniamerica.pie.hotel.models.Hospede(44)): 34
2024-12-04T18:49:31.017-03:00 DEBUG 3024 --- [hotel-silvania] [           main] o.h.o.r.l.o.h.o.r.loading.collection     : (DelayedCollectionInitializer) Current row collection key : com.uniamerica.pie.hotel.models.Hospede(44).reservas#34
2024-12-04T18:49:31.018-03:00 DEBUG 3024 --- [hotel-silvania] [           main] o.hibernate.orm.results.loading.entity   : (EntityResultInitializer) Created new entity instance [com.uniamerica.pie.hotel.models.Hospede(44)#34] : 487457145
2024-12-04T18:49:31.022-03:00 DEBUG 3024 --- [hotel-silvania] [           main] org.hibernate.orm.results                : Extracted JDBC value [1] - [ana@exemplo.com]
2024-12-04T18:49:31.022-03:00 DEBUG 3024 --- [hotel-silvania] [           main] org.hibernate.orm.results                : Extracted JDBC value [2] - [Ana Silva]
2024-12-04T18:49:31.027-03:00 DEBUG 3024 --- [hotel-silvania] [           main] o.hibernate.orm.results.loading.entity   : (EntityResultInitializer) Done materializing entityInstance : com.uniamerica.pie.hotel.models.Hospede(44)#34
2024-12-04T18:49:31.027-03:00 DEBUG 3024 --- [hotel-silvania] [           main] org.hibernate.orm.results.loading        : Calling top-level assembler (0 / 1) : org.hibernate.sql.results.graph.entity.internal.EntityAssembler@66ccaf1c
2024-12-04T18:49:31.027-03:00 DEBUG 3024 --- [hotel-silvania] [           main] org.hibernate.orm.results                : Extracted JDBC value [0] - [36]
2024-12-04T18:49:31.028-03:00 DEBUG 3024 --- [hotel-silvania] [           main] o.hibernate.orm.results.loading.entity   : (EntityResultInitializer) Hydrated EntityKey (com.uniamerica.pie.hotel.models.Hospede(44)): 36
2024-12-04T18:49:31.028-03:00 DEBUG 3024 --- [hotel-silvania] [           main] o.h.o.r.l.o.h.o.r.loading.collection     : (DelayedCollectionInitializer) Current row collection key : com.uniamerica.pie.hotel.models.Hospede(44).reservas#36
2024-12-04T18:49:31.028-03:00 DEBUG 3024 --- [hotel-silvania] [           main] o.hibernate.orm.results.loading.entity   : (EntityResultInitializer) Created new entity instance [com.uniamerica.pie.hotel.models.Hospede(44)#36] : 1864693811
2024-12-04T18:49:31.028-03:00 DEBUG 3024 --- [hotel-silvania] [           main] org.hibernate.orm.results                : Extracted JDBC value [1] - [fer@gmail.com]
2024-12-04T18:49:31.028-03:00 DEBUG 3024 --- [hotel-silvania] [           main] org.hibernate.orm.results                : Extracted JDBC value [2] - [fer]
2024-12-04T18:49:31.028-03:00 DEBUG 3024 --- [hotel-silvania] [           main] o.hibernate.orm.results.loading.entity   : (EntityResultInitializer) Done materializing entityInstance : com.uniamerica.pie.hotel.models.Hospede(44)#36
2024-12-04T18:49:31.028-03:00 DEBUG 3024 --- [hotel-silvania] [           main] org.hibernate.orm.results.loading        : Calling top-level assembler (0 / 1) : org.hibernate.sql.results.graph.entity.internal.EntityAssembler@66ccaf1c
2024-12-04T18:49:31.028-03:00 DEBUG 3024 --- [hotel-silvania] [           main] org.hibernate.orm.results                : Extracted JDBC value [0] - [37]
2024-12-04T18:49:31.028-03:00 DEBUG 3024 --- [hotel-silvania] [           main] o.hibernate.orm.results.loading.entity   : (EntityResultInitializer) Hydrated EntityKey (com.uniamerica.pie.hotel.models.Hospede(44)): 37
2024-12-04T18:49:31.028-03:00 DEBUG 3024 --- [hotel-silvania] [           main] o.h.o.r.l.o.h.o.r.loading.collection     : (DelayedCollectionInitializer) Current row collection key : com.uniamerica.pie.hotel.models.Hospede(44).reservas#37
2024-12-04T18:49:31.028-03:00 DEBUG 3024 --- [hotel-silvania] [           main] o.hibernate.orm.results.loading.entity   : (EntityResultInitializer) Created new entity instance [com.uniamerica.pie.hotel.models.Hospede(44)#37] : 1609999962
2024-12-04T18:49:31.028-03:00 DEBUG 3024 --- [hotel-silvania] [           main] org.hibernate.orm.results                : Extracted JDBC value [1] - [hdhd@gmail.com]
2024-12-04T18:49:31.028-03:00 DEBUG 3024 --- [hotel-silvania] [           main] org.hibernate.orm.results                : Extracted JDBC value [2] - [hdhd]
2024-12-04T18:49:31.028-03:00 DEBUG 3024 --- [hotel-silvania] [           main] o.hibernate.orm.results.loading.entity   : (EntityResultInitializer) Done materializing entityInstance : com.uniamerica.pie.hotel.models.Hospede(44)#37
2024-12-04T18:49:31.028-03:00 DEBUG 3024 --- [hotel-silvania] [           main] org.hibernate.orm.results.loading        : Calling top-level assembler (0 / 1) : org.hibernate.sql.results.graph.entity.internal.EntityAssembler@66ccaf1c
2024-12-04T18:49:31.028-03:00 DEBUG 3024 --- [hotel-silvania] [           main] o.h.j.internal.PersistenceUnitUtilImpl   : jakarta.persistence.PersistenceUnitUtil.getIdentifier is only intended to work with enhanced entities (although Hibernate also adapts this support to its proxies); however the passed entity was not enhanced (nor a proxy).. may not be able to read identifier
2024-12-04T18:49:31.035-03:00 DEBUG 3024 --- [hotel-silvania] [           main] o.h.j.internal.PersistenceUnitUtilImpl   : jakarta.persistence.PersistenceUnitUtil.getIdentifier is only intended to work with enhanced entities (although Hibernate also adapts this support to its proxies); however the passed entity was not enhanced (nor a proxy).. may not be able to read identifier
2024-12-04T18:49:31.035-03:00 DEBUG 3024 --- [hotel-silvania] [           main] o.h.j.internal.PersistenceUnitUtilImpl   : jakarta.persistence.PersistenceUnitUtil.getIdentifier is only intended to work with enhanced entities (although Hibernate also adapts this support to its proxies); however the passed entity was not enhanced (nor a proxy).. may not be able to read identifier
2024-12-04T18:49:31.035-03:00 DEBUG 3024 --- [hotel-silvania] [           main] o.s.orm.jpa.JpaTransactionManager        : Initiating transaction commit
2024-12-04T18:49:31.035-03:00 DEBUG 3024 --- [hotel-silvania] [           main] o.s.orm.jpa.JpaTransactionManager        : Committing JPA transaction on EntityManager [SessionImpl(1663863737<open>)]
2024-12-04T18:49:31.035-03:00 DEBUG 3024 --- [hotel-silvania] [           main] o.h.e.t.internal.TransactionImpl         : committing
2024-12-04T18:49:31.035-03:00 DEBUG 3024 --- [hotel-silvania] [           main] o.h.e.i.AbstractFlushingEventListener    : Processing flush-time cascades
2024-12-04T18:49:31.036-03:00 DEBUG 3024 --- [hotel-silvania] [           main] o.h.e.i.AbstractFlushingEventListener    : Dirty checking collections
2024-12-04T18:49:31.038-03:00 DEBUG 3024 --- [hotel-silvania] [           main] o.hibernate.engine.internal.Collections  : Collection dereferenced: [com.uniamerica.pie.hotel.models.Hospede.reservas#34]
2024-12-04T18:49:31.038-03:00 DEBUG 3024 --- [hotel-silvania] [           main] o.hibernate.engine.internal.Collections  : Collection dereferenced: [com.uniamerica.pie.hotel.models.Hospede.reservas#36]
2024-12-04T18:49:31.038-03:00 DEBUG 3024 --- [hotel-silvania] [           main] o.hibernate.engine.internal.Collections  : Collection dereferenced: [com.uniamerica.pie.hotel.models.Hospede.reservas#37]
2024-12-04T18:49:31.040-03:00 DEBUG 3024 --- [hotel-silvania] [           main] o.h.e.i.AbstractFlushingEventListener    : Flushed: 0 insertions, 0 updates, 3 deletions to 3 objects
2024-12-04T18:49:31.040-03:00 DEBUG 3024 --- [hotel-silvania] [           main] o.h.e.i.AbstractFlushingEventListener    : Flushed: 0 (re)creations, 0 updates, 3 removals to 3 collections
2024-12-04T18:49:31.041-03:00 DEBUG 3024 --- [hotel-silvania] [           main] o.hibernate.internal.util.EntityPrinter  : Listing entities:
2024-12-04T18:49:31.041-03:00 DEBUG 3024 --- [hotel-silvania] [           main] o.hibernate.internal.util.EntityPrinter  : com.uniamerica.pie.hotel.models.Hospede{reservas=<uninitialized>, nome=hdhd, id=37, email=hdhd@gmail.com}
2024-12-04T18:49:31.041-03:00 DEBUG 3024 --- [hotel-silvania] [           main] o.hibernate.internal.util.EntityPrinter  : com.uniamerica.pie.hotel.models.Hospede{reservas=<uninitialized>, nome=fer, id=36, email=fer@gmail.com}
2024-12-04T18:49:31.041-03:00 DEBUG 3024 --- [hotel-silvania] [           main] o.hibernate.internal.util.EntityPrinter  : com.uniamerica.pie.hotel.models.Hospede{reservas=<uninitialized>, nome=Ana Silva, id=34, email=ana@exemplo.com}
2024-12-04T18:49:31.048-03:00 DEBUG 3024 --- [hotel-silvania] [           main] org.hibernate.SQL                        : 
    delete 
    from
        hospede 
    where
        id=?
Hibernate: 
    delete 
    from
        hospede 
    where
        id=?
2024-12-04T18:49:31.056-03:00 DEBUG 3024 --- [hotel-silvania] [           main] org.hibernate.SQL                        : 
    delete 
    from
        hospede 
    where
        id=?
Hibernate: 
    delete 
    from
        hospede 
    where
        id=?
2024-12-04T18:49:31.057-03:00 DEBUG 3024 --- [hotel-silvania] [           main] org.hibernate.SQL                        : 
    delete 
    from
        hospede 
    where
        id=?
Hibernate: 
    delete 
    from
        hospede 
    where
        id=?
2024-12-04T18:49:31.059-03:00 DEBUG 3024 --- [hotel-silvania] [           main] o.s.orm.jpa.JpaTransactionManager        : Closing JPA EntityManager [SessionImpl(1663863737<open>)] after transaction
2024-12-04T18:49:31.060-03:00 DEBUG 3024 --- [hotel-silvania] [           main] org.springframework.test.context.cache   : Spring test ApplicationContext cache statistics: [DefaultContextCache@2d471a7d size = 1, maxSize = 32, parentContextCount = 0, hitCount = 19, missCount = 1, failureCount = 0]
2024-12-04T18:49:31.060-03:00 DEBUG 3024 --- [hotel-silvania] [           main] o.s.orm.jpa.JpaTransactionManager        : Creating new transaction with name [org.springframework.data.jpa.repository.support.SimpleJpaRepository.saveAndFlush]: PROPAGATION_REQUIRED,ISOLATION_DEFAULT
2024-12-04T18:49:31.060-03:00 DEBUG 3024 --- [hotel-silvania] [           main] o.s.orm.jpa.JpaTransactionManager        : Opened new EntityManager [SessionImpl(627052128<open>)] for JPA transaction
2024-12-04T18:49:31.060-03:00 DEBUG 3024 --- [hotel-silvania] [           main] o.h.e.t.internal.TransactionImpl         : On TransactionImpl creation, JpaCompliance#isJpaTransactionComplianceEnabled == false
2024-12-04T18:49:31.060-03:00 DEBUG 3024 --- [hotel-silvania] [           main] o.h.e.t.internal.TransactionImpl         : begin
2024-12-04T18:49:31.061-03:00 DEBUG 3024 --- [hotel-silvania] [           main] o.s.orm.jpa.JpaTransactionManager        : Exposing JPA transaction as JDBC [org.springframework.orm.jpa.vendor.HibernateJpaDialect$HibernateConnectionHandle@416a9223]
2024-12-04T18:49:31.061-03:00 DEBUG 3024 --- [hotel-silvania] [           main] o.h.j.internal.PersistenceUnitUtilImpl   : jakarta.persistence.PersistenceUnitUtil.getIdentifier is only intended to work with enhanced entities (although Hibernate also adapts this support to its proxies); however the passed entity was not enhanced (nor a proxy).. may not be able to read identifier
2024-12-04T18:49:31.064-03:00 DEBUG 3024 --- [hotel-silvania] [           main] org.hibernate.engine.spi.ActionQueue     : Executing identity-insert immediately
2024-12-04T18:49:31.072-03:00 DEBUG 3024 --- [hotel-silvania] [           main] org.hibernate.SQL                        : 
    insert 
    into
        hospede
        (email, nome) 
    values
        (?, ?)
Hibernate: 
    insert 
    into
        hospede
        (email, nome) 
    values
        (?, ?)
2024-12-04T18:49:31.077-03:00 DEBUG 3024 --- [hotel-silvania] [           main] org.hibernate.orm.results                : Initializer list is empty
2024-12-04T18:49:31.077-03:00 DEBUG 3024 --- [hotel-silvania] [           main] org.hibernate.orm.results.loading        : Calling top-level assembler (0 / 1) : org.hibernate.sql.results.graph.basic.BasicResultAssembler@19380c83
2024-12-04T18:49:31.078-03:00 DEBUG 3024 --- [hotel-silvania] [           main] org.hibernate.orm.results                : Extracted JDBC value [0] - [38]
2024-12-04T18:49:31.078-03:00 DEBUG 3024 --- [hotel-silvania] [           main] o.h.id.IdentifierGeneratorHelper         : Extracted generated values [com.uniamerica.pie.hotel.models.Hospede]: [Ljava.lang.Object;@23353f43
2024-12-04T18:49:31.079-03:00 DEBUG 3024 --- [hotel-silvania] [           main] o.h.e.i.AbstractFlushingEventListener    : Processing flush-time cascades
2024-12-04T18:49:31.079-03:00 DEBUG 3024 --- [hotel-silvania] [           main] o.h.e.i.AbstractFlushingEventListener    : Dirty checking collections
2024-12-04T18:49:31.079-03:00 DEBUG 3024 --- [hotel-silvania] [           main] o.h.e.i.AbstractFlushingEventListener    : Flushed: 0 insertions, 0 updates, 0 deletions to 1 objects
2024-12-04T18:49:31.079-03:00 DEBUG 3024 --- [hotel-silvania] [           main] o.h.e.i.AbstractFlushingEventListener    : Flushed: 0 (re)creations, 0 updates, 0 removals to 0 collections
2024-12-04T18:49:31.079-03:00 DEBUG 3024 --- [hotel-silvania] [           main] o.hibernate.internal.util.EntityPrinter  : Listing entities:
2024-12-04T18:49:31.079-03:00 DEBUG 3024 --- [hotel-silvania] [           main] o.hibernate.internal.util.EntityPrinter  : com.uniamerica.pie.hotel.models.Hospede{reservas=null, nome=Ana Silva, id=38, email=ana@exemplo.com}
2024-12-04T18:49:31.079-03:00 DEBUG 3024 --- [hotel-silvania] [           main] o.s.orm.jpa.JpaTransactionManager        : Initiating transaction commit
2024-12-04T18:49:31.079-03:00 DEBUG 3024 --- [hotel-silvania] [           main] o.s.orm.jpa.JpaTransactionManager        : Committing JPA transaction on EntityManager [SessionImpl(627052128<open>)]
2024-12-04T18:49:31.079-03:00 DEBUG 3024 --- [hotel-silvania] [           main] o.h.e.t.internal.TransactionImpl         : committing
2024-12-04T18:49:31.079-03:00 DEBUG 3024 --- [hotel-silvania] [           main] o.h.e.i.AbstractFlushingEventListener    : Processing flush-time cascades
2024-12-04T18:49:31.079-03:00 DEBUG 3024 --- [hotel-silvania] [           main] o.h.e.i.AbstractFlushingEventListener    : Dirty checking collections
2024-12-04T18:49:31.079-03:00 DEBUG 3024 --- [hotel-silvania] [           main] o.h.e.i.AbstractFlushingEventListener    : Flushed: 0 insertions, 0 updates, 0 deletions to 1 objects
2024-12-04T18:49:31.079-03:00 DEBUG 3024 --- [hotel-silvania] [           main] o.h.e.i.AbstractFlushingEventListener    : Flushed: 0 (re)creations, 0 updates, 0 removals to 0 collections
2024-12-04T18:49:31.079-03:00 DEBUG 3024 --- [hotel-silvania] [           main] o.hibernate.internal.util.EntityPrinter  : Listing entities:
2024-12-04T18:49:31.079-03:00 DEBUG 3024 --- [hotel-silvania] [           main] o.hibernate.internal.util.EntityPrinter  : com.uniamerica.pie.hotel.models.Hospede{reservas=null, nome=Ana Silva, id=38, email=ana@exemplo.com}
2024-12-04T18:49:31.080-03:00 DEBUG 3024 --- [hotel-silvania] [           main] o.s.orm.jpa.JpaTransactionManager        : Closing JPA EntityManager [SessionImpl(627052128<open>)] after transaction
2024-12-04T18:49:31.083-03:00 DEBUG 3024 --- [hotel-silvania] [           main] o.s.orm.jpa.JpaTransactionManager        : Creating new transaction with name [org.springframework.data.jpa.repository.support.SimpleJpaRepository.saveAndFlush]: PROPAGATION_REQUIRED,ISOLATION_DEFAULT
2024-12-04T18:49:31.083-03:00 DEBUG 3024 --- [hotel-silvania] [           main] o.s.orm.jpa.JpaTransactionManager        : Opened new EntityManager [SessionImpl(1297332692<open>)] for JPA transaction
2024-12-04T18:49:31.083-03:00 DEBUG 3024 --- [hotel-silvania] [           main] o.h.e.t.internal.TransactionImpl         : On TransactionImpl creation, JpaCompliance#isJpaTransactionComplianceEnabled == false
2024-12-04T18:49:31.083-03:00 DEBUG 3024 --- [hotel-silvania] [           main] o.h.e.t.internal.TransactionImpl         : begin
2024-12-04T18:49:31.083-03:00 DEBUG 3024 --- [hotel-silvania] [           main] o.s.orm.jpa.JpaTransactionManager        : Exposing JPA transaction as JDBC [org.springframework.orm.jpa.vendor.HibernateJpaDialect$HibernateConnectionHandle@4d571e3e]
2024-12-04T18:49:31.083-03:00 DEBUG 3024 --- [hotel-silvania] [           main] o.h.j.internal.PersistenceUnitUtilImpl   : jakarta.persistence.PersistenceUnitUtil.getIdentifier is only intended to work with enhanced entities (although Hibernate also adapts this support to its proxies); however the passed entity was not enhanced (nor a proxy).. may not be able to read identifier
2024-12-04T18:49:31.084-03:00 DEBUG 3024 --- [hotel-silvania] [           main] org.hibernate.engine.spi.ActionQueue     : Executing identity-insert immediately
2024-12-04T18:49:31.084-03:00 DEBUG 3024 --- [hotel-silvania] [           main] org.hibernate.SQL                        : 
    insert 
    into
        hospede
        (email, nome) 
    values
        (?, ?)
Hibernate: 
    insert 
    into
        hospede
        (email, nome) 
    values
        (?, ?)
2024-12-04T18:49:31.109-03:00 DEBUG 3024 --- [hotel-silvania] [           main] o.h.engine.jdbc.spi.SqlExceptionHelper   : could not execute statement [insert into hospede (email,nome) values (?,?)]

java.sql.SQLIntegrityConstraintViolationException: Duplicate entry 'ana@exemplo.com' for key 'hospede.UKai798jdhf53boitstv2c7puct'
	at com.mysql.cj.jdbc.exceptions.SQLError.createSQLException(SQLError.java:118) ~[mysql-connector-j-8.3.0.jar:8.3.0]
	at com.mysql.cj.jdbc.exceptions.SQLExceptionsMapping.translateException(SQLExceptionsMapping.java:122) ~[mysql-connector-j-8.3.0.jar:8.3.0]
	at com.mysql.cj.jdbc.ClientPreparedStatement.executeInternal(ClientPreparedStatement.java:912) ~[mysql-connector-j-8.3.0.jar:8.3.0]
	at com.mysql.cj.jdbc.ClientPreparedStatement.executeUpdateInternal(ClientPreparedStatement.java:1054) ~[mysql-connector-j-8.3.0.jar:8.3.0]
	at com.mysql.cj.jdbc.ClientPreparedStatement.executeUpdateInternal(ClientPreparedStatement.java:1003) ~[mysql-connector-j-8.3.0.jar:8.3.0]
	at com.mysql.cj.jdbc.ClientPreparedStatement.executeLargeUpdate(ClientPreparedStatement.java:1312) ~[mysql-connector-j-8.3.0.jar:8.3.0]
	at com.mysql.cj.jdbc.ClientPreparedStatement.executeUpdate(ClientPreparedStatement.java:988) ~[mysql-connector-j-8.3.0.jar:8.3.0]
	at com.zaxxer.hikari.pool.ProxyPreparedStatement.executeUpdate(ProxyPreparedStatement.java:61) ~[HikariCP-5.1.0.jar:na]
	at com.zaxxer.hikari.pool.HikariProxyPreparedStatement.executeUpdate(HikariProxyPreparedStatement.java) ~[HikariCP-5.1.0.jar:na]
	at org.hibernate.engine.jdbc.internal.ResultSetReturnImpl.executeUpdate(ResultSetReturnImpl.java:194) ~[hibernate-core-6.5.3.Final.jar:6.5.3.Final]
	at org.hibernate.id.insert.GetGeneratedKeysDelegate.performMutation(GetGeneratedKeysDelegate.java:116) ~[hibernate-core-6.5.3.Final.jar:6.5.3.Final]
	at org.hibernate.engine.jdbc.mutation.internal.MutationExecutorSingleNonBatched.performNonBatchedOperations(MutationExecutorSingleNonBatched.java:47) ~[hibernate-core-6.5.3.Final.jar:6.5.3.Final]
	at org.hibernate.engine.jdbc.mutation.internal.AbstractMutationExecutor.execute(AbstractMutationExecutor.java:55) ~[hibernate-core-6.5.3.Final.jar:6.5.3.Final]
	at org.hibernate.persister.entity.mutation.InsertCoordinatorStandard.doStaticInserts(InsertCoordinatorStandard.java:194) ~[hibernate-core-6.5.3.Final.jar:6.5.3.Final]
	at org.hibernate.persister.entity.mutation.InsertCoordinatorStandard.coordinateInsert(InsertCoordinatorStandard.java:132) ~[hibernate-core-6.5.3.Final.jar:6.5.3.Final]
	at org.hibernate.persister.entity.mutation.InsertCoordinatorStandard.insert(InsertCoordinatorStandard.java:95) ~[hibernate-core-6.5.3.Final.jar:6.5.3.Final]
	at org.hibernate.action.internal.EntityIdentityInsertAction.execute(EntityIdentityInsertAction.java:85) ~[hibernate-core-6.5.3.Final.jar:6.5.3.Final]
	at org.hibernate.engine.spi.ActionQueue.execute(ActionQueue.java:671) ~[hibernate-core-6.5.3.Final.jar:6.5.3.Final]
	at org.hibernate.engine.spi.ActionQueue.addResolvedEntityInsertAction(ActionQueue.java:292) ~[hibernate-core-6.5.3.Final.jar:6.5.3.Final]
	at org.hibernate.engine.spi.ActionQueue.addInsertAction(ActionQueue.java:273) ~[hibernate-core-6.5.3.Final.jar:6.5.3.Final]
	at org.hibernate.engine.spi.ActionQueue.addAction(ActionQueue.java:323) ~[hibernate-core-6.5.3.Final.jar:6.5.3.Final]
	at org.hibernate.event.internal.AbstractSaveEventListener.addInsertAction(AbstractSaveEventListener.java:391) ~[hibernate-core-6.5.3.Final.jar:6.5.3.Final]
	at org.hibernate.event.internal.AbstractSaveEventListener.performSaveOrReplicate(AbstractSaveEventListener.java:305) ~[hibernate-core-6.5.3.Final.jar:6.5.3.Final]
	at org.hibernate.event.internal.AbstractSaveEventListener.performSave(AbstractSaveEventListener.java:224) ~[hibernate-core-6.5.3.Final.jar:6.5.3.Final]
	at org.hibernate.event.internal.AbstractSaveEventListener.saveWithGeneratedId(AbstractSaveEventListener.java:137) ~[hibernate-core-6.5.3.Final.jar:6.5.3.Final]
	at org.hibernate.event.internal.DefaultPersistEventListener.entityIsTransient(DefaultPersistEventListener.java:175) ~[hibernate-core-6.5.3.Final.jar:6.5.3.Final]
	at org.hibernate.event.internal.DefaultPersistEventListener.persist(DefaultPersistEventListener.java:93) ~[hibernate-core-6.5.3.Final.jar:6.5.3.Final]
	at org.hibernate.event.internal.DefaultPersistEventListener.onPersist(DefaultPersistEventListener.java:77) ~[hibernate-core-6.5.3.Final.jar:6.5.3.Final]
	at org.hibernate.event.internal.DefaultPersistEventListener.onPersist(DefaultPersistEventListener.java:54) ~[hibernate-core-6.5.3.Final.jar:6.5.3.Final]
	at org.hibernate.event.service.internal.EventListenerGroupImpl.fireEventOnEachListener(EventListenerGroupImpl.java:127) ~[hibernate-core-6.5.3.Final.jar:6.5.3.Final]
	at org.hibernate.internal.SessionImpl.firePersist(SessionImpl.java:757) ~[hibernate-core-6.5.3.Final.jar:6.5.3.Final]
	at org.hibernate.internal.SessionImpl.persist(SessionImpl.java:741) ~[hibernate-core-6.5.3.Final.jar:6.5.3.Final]
	at java.base/jdk.internal.reflect.DirectMethodHandleAccessor.invoke(DirectMethodHandleAccessor.java:103) ~[na:na]
	at java.base/java.lang.reflect.Method.invoke(Method.java:580) ~[na:na]
	at org.springframework.orm.jpa.SharedEntityManagerCreator$SharedEntityManagerInvocationHandler.invoke(SharedEntityManagerCreator.java:319) ~[spring-orm-6.1.15.jar:6.1.15]
	at jdk.proxy2/jdk.proxy2.$Proxy145.persist(Unknown Source) ~[na:na]
	at org.springframework.data.jpa.repository.support.SimpleJpaRepository.save(SimpleJpaRepository.java:628) ~[spring-data-jpa-3.3.6.jar:3.3.6]
	at org.springframework.data.jpa.repository.support.SimpleJpaRepository.saveAndFlush(SimpleJpaRepository.java:639) ~[spring-data-jpa-3.3.6.jar:3.3.6]
	at java.base/jdk.internal.reflect.DirectMethodHandleAccessor.invoke(DirectMethodHandleAccessor.java:103) ~[na:na]
	at java.base/java.lang.reflect.Method.invoke(Method.java:580) ~[na:na]
	at org.springframework.aop.support.AopUtils.invokeJoinpointUsingReflection(AopUtils.java:355) ~[spring-aop-6.1.15.jar:6.1.15]
	at org.springframework.data.repository.core.support.RepositoryMethodInvoker$RepositoryFragmentMethodInvoker.lambda$new$0(RepositoryMethodInvoker.java:277) ~[spring-data-commons-3.3.6.jar:3.3.6]
	at org.springframework.data.repository.core.support.RepositoryMethodInvoker.doInvoke(RepositoryMethodInvoker.java:170) ~[spring-data-commons-3.3.6.jar:3.3.6]
	at org.springframework.data.repository.core.support.RepositoryMethodInvoker.invoke(RepositoryMethodInvoker.java:158) ~[spring-data-commons-3.3.6.jar:3.3.6]
	at org.springframework.data.repository.core.support.RepositoryComposition$RepositoryFragments.invoke(RepositoryComposition.java:516) ~[spring-data-commons-3.3.6.jar:3.3.6]
	at org.springframework.data.repository.core.support.RepositoryComposition.invoke(RepositoryComposition.java:285) ~[spring-data-commons-3.3.6.jar:3.3.6]
	at org.springframework.data.repository.core.support.RepositoryFactorySupport$ImplementationMethodExecutionInterceptor.invoke(RepositoryFactorySupport.java:628) ~[spring-data-commons-3.3.6.jar:3.3.6]
	at org.springframework.aop.framework.ReflectiveMethodInvocation.proceed(ReflectiveMethodInvocation.java:184) ~[spring-aop-6.1.15.jar:6.1.15]
	at org.springframework.data.repository.core.support.QueryExecutorMethodInterceptor.doInvoke(QueryExecutorMethodInterceptor.java:173) ~[spring-data-commons-3.3.6.jar:3.3.6]
	at org.springframework.data.repository.core.support.QueryExecutorMethodInterceptor.invoke(QueryExecutorMethodInterceptor.java:148) ~[spring-data-commons-3.3.6.jar:3.3.6]
	at org.springframework.aop.framework.ReflectiveMethodInvocation.proceed(ReflectiveMethodInvocation.java:184) ~[spring-aop-6.1.15.jar:6.1.15]
	at org.springframework.data.projection.DefaultMethodInvokingMethodInterceptor.invoke(DefaultMethodInvokingMethodInterceptor.java:70) ~[spring-data-commons-3.3.6.jar:3.3.6]
	at org.springframework.aop.framework.ReflectiveMethodInvocation.proceed(ReflectiveMethodInvocation.java:184) ~[spring-aop-6.1.15.jar:6.1.15]
	at org.springframework.transaction.interceptor.TransactionAspectSupport.invokeWithinTransaction(TransactionAspectSupport.java:379) ~[spring-tx-6.1.15.jar:6.1.15]
	at org.springframework.transaction.interceptor.TransactionInterceptor.invoke(TransactionInterceptor.java:119) ~[spring-tx-6.1.15.jar:6.1.15]
	at org.springframework.aop.framework.ReflectiveMethodInvocation.proceed(ReflectiveMethodInvocation.java:184) ~[spring-aop-6.1.15.jar:6.1.15]
	at org.springframework.dao.support.PersistenceExceptionTranslationInterceptor.invoke(PersistenceExceptionTranslationInterceptor.java:138) ~[spring-tx-6.1.15.jar:6.1.15]
	at org.springframework.aop.framework.ReflectiveMethodInvocation.proceed(ReflectiveMethodInvocation.java:184) ~[spring-aop-6.1.15.jar:6.1.15]
	at org.springframework.data.jpa.repository.support.CrudMethodMetadataPostProcessor$CrudMethodMetadataPopulatingMethodInterceptor.invoke(CrudMethodMetadataPostProcessor.java:165) ~[spring-data-jpa-3.3.6.jar:3.3.6]
	at org.springframework.aop.framework.ReflectiveMethodInvocation.proceed(ReflectiveMethodInvocation.java:184) ~[spring-aop-6.1.15.jar:6.1.15]
	at org.springframework.aop.interceptor.ExposeInvocationInterceptor.invoke(ExposeInvocationInterceptor.java:97) ~[spring-aop-6.1.15.jar:6.1.15]
	at org.springframework.aop.framework.ReflectiveMethodInvocation.proceed(ReflectiveMethodInvocation.java:184) ~[spring-aop-6.1.15.jar:6.1.15]
	at org.springframework.aop.framework.JdkDynamicAopProxy.invoke(JdkDynamicAopProxy.java:223) ~[spring-aop-6.1.15.jar:6.1.15]
	at jdk.proxy2/jdk.proxy2.$Proxy155.saveAndFlush(Unknown Source) ~[na:na]
	at com.uniamerica.pie.hotel.repositories.HospedeRepositoryTest.lambda$testEmailDuplicadoNoBancoDeDados$0(HospedeRepositoryTest.java:41) ~[test-classes/:na]
	at org.junit.jupiter.api.AssertThrows.assertThrows(AssertThrows.java:53) ~[junit-jupiter-api-5.10.5.jar:5.10.5]
	at org.junit.jupiter.api.AssertThrows.assertThrows(AssertThrows.java:35) ~[junit-jupiter-api-5.10.5.jar:5.10.5]
	at org.junit.jupiter.api.Assertions.assertThrows(Assertions.java:3115) ~[junit-jupiter-api-5.10.5.jar:5.10.5]
	at com.uniamerica.pie.hotel.repositories.HospedeRepositoryTest.testEmailDuplicadoNoBancoDeDados(HospedeRepositoryTest.java:40) ~[test-classes/:na]
	at java.base/jdk.internal.reflect.DirectMethodHandleAccessor.invoke(DirectMethodHandleAccessor.java:103) ~[na:na]
	at java.base/java.lang.reflect.Method.invoke(Method.java:580) ~[na:na]
	at org.junit.platform.commons.util.ReflectionUtils.invokeMethod(ReflectionUtils.java:728) ~[junit-platform-commons-1.10.5.jar:1.10.5]
	at org.junit.jupiter.engine.execution.MethodInvocation.proceed(MethodInvocation.java:60) ~[junit-jupiter-engine-5.10.5.jar:5.10.5]
	at org.junit.jupiter.engine.execution.InvocationInterceptorChain$ValidatingInvocation.proceed(InvocationInterceptorChain.java:131) ~[junit-jupiter-engine-5.10.5.jar:5.10.5]
	at org.junit.jupiter.engine.extension.TimeoutExtension.intercept(TimeoutExtension.java:156) ~[junit-jupiter-engine-5.10.5.jar:5.10.5]
	at org.junit.jupiter.engine.extension.TimeoutExtension.interceptTestableMethod(TimeoutExtension.java:147) ~[junit-jupiter-engine-5.10.5.jar:5.10.5]
	at org.junit.jupiter.engine.extension.TimeoutExtension.interceptTestMethod(TimeoutExtension.java:86) ~[junit-jupiter-engine-5.10.5.jar:5.10.5]
	at org.junit.jupiter.engine.execution.InterceptingExecutableInvoker$ReflectiveInterceptorCall.lambda$ofVoidMethod$0(InterceptingExecutableInvoker.java:103) ~[junit-jupiter-engine-5.10.5.jar:5.10.5]
	at org.junit.jupiter.engine.execution.InterceptingExecutableInvoker.lambda$invoke$0(InterceptingExecutableInvoker.java:93) ~[junit-jupiter-engine-5.10.5.jar:5.10.5]
	at org.junit.jupiter.engine.execution.InvocationInterceptorChain$InterceptedInvocation.proceed(InvocationInterceptorChain.java:106) ~[junit-jupiter-engine-5.10.5.jar:5.10.5]
	at org.junit.jupiter.engine.execution.InvocationInterceptorChain.proceed(InvocationInterceptorChain.java:64) ~[junit-jupiter-engine-5.10.5.jar:5.10.5]
	at org.junit.jupiter.engine.execution.InvocationInterceptorChain.chainAndInvoke(InvocationInterceptorChain.java:45) ~[junit-jupiter-engine-5.10.5.jar:5.10.5]
	at org.junit.jupiter.engine.execution.InvocationInterceptorChain.invoke(InvocationInterceptorChain.java:37) ~[junit-jupiter-engine-5.10.5.jar:5.10.5]
	at org.junit.jupiter.engine.execution.InterceptingExecutableInvoker.invoke(InterceptingExecutableInvoker.java:92) ~[junit-jupiter-engine-5.10.5.jar:5.10.5]
	at org.junit.jupiter.engine.execution.InterceptingExecutableInvoker.invoke(InterceptingExecutableInvoker.java:86) ~[junit-jupiter-engine-5.10.5.jar:5.10.5]
	at org.junit.jupiter.engine.descriptor.TestMethodTestDescriptor.lambda$invokeTestMethod$7(TestMethodTestDescriptor.java:218) ~[junit-jupiter-engine-5.10.5.jar:5.10.5]
	at org.junit.platform.engine.support.hierarchical.ThrowableCollector.execute(ThrowableCollector.java:73) ~[junit-platform-engine-1.10.5.jar:1.10.5]
	at org.junit.jupiter.engine.descriptor.TestMethodTestDescriptor.invokeTestMethod(TestMethodTestDescriptor.java:214) ~[junit-jupiter-engine-5.10.5.jar:5.10.5]
	at org.junit.jupiter.engine.descriptor.TestMethodTestDescriptor.execute(TestMethodTestDescriptor.java:139) ~[junit-jupiter-engine-5.10.5.jar:5.10.5]
	at org.junit.jupiter.engine.descriptor.TestMethodTestDescriptor.execute(TestMethodTestDescriptor.java:69) ~[junit-jupiter-engine-5.10.5.jar:5.10.5]
	at org.junit.platform.engine.support.hierarchical.NodeTestTask.lambda$executeRecursively$6(NodeTestTask.java:156) ~[junit-platform-engine-1.10.5.jar:1.10.5]
	at org.junit.platform.engine.support.hierarchical.ThrowableCollector.execute(ThrowableCollector.java:73) ~[junit-platform-engine-1.10.5.jar:1.10.5]
	at org.junit.platform.engine.support.hierarchical.NodeTestTask.lambda$executeRecursively$8(NodeTestTask.java:146) ~[junit-platform-engine-1.10.5.jar:1.10.5]
	at org.junit.platform.engine.support.hierarchical.Node.around(Node.java:137) ~[junit-platform-engine-1.10.5.jar:1.10.5]
	at org.junit.platform.engine.support.hierarchical.NodeTestTask.lambda$executeRecursively$9(NodeTestTask.java:144) ~[junit-platform-engine-1.10.5.jar:1.10.5]
	at org.junit.platform.engine.support.hierarchical.ThrowableCollector.execute(ThrowableCollector.java:73) ~[junit-platform-engine-1.10.5.jar:1.10.5]
	at org.junit.platform.engine.support.hierarchical.NodeTestTask.executeRecursively(NodeTestTask.java:143) ~[junit-platform-engine-1.10.5.jar:1.10.5]
	at org.junit.platform.engine.support.hierarchical.NodeTestTask.execute(NodeTestTask.java:100) ~[junit-platform-engine-1.10.5.jar:1.10.5]
	at java.base/java.util.ArrayList.forEach(ArrayList.java:1597) ~[na:na]
	at org.junit.platform.engine.support.hierarchical.SameThreadHierarchicalTestExecutorService.invokeAll(SameThreadHierarchicalTestExecutorService.java:41) ~[junit-platform-engine-1.10.5.jar:1.10.5]
	at org.junit.platform.engine.support.hierarchical.NodeTestTask.lambda$executeRecursively$6(NodeTestTask.java:160) ~[junit-platform-engine-1.10.5.jar:1.10.5]
	at org.junit.platform.engine.support.hierarchical.ThrowableCollector.execute(ThrowableCollector.java:73) ~[junit-platform-engine-1.10.5.jar:1.10.5]
	at org.junit.platform.engine.support.hierarchical.NodeTestTask.lambda$executeRecursively$8(NodeTestTask.java:146) ~[junit-platform-engine-1.10.5.jar:1.10.5]
	at org.junit.platform.engine.support.hierarchical.Node.around(Node.java:137) ~[junit-platform-engine-1.10.5.jar:1.10.5]
	at org.junit.platform.engine.support.hierarchical.NodeTestTask.lambda$executeRecursively$9(NodeTestTask.java:144) ~[junit-platform-engine-1.10.5.jar:1.10.5]
	at org.junit.platform.engine.support.hierarchical.ThrowableCollector.execute(ThrowableCollector.java:73) ~[junit-platform-engine-1.10.5.jar:1.10.5]
	at org.junit.platform.engine.support.hierarchical.NodeTestTask.executeRecursively(NodeTestTask.java:143) ~[junit-platform-engine-1.10.5.jar:1.10.5]
	at org.junit.platform.engine.support.hierarchical.NodeTestTask.execute(NodeTestTask.java:100) ~[junit-platform-engine-1.10.5.jar:1.10.5]
	at java.base/java.util.ArrayList.forEach(ArrayList.java:1597) ~[na:na]
	at org.junit.platform.engine.support.hierarchical.SameThreadHierarchicalTestExecutorService.invokeAll(SameThreadHierarchicalTestExecutorService.java:41) ~[junit-platform-engine-1.10.5.jar:1.10.5]
	at org.junit.platform.engine.support.hierarchical.NodeTestTask.lambda$executeRecursively$6(NodeTestTask.java:160) ~[junit-platform-engine-1.10.5.jar:1.10.5]
	at org.junit.platform.engine.support.hierarchical.ThrowableCollector.execute(ThrowableCollector.java:73) ~[junit-platform-engine-1.10.5.jar:1.10.5]
	at org.junit.platform.engine.support.hierarchical.NodeTestTask.lambda$executeRecursively$8(NodeTestTask.java:146) ~[junit-platform-engine-1.10.5.jar:1.10.5]
	at org.junit.platform.engine.support.hierarchical.Node.around(Node.java:137) ~[junit-platform-engine-1.10.5.jar:1.10.5]
	at org.junit.platform.engine.support.hierarchical.NodeTestTask.lambda$executeRecursively$9(NodeTestTask.java:144) ~[junit-platform-engine-1.10.5.jar:1.10.5]
	at org.junit.platform.engine.support.hierarchical.ThrowableCollector.execute(ThrowableCollector.java:73) ~[junit-platform-engine-1.10.5.jar:1.10.5]
	at org.junit.platform.engine.support.hierarchical.NodeTestTask.executeRecursively(NodeTestTask.java:143) ~[junit-platform-engine-1.10.5.jar:1.10.5]
	at org.junit.platform.engine.support.hierarchical.NodeTestTask.execute(NodeTestTask.java:100) ~[junit-platform-engine-1.10.5.jar:1.10.5]
	at org.junit.platform.engine.support.hierarchical.SameThreadHierarchicalTestExecutorService.submit(SameThreadHierarchicalTestExecutorService.java:35) ~[junit-platform-engine-1.10.5.jar:1.10.5]
	at org.junit.platform.engine.support.hierarchical.HierarchicalTestExecutor.execute(HierarchicalTestExecutor.java:57) ~[junit-platform-engine-1.10.5.jar:1.10.5]
	at org.junit.platform.engine.support.hierarchical.HierarchicalTestEngine.execute(HierarchicalTestEngine.java:54) ~[junit-platform-engine-1.10.5.jar:1.10.5]
	at org.junit.platform.launcher.core.EngineExecutionOrchestrator.execute(EngineExecutionOrchestrator.java:198) ~[junit-platform-launcher-1.10.5.jar:1.10.5]
	at org.junit.platform.launcher.core.EngineExecutionOrchestrator.execute(EngineExecutionOrchestrator.java:169) ~[junit-platform-launcher-1.10.5.jar:1.10.5]
	at org.junit.platform.launcher.core.EngineExecutionOrchestrator.execute(EngineExecutionOrchestrator.java:93) ~[junit-platform-launcher-1.10.5.jar:1.10.5]
	at org.junit.platform.launcher.core.EngineExecutionOrchestrator.lambda$execute$0(EngineExecutionOrchestrator.java:58) ~[junit-platform-launcher-1.10.5.jar:1.10.5]
	at org.junit.platform.launcher.core.EngineExecutionOrchestrator.withInterceptedStreams(EngineExecutionOrchestrator.java:141) ~[junit-platform-launcher-1.10.5.jar:1.10.5]
	at org.junit.platform.launcher.core.EngineExecutionOrchestrator.execute(EngineExecutionOrchestrator.java:57) ~[junit-platform-launcher-1.10.5.jar:1.10.5]
	at org.junit.platform.launcher.core.DefaultLauncher.execute(DefaultLauncher.java:103) ~[junit-platform-launcher-1.10.5.jar:1.10.5]
	at org.junit.platform.launcher.core.DefaultLauncher.execute(DefaultLauncher.java:85) ~[junit-platform-launcher-1.10.5.jar:1.10.5]
	at org.junit.platform.launcher.core.DelegatingLauncher.execute(DelegatingLauncher.java:47) ~[junit-platform-launcher-1.10.5.jar:1.10.5]
	at org.apache.maven.surefire.junitplatform.LazyLauncher.execute(LazyLauncher.java:56) ~[surefire-junit-platform-3.2.5.jar:3.2.5]
	at org.apache.maven.surefire.junitplatform.JUnitPlatformProvider.execute(JUnitPlatformProvider.java:184) ~[surefire-junit-platform-3.2.5.jar:3.2.5]
	at org.apache.maven.surefire.junitplatform.JUnitPlatformProvider.invokeAllTests(JUnitPlatformProvider.java:148) ~[surefire-junit-platform-3.2.5.jar:3.2.5]
	at org.apache.maven.surefire.junitplatform.JUnitPlatformProvider.invoke(JUnitPlatformProvider.java:122) ~[surefire-junit-platform-3.2.5.jar:3.2.5]
	at org.apache.maven.surefire.booter.ForkedBooter.runSuitesInProcess(ForkedBooter.java:385) ~[surefire-booter-3.2.5.jar:3.2.5]
	at org.apache.maven.surefire.booter.ForkedBooter.execute(ForkedBooter.java:162) ~[surefire-booter-3.2.5.jar:3.2.5]
	at org.apache.maven.surefire.booter.ForkedBooter.run(ForkedBooter.java:507) ~[surefire-booter-3.2.5.jar:3.2.5]
	at org.apache.maven.surefire.booter.ForkedBooter.main(ForkedBooter.java:495) ~[surefire-booter-3.2.5.jar:3.2.5]

2024-12-04T18:49:31.109-03:00  WARN 3024 --- [hotel-silvania] [           main] o.h.engine.jdbc.spi.SqlExceptionHelper   : SQL Error: 1062, SQLState: 23000
2024-12-04T18:49:31.109-03:00 ERROR 3024 --- [hotel-silvania] [           main] o.h.engine.jdbc.spi.SqlExceptionHelper   : Duplicate entry 'ana@exemplo.com' for key 'hospede.UKai798jdhf53boitstv2c7puct'
2024-12-04T18:49:31.111-03:00 DEBUG 3024 --- [hotel-silvania] [           main] cResourceLocalTransactionCoordinatorImpl : JDBC transaction marked for rollback-only (exception provided for stack trace)

java.lang.Exception: exception just for purpose of providing stack trace
	at org.hibernate.resource.transaction.backend.jdbc.internal.JdbcResourceLocalTransactionCoordinatorImpl$TransactionDriverControlImpl.markRollbackOnly(JdbcResourceLocalTransactionCoordinatorImpl.java:309) ~[hibernate-core-6.5.3.Final.jar:6.5.3.Final]
	at org.hibernate.engine.transaction.internal.TransactionImpl.markRollbackOnly(TransactionImpl.java:203) ~[hibernate-core-6.5.3.Final.jar:6.5.3.Final]
	at org.hibernate.internal.AbstractSharedSessionContract.markForRollbackOnly(AbstractSharedSessionContract.java:512) ~[hibernate-core-6.5.3.Final.jar:6.5.3.Final]
	at org.hibernate.internal.ExceptionConverterImpl.rollbackIfNecessary(ExceptionConverterImpl.java:264) ~[hibernate-core-6.5.3.Final.jar:6.5.3.Final]
	at org.hibernate.internal.ExceptionConverterImpl.convert(ExceptionConverterImpl.java:160) ~[hibernate-core-6.5.3.Final.jar:6.5.3.Final]
	at org.hibernate.internal.ExceptionConverterImpl.convert(ExceptionConverterImpl.java:167) ~[hibernate-core-6.5.3.Final.jar:6.5.3.Final]
	at org.hibernate.internal.ExceptionConverterImpl.convert(ExceptionConverterImpl.java:173) ~[hibernate-core-6.5.3.Final.jar:6.5.3.Final]
	at org.hibernate.internal.SessionImpl.firePersist(SessionImpl.java:763) ~[hibernate-core-6.5.3.Final.jar:6.5.3.Final]
	at org.hibernate.internal.SessionImpl.persist(SessionImpl.java:741) ~[hibernate-core-6.5.3.Final.jar:6.5.3.Final]
	at java.base/jdk.internal.reflect.DirectMethodHandleAccessor.invoke(DirectMethodHandleAccessor.java:103) ~[na:na]
	at java.base/java.lang.reflect.Method.invoke(Method.java:580) ~[na:na]
	at org.springframework.orm.jpa.SharedEntityManagerCreator$SharedEntityManagerInvocationHandler.invoke(SharedEntityManagerCreator.java:319) ~[spring-orm-6.1.15.jar:6.1.15]
	at jdk.proxy2/jdk.proxy2.$Proxy145.persist(Unknown Source) ~[na:na]
	at org.springframework.data.jpa.repository.support.SimpleJpaRepository.save(SimpleJpaRepository.java:628) ~[spring-data-jpa-3.3.6.jar:3.3.6]
	at org.springframework.data.jpa.repository.support.SimpleJpaRepository.saveAndFlush(SimpleJpaRepository.java:639) ~[spring-data-jpa-3.3.6.jar:3.3.6]
	at java.base/jdk.internal.reflect.DirectMethodHandleAccessor.invoke(DirectMethodHandleAccessor.java:103) ~[na:na]
	at java.base/java.lang.reflect.Method.invoke(Method.java:580) ~[na:na]
	at org.springframework.aop.support.AopUtils.invokeJoinpointUsingReflection(AopUtils.java:355) ~[spring-aop-6.1.15.jar:6.1.15]
	at org.springframework.data.repository.core.support.RepositoryMethodInvoker$RepositoryFragmentMethodInvoker.lambda$new$0(RepositoryMethodInvoker.java:277) ~[spring-data-commons-3.3.6.jar:3.3.6]
	at org.springframework.data.repository.core.support.RepositoryMethodInvoker.doInvoke(RepositoryMethodInvoker.java:170) ~[spring-data-commons-3.3.6.jar:3.3.6]
	at org.springframework.data.repository.core.support.RepositoryMethodInvoker.invoke(RepositoryMethodInvoker.java:158) ~[spring-data-commons-3.3.6.jar:3.3.6]
	at org.springframework.data.repository.core.support.RepositoryComposition$RepositoryFragments.invoke(RepositoryComposition.java:516) ~[spring-data-commons-3.3.6.jar:3.3.6]
	at org.springframework.data.repository.core.support.RepositoryComposition.invoke(RepositoryComposition.java:285) ~[spring-data-commons-3.3.6.jar:3.3.6]
	at org.springframework.data.repository.core.support.RepositoryFactorySupport$ImplementationMethodExecutionInterceptor.invoke(RepositoryFactorySupport.java:628) ~[spring-data-commons-3.3.6.jar:3.3.6]
	at org.springframework.aop.framework.ReflectiveMethodInvocation.proceed(ReflectiveMethodInvocation.java:184) ~[spring-aop-6.1.15.jar:6.1.15]
	at org.springframework.data.repository.core.support.QueryExecutorMethodInterceptor.doInvoke(QueryExecutorMethodInterceptor.java:173) ~[spring-data-commons-3.3.6.jar:3.3.6]
	at org.springframework.data.repository.core.support.QueryExecutorMethodInterceptor.invoke(QueryExecutorMethodInterceptor.java:148) ~[spring-data-commons-3.3.6.jar:3.3.6]
	at org.springframework.aop.framework.ReflectiveMethodInvocation.proceed(ReflectiveMethodInvocation.java:184) ~[spring-aop-6.1.15.jar:6.1.15]
	at org.springframework.data.projection.DefaultMethodInvokingMethodInterceptor.invoke(DefaultMethodInvokingMethodInterceptor.java:70) ~[spring-data-commons-3.3.6.jar:3.3.6]
	at org.springframework.aop.framework.ReflectiveMethodInvocation.proceed(ReflectiveMethodInvocation.java:184) ~[spring-aop-6.1.15.jar:6.1.15]
	at org.springframework.transaction.interceptor.TransactionAspectSupport.invokeWithinTransaction(TransactionAspectSupport.java:379) ~[spring-tx-6.1.15.jar:6.1.15]
	at org.springframework.transaction.interceptor.TransactionInterceptor.invoke(TransactionInterceptor.java:119) ~[spring-tx-6.1.15.jar:6.1.15]
	at org.springframework.aop.framework.ReflectiveMethodInvocation.proceed(ReflectiveMethodInvocation.java:184) ~[spring-aop-6.1.15.jar:6.1.15]
	at org.springframework.dao.support.PersistenceExceptionTranslationInterceptor.invoke(PersistenceExceptionTranslationInterceptor.java:138) ~[spring-tx-6.1.15.jar:6.1.15]
	at org.springframework.aop.framework.ReflectiveMethodInvocation.proceed(ReflectiveMethodInvocation.java:184) ~[spring-aop-6.1.15.jar:6.1.15]
	at org.springframework.data.jpa.repository.support.CrudMethodMetadataPostProcessor$CrudMethodMetadataPopulatingMethodInterceptor.invoke(CrudMethodMetadataPostProcessor.java:165) ~[spring-data-jpa-3.3.6.jar:3.3.6]
	at org.springframework.aop.framework.ReflectiveMethodInvocation.proceed(ReflectiveMethodInvocation.java:184) ~[spring-aop-6.1.15.jar:6.1.15]
	at org.springframework.aop.interceptor.ExposeInvocationInterceptor.invoke(ExposeInvocationInterceptor.java:97) ~[spring-aop-6.1.15.jar:6.1.15]
	at org.springframework.aop.framework.ReflectiveMethodInvocation.proceed(ReflectiveMethodInvocation.java:184) ~[spring-aop-6.1.15.jar:6.1.15]
	at org.springframework.aop.framework.JdkDynamicAopProxy.invoke(JdkDynamicAopProxy.java:223) ~[spring-aop-6.1.15.jar:6.1.15]
	at jdk.proxy2/jdk.proxy2.$Proxy155.saveAndFlush(Unknown Source) ~[na:na]
	at com.uniamerica.pie.hotel.repositories.HospedeRepositoryTest.lambda$testEmailDuplicadoNoBancoDeDados$0(HospedeRepositoryTest.java:41) ~[test-classes/:na]
	at org.junit.jupiter.api.AssertThrows.assertThrows(AssertThrows.java:53) ~[junit-jupiter-api-5.10.5.jar:5.10.5]
	at org.junit.jupiter.api.AssertThrows.assertThrows(AssertThrows.java:35) ~[junit-jupiter-api-5.10.5.jar:5.10.5]
	at org.junit.jupiter.api.Assertions.assertThrows(Assertions.java:3115) ~[junit-jupiter-api-5.10.5.jar:5.10.5]
	at com.uniamerica.pie.hotel.repositories.HospedeRepositoryTest.testEmailDuplicadoNoBancoDeDados(HospedeRepositoryTest.java:40) ~[test-classes/:na]
	at java.base/jdk.internal.reflect.DirectMethodHandleAccessor.invoke(DirectMethodHandleAccessor.java:103) ~[na:na]
	at java.base/java.lang.reflect.Method.invoke(Method.java:580) ~[na:na]
	at org.junit.platform.commons.util.ReflectionUtils.invokeMethod(ReflectionUtils.java:728) ~[junit-platform-commons-1.10.5.jar:1.10.5]
	at org.junit.jupiter.engine.execution.MethodInvocation.proceed(MethodInvocation.java:60) ~[junit-jupiter-engine-5.10.5.jar:5.10.5]
	at org.junit.jupiter.engine.execution.InvocationInterceptorChain$ValidatingInvocation.proceed(InvocationInterceptorChain.java:131) ~[junit-jupiter-engine-5.10.5.jar:5.10.5]
	at org.junit.jupiter.engine.extension.TimeoutExtension.intercept(TimeoutExtension.java:156) ~[junit-jupiter-engine-5.10.5.jar:5.10.5]
	at org.junit.jupiter.engine.extension.TimeoutExtension.interceptTestableMethod(TimeoutExtension.java:147) ~[junit-jupiter-engine-5.10.5.jar:5.10.5]
	at org.junit.jupiter.engine.extension.TimeoutExtension.interceptTestMethod(TimeoutExtension.java:86) ~[junit-jupiter-engine-5.10.5.jar:5.10.5]
	at org.junit.jupiter.engine.execution.InterceptingExecutableInvoker$ReflectiveInterceptorCall.lambda$ofVoidMethod$0(InterceptingExecutableInvoker.java:103) ~[junit-jupiter-engine-5.10.5.jar:5.10.5]
	at org.junit.jupiter.engine.execution.InterceptingExecutableInvoker.lambda$invoke$0(InterceptingExecutableInvoker.java:93) ~[junit-jupiter-engine-5.10.5.jar:5.10.5]
	at org.junit.jupiter.engine.execution.InvocationInterceptorChain$InterceptedInvocation.proceed(InvocationInterceptorChain.java:106) ~[junit-jupiter-engine-5.10.5.jar:5.10.5]
	at org.junit.jupiter.engine.execution.InvocationInterceptorChain.proceed(InvocationInterceptorChain.java:64) ~[junit-jupiter-engine-5.10.5.jar:5.10.5]
	at org.junit.jupiter.engine.execution.InvocationInterceptorChain.chainAndInvoke(InvocationInterceptorChain.java:45) ~[junit-jupiter-engine-5.10.5.jar:5.10.5]
	at org.junit.jupiter.engine.execution.InvocationInterceptorChain.invoke(InvocationInterceptorChain.java:37) ~[junit-jupiter-engine-5.10.5.jar:5.10.5]
	at org.junit.jupiter.engine.execution.InterceptingExecutableInvoker.invoke(InterceptingExecutableInvoker.java:92) ~[junit-jupiter-engine-5.10.5.jar:5.10.5]
	at org.junit.jupiter.engine.execution.InterceptingExecutableInvoker.invoke(InterceptingExecutableInvoker.java:86) ~[junit-jupiter-engine-5.10.5.jar:5.10.5]
	at org.junit.jupiter.engine.descriptor.TestMethodTestDescriptor.lambda$invokeTestMethod$7(TestMethodTestDescriptor.java:218) ~[junit-jupiter-engine-5.10.5.jar:5.10.5]
	at org.junit.platform.engine.support.hierarchical.ThrowableCollector.execute(ThrowableCollector.java:73) ~[junit-platform-engine-1.10.5.jar:1.10.5]
	at org.junit.jupiter.engine.descriptor.TestMethodTestDescriptor.invokeTestMethod(TestMethodTestDescriptor.java:214) ~[junit-jupiter-engine-5.10.5.jar:5.10.5]
	at org.junit.jupiter.engine.descriptor.TestMethodTestDescriptor.execute(TestMethodTestDescriptor.java:139) ~[junit-jupiter-engine-5.10.5.jar:5.10.5]
	at org.junit.jupiter.engine.descriptor.TestMethodTestDescriptor.execute(TestMethodTestDescriptor.java:69) ~[junit-jupiter-engine-5.10.5.jar:5.10.5]
	at org.junit.platform.engine.support.hierarchical.NodeTestTask.lambda$executeRecursively$6(NodeTestTask.java:156) ~[junit-platform-engine-1.10.5.jar:1.10.5]
	at org.junit.platform.engine.support.hierarchical.ThrowableCollector.execute(ThrowableCollector.java:73) ~[junit-platform-engine-1.10.5.jar:1.10.5]
	at org.junit.platform.engine.support.hierarchical.NodeTestTask.lambda$executeRecursively$8(NodeTestTask.java:146) ~[junit-platform-engine-1.10.5.jar:1.10.5]
	at org.junit.platform.engine.support.hierarchical.Node.around(Node.java:137) ~[junit-platform-engine-1.10.5.jar:1.10.5]
	at org.junit.platform.engine.support.hierarchical.NodeTestTask.lambda$executeRecursively$9(NodeTestTask.java:144) ~[junit-platform-engine-1.10.5.jar:1.10.5]
	at org.junit.platform.engine.support.hierarchical.ThrowableCollector.execute(ThrowableCollector.java:73) ~[junit-platform-engine-1.10.5.jar:1.10.5]
	at org.junit.platform.engine.support.hierarchical.NodeTestTask.executeRecursively(NodeTestTask.java:143) ~[junit-platform-engine-1.10.5.jar:1.10.5]
	at org.junit.platform.engine.support.hierarchical.NodeTestTask.execute(NodeTestTask.java:100) ~[junit-platform-engine-1.10.5.jar:1.10.5]
	at java.base/java.util.ArrayList.forEach(ArrayList.java:1597) ~[na:na]
	at org.junit.platform.engine.support.hierarchical.SameThreadHierarchicalTestExecutorService.invokeAll(SameThreadHierarchicalTestExecutorService.java:41) ~[junit-platform-engine-1.10.5.jar:1.10.5]
	at org.junit.platform.engine.support.hierarchical.NodeTestTask.lambda$executeRecursively$6(NodeTestTask.java:160) ~[junit-platform-engine-1.10.5.jar:1.10.5]
	at org.junit.platform.engine.support.hierarchical.ThrowableCollector.execute(ThrowableCollector.java:73) ~[junit-platform-engine-1.10.5.jar:1.10.5]
	at org.junit.platform.engine.support.hierarchical.NodeTestTask.lambda$executeRecursively$8(NodeTestTask.java:146) ~[junit-platform-engine-1.10.5.jar:1.10.5]
	at org.junit.platform.engine.support.hierarchical.Node.around(Node.java:137) ~[junit-platform-engine-1.10.5.jar:1.10.5]
	at org.junit.platform.engine.support.hierarchical.NodeTestTask.lambda$executeRecursively$9(NodeTestTask.java:144) ~[junit-platform-engine-1.10.5.jar:1.10.5]
	at org.junit.platform.engine.support.hierarchical.ThrowableCollector.execute(ThrowableCollector.java:73) ~[junit-platform-engine-1.10.5.jar:1.10.5]
	at org.junit.platform.engine.support.hierarchical.NodeTestTask.executeRecursively(NodeTestTask.java:143) ~[junit-platform-engine-1.10.5.jar:1.10.5]
	at org.junit.platform.engine.support.hierarchical.NodeTestTask.execute(NodeTestTask.java:100) ~[junit-platform-engine-1.10.5.jar:1.10.5]
	at java.base/java.util.ArrayList.forEach(ArrayList.java:1597) ~[na:na]
	at org.junit.platform.engine.support.hierarchical.SameThreadHierarchicalTestExecutorService.invokeAll(SameThreadHierarchicalTestExecutorService.java:41) ~[junit-platform-engine-1.10.5.jar:1.10.5]
	at org.junit.platform.engine.support.hierarchical.NodeTestTask.lambda$executeRecursively$6(NodeTestTask.java:160) ~[junit-platform-engine-1.10.5.jar:1.10.5]
	at org.junit.platform.engine.support.hierarchical.ThrowableCollector.execute(ThrowableCollector.java:73) ~[junit-platform-engine-1.10.5.jar:1.10.5]
	at org.junit.platform.engine.support.hierarchical.NodeTestTask.lambda$executeRecursively$8(NodeTestTask.java:146) ~[junit-platform-engine-1.10.5.jar:1.10.5]
	at org.junit.platform.engine.support.hierarchical.Node.around(Node.java:137) ~[junit-platform-engine-1.10.5.jar:1.10.5]
	at org.junit.platform.engine.support.hierarchical.NodeTestTask.lambda$executeRecursively$9(NodeTestTask.java:144) ~[junit-platform-engine-1.10.5.jar:1.10.5]
	at org.junit.platform.engine.support.hierarchical.ThrowableCollector.execute(ThrowableCollector.java:73) ~[junit-platform-engine-1.10.5.jar:1.10.5]
	at org.junit.platform.engine.support.hierarchical.NodeTestTask.executeRecursively(NodeTestTask.java:143) ~[junit-platform-engine-1.10.5.jar:1.10.5]
	at org.junit.platform.engine.support.hierarchical.NodeTestTask.execute(NodeTestTask.java:100) ~[junit-platform-engine-1.10.5.jar:1.10.5]
	at org.junit.platform.engine.support.hierarchical.SameThreadHierarchicalTestExecutorService.submit(SameThreadHierarchicalTestExecutorService.java:35) ~[junit-platform-engine-1.10.5.jar:1.10.5]
	at org.junit.platform.engine.support.hierarchical.HierarchicalTestExecutor.execute(HierarchicalTestExecutor.java:57) ~[junit-platform-engine-1.10.5.jar:1.10.5]
	at org.junit.platform.engine.support.hierarchical.HierarchicalTestEngine.execute(HierarchicalTestEngine.java:54) ~[junit-platform-engine-1.10.5.jar:1.10.5]
	at org.junit.platform.launcher.core.EngineExecutionOrchestrator.execute(EngineExecutionOrchestrator.java:198) ~[junit-platform-launcher-1.10.5.jar:1.10.5]
	at org.junit.platform.launcher.core.EngineExecutionOrchestrator.execute(EngineExecutionOrchestrator.java:169) ~[junit-platform-launcher-1.10.5.jar:1.10.5]
	at org.junit.platform.launcher.core.EngineExecutionOrchestrator.execute(EngineExecutionOrchestrator.java:93) ~[junit-platform-launcher-1.10.5.jar:1.10.5]
	at org.junit.platform.launcher.core.EngineExecutionOrchestrator.lambda$execute$0(EngineExecutionOrchestrator.java:58) ~[junit-platform-launcher-1.10.5.jar:1.10.5]
	at org.junit.platform.launcher.core.EngineExecutionOrchestrator.withInterceptedStreams(EngineExecutionOrchestrator.java:141) ~[junit-platform-launcher-1.10.5.jar:1.10.5]
	at org.junit.platform.launcher.core.EngineExecutionOrchestrator.execute(EngineExecutionOrchestrator.java:57) ~[junit-platform-launcher-1.10.5.jar:1.10.5]
	at org.junit.platform.launcher.core.DefaultLauncher.execute(DefaultLauncher.java:103) ~[junit-platform-launcher-1.10.5.jar:1.10.5]
	at org.junit.platform.launcher.core.DefaultLauncher.execute(DefaultLauncher.java:85) ~[junit-platform-launcher-1.10.5.jar:1.10.5]
	at org.junit.platform.launcher.core.DelegatingLauncher.execute(DelegatingLauncher.java:47) ~[junit-platform-launcher-1.10.5.jar:1.10.5]
	at org.apache.maven.surefire.junitplatform.LazyLauncher.execute(LazyLauncher.java:56) ~[surefire-junit-platform-3.2.5.jar:3.2.5]
	at org.apache.maven.surefire.junitplatform.JUnitPlatformProvider.execute(JUnitPlatformProvider.java:184) ~[surefire-junit-platform-3.2.5.jar:3.2.5]
	at org.apache.maven.surefire.junitplatform.JUnitPlatformProvider.invokeAllTests(JUnitPlatformProvider.java:148) ~[surefire-junit-platform-3.2.5.jar:3.2.5]
	at org.apache.maven.surefire.junitplatform.JUnitPlatformProvider.invoke(JUnitPlatformProvider.java:122) ~[surefire-junit-platform-3.2.5.jar:3.2.5]
	at org.apache.maven.surefire.booter.ForkedBooter.runSuitesInProcess(ForkedBooter.java:385) ~[surefire-booter-3.2.5.jar:3.2.5]
	at org.apache.maven.surefire.booter.ForkedBooter.execute(ForkedBooter.java:162) ~[surefire-booter-3.2.5.jar:3.2.5]
	at org.apache.maven.surefire.booter.ForkedBooter.run(ForkedBooter.java:507) ~[surefire-booter-3.2.5.jar:3.2.5]
	at org.apache.maven.surefire.booter.ForkedBooter.main(ForkedBooter.java:495) ~[surefire-booter-3.2.5.jar:3.2.5]

2024-12-04T18:49:31.112-03:00 DEBUG 3024 --- [hotel-silvania] [           main] o.s.orm.jpa.JpaTransactionManager        : Initiating transaction rollback
2024-12-04T18:49:31.112-03:00 DEBUG 3024 --- [hotel-silvania] [           main] o.s.orm.jpa.JpaTransactionManager        : Rolling back JPA transaction on EntityManager [SessionImpl(1297332692<open>)]
2024-12-04T18:49:31.112-03:00 DEBUG 3024 --- [hotel-silvania] [           main] o.h.e.t.internal.TransactionImpl         : rolling back
2024-12-04T18:49:31.114-03:00 DEBUG 3024 --- [hotel-silvania] [           main] o.s.orm.jpa.JpaTransactionManager        : Closing JPA EntityManager [SessionImpl(1297332692<open>)] after transaction
2024-12-04T18:49:31.116-03:00 DEBUG 3024 --- [hotel-silvania] [           main] org.springframework.test.context.cache   : Spring test ApplicationContext cache statistics: [DefaultContextCache@2d471a7d size = 1, maxSize = 32, parentContextCount = 0, hitCount = 20, missCount = 1, failureCount = 0]
2024-12-04T18:49:31.116-03:00 DEBUG 3024 --- [hotel-silvania] [           main] org.springframework.test.context.cache   : Spring test ApplicationContext cache statistics: [DefaultContextCache@2d471a7d size = 1, maxSize = 32, parentContextCount = 0, hitCount = 21, missCount = 1, failureCount = 0]
2024-12-04T18:49:31.116-03:00 DEBUG 3024 --- [hotel-silvania] [           main] org.springframework.test.context.cache   : Spring test ApplicationContext cache statistics: [DefaultContextCache@2d471a7d size = 1, maxSize = 32, parentContextCount = 0, hitCount = 22, missCount = 1, failureCount = 0]
2024-12-04T18:49:31.116-03:00 DEBUG 3024 --- [hotel-silvania] [           main] org.springframework.test.context.cache   : Spring test ApplicationContext cache statistics: [DefaultContextCache@2d471a7d size = 1, maxSize = 32, parentContextCount = 0, hitCount = 23, missCount = 1, failureCount = 0]
2024-12-04T18:49:31.116-03:00 DEBUG 3024 --- [hotel-silvania] [           main] org.springframework.test.context.cache   : Spring test ApplicationContext cache statistics: [DefaultContextCache@2d471a7d size = 1, maxSize = 32, parentContextCount = 0, hitCount = 24, missCount = 1, failureCount = 0]
2024-12-04T18:49:31.116-03:00 DEBUG 3024 --- [hotel-silvania] [           main] org.springframework.test.context.cache   : Spring test ApplicationContext cache statistics: [DefaultContextCache@2d471a7d size = 1, maxSize = 32, parentContextCount = 0, hitCount = 25, missCount = 1, failureCount = 0]
2024-12-04T18:49:31.116-03:00 DEBUG 3024 --- [hotel-silvania] [           main] .c.s.DirtiesContextTestExecutionListener : After test method: class [HospedeRepositoryTest], method [testEmailDuplicadoNoBancoDeDados], class annotated with @DirtiesContext [false] with mode [null], method annotated with @DirtiesContext [false] with mode [null]
2024-12-04T18:49:31.116-03:00 DEBUG 3024 --- [hotel-silvania] [           main] o.s.t.c.w.ServletTestExecutionListener   : Resetting RequestContextHolder for test class com.uniamerica.pie.hotel.repositories.HospedeRepositoryTest
]]></system-out>
  </testcase>
</testsuite>