<?xml version="1.0" encoding="UTF-8"?>
<testsuite xmlns:xsi="http://www.w3.org/2001/XMLSchema-instance" xsi:noNamespaceSchemaLocation="https://maven.apache.org/surefire/maven-surefire-plugin/xsd/surefire-test-report-3.0.xsd" version="3.0" name="com.uniamerica.pie.hotel.controllers.HotelControllerTest" time="0.766" tests="5" errors="0" skipped="0" failures="0">
  <properties>
[...]
</properties>
  <testcase name="testListarTodosOsHoteis" classname="com.uniamerica.pie.hotel.controllers.HotelControllerTest" time="0.059">
    <system-out><![CDATA[2024-12-02T22:38:30.424-03:00 DEBUG 15031 --- [hotel-silvania] [           main] .b.t.c.SpringBootTestContextBootstrapper : Neither @ContextConfiguration nor @ContextHierarchy found for test class [HotelControllerTest]: using SpringBootContextLoader
2024-12-02T22:38:30.425-03:00 DEBUG 15031 --- [hotel-silvania] [           main] o.s.t.c.support.AbstractContextLoader    : Could not detect default resource locations for test class [com.uniamerica.pie.hotel.controllers.HotelControllerTest]: no resource found for suffixes {-context.xml, Context.groovy}.
2024-12-02T22:38:30.425-03:00  INFO 15031 --- [hotel-silvania] [           main] t.c.s.AnnotationConfigContextLoaderUtils : Could not detect default configuration classes for test class [com.uniamerica.pie.hotel.controllers.HotelControllerTest]: HotelControllerTest does not declare any static, non-private, non-final, nested classes annotated with @Configuration.
2024-12-02T22:38:30.425-03:00 DEBUG 15031 --- [hotel-silvania] [           main] .b.t.c.SpringBootTestContextBootstrapper : Using ContextCustomizerFactory implementations for test class [HotelControllerTest]: [ImportsContextCustomizerFactory, ExcludeFilterContextCustomizerFactory, HttpGraphQlTesterContextCustomizerFactory, DuplicateJsonObjectContextCustomizerFactory, MockitoContextCustomizerFactory, TestRestTemplateContextCustomizerFactory, WebTestClientContextCustomizerFactory, DisableReactorResourceFactoryGlobalResourcesContextCustomizerFactory, OnFailureConditionReportContextCustomizerFactory, OverrideAutoConfigurationContextCustomizerFactory, ObservabilityContextCustomizerFactory, TypeExcludeFiltersContextCustomizerFactory, PropertyMappingContextCustomizerFactory, WebDriverContextCustomizerFactory, MockServerContainerContextCustomizerFactory, DynamicPropertiesContextCustomizerFactory]
2024-12-02T22:38:30.426-03:00 DEBUG 15031 --- [hotel-silvania] [           main] .b.t.c.SpringBootTestContextBootstrapper : Using ContextCustomizers for test class [HotelControllerTest]: [ExcludeFilterContextCustomizer, DuplicateJsonObjectContextCustomizer, MockitoContextCustomizer, TestRestTemplateContextCustomizer, DisableReactorResourceFactoryGlobalResourcesContextCustomizerCustomizer, OnFailureConditionReportContextCustomizer, DisableObservabilityContextCustomizer, PropertyMappingContextCustomizer, WebDriverContextCustomizer]
2024-12-02T22:38:30.426-03:00  INFO 15031 --- [hotel-silvania] [           main] .b.t.c.SpringBootTestContextBootstrapper : Found @SpringBootConfiguration com.uniamerica.pie.hotel.HotelSilvaniaApplication for test class com.uniamerica.pie.hotel.controllers.HotelControllerTest
2024-12-02T22:38:30.428-03:00 DEBUG 15031 --- [hotel-silvania] [           main] .s.t.c.u.TestContextSpringFactoriesUtils : Skipping candidate TestExecutionListener [org.springframework.test.context.observation.MicrometerObservationRegistryTestExecutionListener] due to a missing dependency. Specify custom TestExecutionListener classes or make the default TestExecutionListener classes and their required dependencies available. Offending class: io.micrometer.context.ThreadLocalAccessor. MicrometerObservationRegistryTestExecutionListener requires io.micrometer:micrometer-observation:1.10.8 or higher and io.micrometer:context-propagation:1.0.3 or higher.
2024-12-02T22:38:30.428-03:00 DEBUG 15031 --- [hotel-silvania] [           main] .b.t.c.SpringBootTestContextBootstrapper : Using TestExecutionListeners for test class [HotelControllerTest]: [ServletTestExecutionListener, DirtiesContextBeforeModesTestExecutionListener, ApplicationEventsTestExecutionListener, MockitoTestExecutionListener, DependencyInjectionTestExecutionListener, DirtiesContextTestExecutionListener, TransactionalTestExecutionListener, SqlScriptsTestExecutionListener, EventPublishingTestExecutionListener, ResetMocksTestExecutionListener, RestDocsTestExecutionListener, MockRestServiceServerResetTestExecutionListener, MockMvcPrintOnlyOnFailureTestExecutionListener, WebDriverTestExecutionListener, MockWebServiceServerTestExecutionListener]
2024-12-02T22:38:30.428-03:00 DEBUG 15031 --- [hotel-silvania] [           main] sContextBeforeModesTestExecutionListener : Before test class: class [HotelControllerTest], class annotated with @DirtiesContext [false] with mode [null]
2024-12-02T22:38:30.444-03:00 DEBUG 15031 --- [hotel-silvania] [           main] .s.b.w.s.c.ApplicationServletEnvironment : Activating profiles []
2024-12-02T22:38:30.444-03:00 DEBUG 15031 --- [hotel-silvania] [           main] o.s.c.e.PropertySourcesPropertyResolver  : Found key 'spring.application.name' in PropertySource 'configurationProperties' with value of type String

  .   ____          _            __ _ _
 /\\ / ___'_ __ _ _(_)_ __  __ _ \ \ \ \
( ( )\___ | '_ | '_| | '_ \/ _` | \ \ \ \
 \\/  ___)| |_)| | | | | || (_| |  ) ) ) )
  '  |____| .__|_| |_|_| |_\__, | / / / /
 =========|_|==============|___/=/_/_/_/

 :: Spring Boot ::                (v3.3.6)

2024-12-02T22:38:30.446-03:00  INFO 15031 --- [hotel-silvania] [           main] c.u.p.h.controllers.HotelControllerTest  : Starting HotelControllerTest using Java 23 with PID 15031 (started by fernandosuerte in /Users/fernandosuerte/Downloads/hotelPIE-main 2)
2024-12-02T22:38:30.446-03:00  INFO 15031 --- [hotel-silvania] [           main] c.u.p.h.controllers.HotelControllerTest  : No active profile set, falling back to 1 default profile: "default"
2024-12-02T22:38:30.446-03:00 DEBUG 15031 --- [hotel-silvania] [           main] o.s.boot.SpringApplication               : Loading source class com.uniamerica.pie.hotel.HotelSilvaniaApplication
2024-12-02T22:38:30.448-03:00 DEBUG 15031 --- [hotel-silvania] [           main] o.s.w.c.s.GenericWebApplicationContext   : Refreshing org.springframework.web.context.support.GenericWebApplicationContext@7b47355b
2024-12-02T22:38:30.449-03:00 DEBUG 15031 --- [hotel-silvania] [           main] o.s.b.f.s.DefaultListableBeanFactory     : Creating shared instance of singleton bean 'org.springframework.context.annotation.internalConfigurationAnnotationProcessor'
2024-12-02T22:38:30.449-03:00 DEBUG 15031 --- [hotel-silvania] [           main] o.s.b.f.s.DefaultListableBeanFactory     : Creating shared instance of singleton bean 'org.springframework.boot.autoconfigure.internalCachingMetadataReaderFactory'
2024-12-02T22:38:30.454-03:00 DEBUG 15031 --- [hotel-silvania] [           main] o.s.c.a.ClassPathBeanDefinitionScanner   : Identified candidate component class: file [/Users/fernandosuerte/Downloads/hotelPIE-main 2/target/classes/com/uniamerica/pie/hotel/configurations/JwtAuthenticationFilter.class]
2024-12-02T22:38:30.454-03:00 DEBUG 15031 --- [hotel-silvania] [           main] o.s.c.a.ClassPathBeanDefinitionScanner   : Identified candidate component class: file [/Users/fernandosuerte/Downloads/hotelPIE-main 2/target/classes/com/uniamerica/pie/hotel/configurations/JwtServiceGenerator.class]
2024-12-02T22:38:30.455-03:00 DEBUG 15031 --- [hotel-silvania] [           main] o.s.c.a.ClassPathBeanDefinitionScanner   : Identified candidate component class: file [/Users/fernandosuerte/Downloads/hotelPIE-main 2/target/classes/com/uniamerica/pie/hotel/configurations/SecurityConfig.class]
2024-12-02T22:38:30.455-03:00 DEBUG 15031 --- [hotel-silvania] [           main] o.s.c.a.ClassPathBeanDefinitionScanner   : Identified candidate component class: file [/Users/fernandosuerte/Downloads/hotelPIE-main 2/target/classes/com/uniamerica/pie/hotel/configurations/SecurityManager.class]
2024-12-02T22:38:30.455-03:00 DEBUG 15031 --- [hotel-silvania] [           main] o.s.c.a.ClassPathBeanDefinitionScanner   : Identified candidate component class: file [/Users/fernandosuerte/Downloads/hotelPIE-main 2/target/classes/com/uniamerica/pie/hotel/controllers/HospedeController.class]
2024-12-02T22:38:30.456-03:00 DEBUG 15031 --- [hotel-silvania] [           main] o.s.c.a.ClassPathBeanDefinitionScanner   : Identified candidate component class: file [/Users/fernandosuerte/Downloads/hotelPIE-main 2/target/classes/com/uniamerica/pie/hotel/controllers/HotelController.class]
2024-12-02T22:38:30.456-03:00 DEBUG 15031 --- [hotel-silvania] [           main] o.s.c.a.ClassPathBeanDefinitionScanner   : Identified candidate component class: file [/Users/fernandosuerte/Downloads/hotelPIE-main 2/target/classes/com/uniamerica/pie/hotel/controllers/LoginController.class]
2024-12-02T22:38:30.456-03:00 DEBUG 15031 --- [hotel-silvania] [           main] o.s.c.a.ClassPathBeanDefinitionScanner   : Identified candidate component class: file [/Users/fernandosuerte/Downloads/hotelPIE-main 2/target/classes/com/uniamerica/pie/hotel/controllers/QuartoController.class]
2024-12-02T22:38:30.456-03:00 DEBUG 15031 --- [hotel-silvania] [           main] o.s.c.a.ClassPathBeanDefinitionScanner   : Identified candidate component class: file [/Users/fernandosuerte/Downloads/hotelPIE-main 2/target/classes/com/uniamerica/pie/hotel/controllers/ReservaController.class]
2024-12-02T22:38:30.457-03:00 DEBUG 15031 --- [hotel-silvania] [           main] o.s.c.a.ClassPathBeanDefinitionScanner   : Ignored because not a concrete top-level class: file [/Users/fernandosuerte/Downloads/hotelPIE-main 2/target/classes/com/uniamerica/pie/hotel/repositories/HospedeRepository.class]
2024-12-02T22:38:30.457-03:00 DEBUG 15031 --- [hotel-silvania] [           main] o.s.c.a.ClassPathBeanDefinitionScanner   : Ignored because not a concrete top-level class: file [/Users/fernandosuerte/Downloads/hotelPIE-main 2/target/classes/com/uniamerica/pie/hotel/repositories/HotelRepository.class]
2024-12-02T22:38:30.457-03:00 DEBUG 15031 --- [hotel-silvania] [           main] o.s.c.a.ClassPathBeanDefinitionScanner   : Ignored because not a concrete top-level class: file [/Users/fernandosuerte/Downloads/hotelPIE-main 2/target/classes/com/uniamerica/pie/hotel/repositories/QuartoRepository.class]
2024-12-02T22:38:30.457-03:00 DEBUG 15031 --- [hotel-silvania] [           main] o.s.c.a.ClassPathBeanDefinitionScanner   : Ignored because not a concrete top-level class: file [/Users/fernandosuerte/Downloads/hotelPIE-main 2/target/classes/com/uniamerica/pie/hotel/repositories/ReservaRepository.class]
2024-12-02T22:38:30.457-03:00 DEBUG 15031 --- [hotel-silvania] [           main] o.s.c.a.ClassPathBeanDefinitionScanner   : Identified candidate component class: file [/Users/fernandosuerte/Downloads/hotelPIE-main 2/target/classes/com/uniamerica/pie/hotel/services/HospedeService.class]
2024-12-02T22:38:30.457-03:00 DEBUG 15031 --- [hotel-silvania] [           main] o.s.c.a.ClassPathBeanDefinitionScanner   : Identified candidate component class: file [/Users/fernandosuerte/Downloads/hotelPIE-main 2/target/classes/com/uniamerica/pie/hotel/services/HotelService.class]
2024-12-02T22:38:30.457-03:00 DEBUG 15031 --- [hotel-silvania] [           main] o.s.c.a.ClassPathBeanDefinitionScanner   : Identified candidate component class: file [/Users/fernandosuerte/Downloads/hotelPIE-main 2/target/classes/com/uniamerica/pie/hotel/services/LoginService.class]
2024-12-02T22:38:30.457-03:00 DEBUG 15031 --- [hotel-silvania] [           main] o.s.c.a.ClassPathBeanDefinitionScanner   : Identified candidate component class: file [/Users/fernandosuerte/Downloads/hotelPIE-main 2/target/classes/com/uniamerica/pie/hotel/services/QuartoService.class]
2024-12-02T22:38:30.458-03:00 DEBUG 15031 --- [hotel-silvania] [           main] o.s.c.a.ClassPathBeanDefinitionScanner   : Identified candidate component class: file [/Users/fernandosuerte/Downloads/hotelPIE-main 2/target/classes/com/uniamerica/pie/hotel/services/ReservaService.class]
2024-12-02T22:38:30.536-03:00  INFO 15031 --- [hotel-silvania] [           main] .s.d.r.c.RepositoryConfigurationDelegate : Bootstrapping Spring Data JPA repositories in DEFAULT mode.
2024-12-02T22:38:30.537-03:00 DEBUG 15031 --- [hotel-silvania] [           main] o.s.b.f.s.DefaultListableBeanFactory     : Creating shared instance of singleton bean 'org.springframework.boot.autoconfigure.AutoConfigurationPackages'
2024-12-02T22:38:30.537-03:00 DEBUG 15031 --- [hotel-silvania] [           main] o.s.b.a.AutoConfigurationPackages        : @EnableAutoConfiguration was declared on a class in the package 'com.uniamerica.pie.hotel'. Automatic @Repository and @Entity scanning is enabled.
2024-12-02T22:38:30.537-03:00 DEBUG 15031 --- [hotel-silvania] [           main] .s.d.r.c.RepositoryConfigurationDelegate : Scanning for JPA repositories in packages com.uniamerica.pie.hotel.
2024-12-02T22:38:30.539-03:00 DEBUG 15031 --- [hotel-silvania] [           main] o.s.d.r.c.RepositoryComponentProvider    : Identified candidate component class: file [/Users/fernandosuerte/Downloads/hotelPIE-main 2/target/classes/com/uniamerica/pie/hotel/repositories/HospedeRepository.class]
2024-12-02T22:38:30.539-03:00 DEBUG 15031 --- [hotel-silvania] [           main] o.s.d.r.c.RepositoryComponentProvider    : Identified candidate component class: file [/Users/fernandosuerte/Downloads/hotelPIE-main 2/target/classes/com/uniamerica/pie/hotel/repositories/HotelRepository.class]
2024-12-02T22:38:30.539-03:00 DEBUG 15031 --- [hotel-silvania] [           main] o.s.d.r.c.RepositoryComponentProvider    : Identified candidate component class: file [/Users/fernandosuerte/Downloads/hotelPIE-main 2/target/classes/com/uniamerica/pie/hotel/repositories/LoginRepository.class]
2024-12-02T22:38:30.539-03:00 DEBUG 15031 --- [hotel-silvania] [           main] o.s.d.r.c.RepositoryComponentProvider    : Identified candidate component class: file [/Users/fernandosuerte/Downloads/hotelPIE-main 2/target/classes/com/uniamerica/pie/hotel/repositories/QuartoRepository.class]
2024-12-02T22:38:30.539-03:00 DEBUG 15031 --- [hotel-silvania] [           main] o.s.d.r.c.RepositoryComponentProvider    : Identified candidate component class: file [/Users/fernandosuerte/Downloads/hotelPIE-main 2/target/classes/com/uniamerica/pie/hotel/repositories/ReservaRepository.class]
2024-12-02T22:38:30.543-03:00  INFO 15031 --- [hotel-silvania] [           main] .s.d.r.c.RepositoryConfigurationDelegate : Finished Spring Data repository scanning in 5 ms. Found 5 JPA repository interfaces.
2024-12-02T22:38:30.568-03:00 DEBUG 15031 --- [hotel-silvania] [           main] o.s.b.f.s.DefaultListableBeanFactory     : Creating shared instance of singleton bean 'springSecurityHandlerMappingIntrospectorBeanDefinitionRegistryPostProcessor'
2024-12-02T22:38:30.569-03:00 DEBUG 15031 --- [hotel-silvania] [           main] o.s.b.f.s.DefaultListableBeanFactory     : Creating shared instance of singleton bean 'propertySourcesPlaceholderConfigurer'
2024-12-02T22:38:30.569-03:00 DEBUG 15031 --- [hotel-silvania] [           main] o.s.b.f.s.DefaultListableBeanFactory     : Creating shared instance of singleton bean 'org.springframework.boot.test.mock.mockito.MockitoPostProcessor'
2024-12-02T22:38:30.570-03:00 DEBUG 15031 --- [hotel-silvania] [           main] o.s.b.f.s.DefaultListableBeanFactory     : Creating shared instance of singleton bean 'emBeanDefinitionRegistrarPostProcessor'
2024-12-02T22:38:30.570-03:00 DEBUG 15031 --- [hotel-silvania] [           main] o.s.b.f.s.DefaultListableBeanFactory     : Creating shared instance of singleton bean 'org.springframework.boot.sql.init.dependency.DatabaseInitializationDependencyConfigurer$DependsOnDatabaseInitializationPostProcessor'
2024-12-02T22:38:30.612-03:00 DEBUG 15031 --- [hotel-silvania] [           main] o.s.b.f.s.DefaultListableBeanFactory     : Creating shared instance of singleton bean 'org.springframework.context.event.internalEventListenerProcessor'
2024-12-02T22:38:30.613-03:00 DEBUG 15031 --- [hotel-silvania] [           main] o.s.b.f.s.DefaultListableBeanFactory     : Creating shared instance of singleton bean 'conversionServicePostProcessor'
2024-12-02T22:38:30.613-03:00 DEBUG 15031 --- [hotel-silvania] [           main] o.s.b.f.s.DefaultListableBeanFactory     : Creating shared instance of singleton bean 'preserveErrorControllerTargetClassPostProcessor'
2024-12-02T22:38:30.613-03:00 DEBUG 15031 --- [hotel-silvania] [           main] o.s.b.f.s.DefaultListableBeanFactory     : Creating shared instance of singleton bean 'org.springframework.context.event.internalEventListenerFactory'
2024-12-02T22:38:30.613-03:00 DEBUG 15031 --- [hotel-silvania] [           main] o.s.b.f.s.DefaultListableBeanFactory     : Creating shared instance of singleton bean 'org.springframework.transaction.config.internalTransactionalEventListenerFactory'
2024-12-02T22:38:30.614-03:00 DEBUG 15031 --- [hotel-silvania] [           main] o.s.b.f.s.DefaultListableBeanFactory     : Creating shared instance of singleton bean 'org.springframework.boot.test.mock.mockito.MockitoPostProcessor$SpyPostProcessor'
2024-12-02T22:38:30.614-03:00 DEBUG 15031 --- [hotel-silvania] [           main] o.s.b.f.s.DefaultListableBeanFactory     : Creating shared instance of singleton bean 'org.springframework.context.annotation.internalAutowiredAnnotationProcessor'
2024-12-02T22:38:30.614-03:00 DEBUG 15031 --- [hotel-silvania] [           main] o.s.b.f.s.DefaultListableBeanFactory     : Creating shared instance of singleton bean 'org.springframework.context.annotation.internalCommonAnnotationProcessor'
2024-12-02T22:38:30.614-03:00 DEBUG 15031 --- [hotel-silvania] [           main] o.s.b.f.s.DefaultListableBeanFactory     : Creating shared instance of singleton bean 'org.springframework.context.annotation.internalPersistenceAnnotationProcessor'
2024-12-02T22:38:30.615-03:00 DEBUG 15031 --- [hotel-silvania] [           main] o.s.b.f.s.DefaultListableBeanFactory     : Creating shared instance of singleton bean 'org.springframework.boot.context.properties.ConfigurationPropertiesBindingPostProcessor'
2024-12-02T22:38:30.615-03:00 DEBUG 15031 --- [hotel-silvania] [           main] o.s.b.f.s.DefaultListableBeanFactory     : Creating shared instance of singleton bean 'org.springframework.boot.context.internalConfigurationPropertiesBinder'
2024-12-02T22:38:30.615-03:00 DEBUG 15031 --- [hotel-silvania] [           main] o.s.b.f.s.DefaultListableBeanFactory     : Creating shared instance of singleton bean 'jdbcConnectionDetailsHikariBeanPostProcessor'
2024-12-02T22:38:30.615-03:00 DEBUG 15031 --- [hotel-silvania] [           main] o.s.b.f.s.DefaultListableBeanFactory     : Creating shared instance of singleton bean 'methodValidationPostProcessor'
2024-12-02T22:38:30.616-03:00 DEBUG 15031 --- [hotel-silvania] [           main] o.s.b.f.s.DefaultListableBeanFactory     : Autowiring by type from bean name 'methodValidationPostProcessor' via factory method to bean named 'environment'
2024-12-02T22:38:30.616-03:00 DEBUG 15031 --- [hotel-silvania] [           main] o.s.b.f.s.DefaultListableBeanFactory     : Creating shared instance of singleton bean 'org.springframework.boot.context.properties.EnableConfigurationPropertiesRegistrar.methodValidationExcludeFilter'
2024-12-02T22:38:30.617-03:00 DEBUG 15031 --- [hotel-silvania] [           main] o.s.b.f.s.DefaultListableBeanFactory     : Creating shared instance of singleton bean 'org.springframework.aop.config.internalAutoProxyCreator'
2024-12-02T22:38:30.618-03:00 DEBUG 15031 --- [hotel-silvania] [           main] o.s.b.f.s.DefaultListableBeanFactory     : Creating shared instance of singleton bean 'persistenceExceptionTranslationPostProcessor'
2024-12-02T22:38:30.618-03:00 DEBUG 15031 --- [hotel-silvania] [           main] o.s.b.f.s.DefaultListableBeanFactory     : Autowiring by type from bean name 'persistenceExceptionTranslationPostProcessor' via factory method to bean named 'environment'
2024-12-02T22:38:30.618-03:00 DEBUG 15031 --- [hotel-silvania] [           main] o.s.b.f.s.DefaultListableBeanFactory     : Creating shared instance of singleton bean 'webServerFactoryCustomizerBeanPostProcessor'
2024-12-02T22:38:30.618-03:00 DEBUG 15031 --- [hotel-silvania] [           main] o.s.b.f.s.DefaultListableBeanFactory     : Creating shared instance of singleton bean 'errorPageRegistrarBeanPostProcessor'
2024-12-02T22:38:30.618-03:00 DEBUG 15031 --- [hotel-silvania] [           main] o.s.b.f.s.DefaultListableBeanFactory     : Creating shared instance of singleton bean 'projectingArgumentResolverBeanPostProcessor'
2024-12-02T22:38:30.618-03:00 DEBUG 15031 --- [hotel-silvania] [           main] o.s.b.f.s.DefaultListableBeanFactory     : Creating shared instance of singleton bean 'org.springframework.transaction.config.internalTransactionAdvisor'
2024-12-02T22:38:30.618-03:00 DEBUG 15031 --- [hotel-silvania] [           main] o.s.b.f.s.DefaultListableBeanFactory     : Creating shared instance of singleton bean 'org.springframework.transaction.annotation.ProxyTransactionManagementConfiguration'
2024-12-02T22:38:30.621-03:00 DEBUG 15031 --- [hotel-silvania] [           main] o.s.b.f.s.DefaultListableBeanFactory     : Creating shared instance of singleton bean 'transactionAttributeSource'
2024-12-02T22:38:30.621-03:00 DEBUG 15031 --- [hotel-silvania] [           main] o.s.b.f.s.DefaultListableBeanFactory     : Creating shared instance of singleton bean 'transactionInterceptor'
2024-12-02T22:38:30.621-03:00 DEBUG 15031 --- [hotel-silvania] [           main] o.s.b.f.s.DefaultListableBeanFactory     : Autowiring by type from bean name 'transactionInterceptor' via factory method to bean named 'transactionAttributeSource'
2024-12-02T22:38:30.622-03:00 DEBUG 15031 --- [hotel-silvania] [           main] o.s.b.f.s.DefaultListableBeanFactory     : Autowiring by type from bean name 'org.springframework.transaction.config.internalTransactionAdvisor' via factory method to bean named 'transactionAttributeSource'
2024-12-02T22:38:30.622-03:00 DEBUG 15031 --- [hotel-silvania] [           main] o.s.b.f.s.DefaultListableBeanFactory     : Autowiring by type from bean name 'org.springframework.transaction.config.internalTransactionAdvisor' via factory method to bean named 'transactionInterceptor'
2024-12-02T22:38:30.622-03:00 DEBUG 15031 --- [hotel-silvania] [           main] o.s.u.c.s.UiApplicationContextUtils      : Unable to locate ThemeSource with name 'themeSource': using default [org.springframework.ui.context.support.ResourceBundleThemeSource@7f95f0fb]
2024-12-02T22:38:30.622-03:00 DEBUG 15031 --- [hotel-silvania] [           main] o.s.b.f.s.DefaultListableBeanFactory     : Creating shared instance of singleton bean 'dataSourceScriptDatabaseInitializer'
2024-12-02T22:38:30.622-03:00 DEBUG 15031 --- [hotel-silvania] [           main] o.s.b.f.s.DefaultListableBeanFactory     : Creating shared instance of singleton bean 'org.springframework.boot.autoconfigure.sql.init.DataSourceInitializationConfiguration'
2024-12-02T22:38:30.623-03:00 DEBUG 15031 --- [hotel-silvania] [           main] o.s.b.f.s.DefaultListableBeanFactory     : Creating shared instance of singleton bean 'dataSource'
2024-12-02T22:38:30.623-03:00 DEBUG 15031 --- [hotel-silvania] [           main] o.s.b.f.s.DefaultListableBeanFactory     : Creating shared instance of singleton bean 'org.springframework.boot.autoconfigure.jdbc.DataSourceConfiguration$Hikari'
2024-12-02T22:38:30.623-03:00 DEBUG 15031 --- [hotel-silvania] [           main] o.s.b.f.s.DefaultListableBeanFactory     : Creating shared instance of singleton bean 'spring.datasource-org.springframework.boot.autoconfigure.jdbc.DataSourceProperties'
2024-12-02T22:38:30.623-03:00 DEBUG 15031 --- [hotel-silvania] [           main] o.s.b.f.s.DefaultListableBeanFactory     : Creating shared instance of singleton bean 'org.springframework.boot.context.properties.BoundConfigurationProperties'
2024-12-02T22:38:30.626-03:00 DEBUG 15031 --- [hotel-silvania] [           main] o.s.b.f.s.DefaultListableBeanFactory     : Creating shared instance of singleton bean 'jdbcConnectionDetails'
2024-12-02T22:38:30.626-03:00 DEBUG 15031 --- [hotel-silvania] [           main] o.s.b.f.s.DefaultListableBeanFactory     : Creating shared instance of singleton bean 'org.springframework.boot.autoconfigure.jdbc.DataSourceAutoConfiguration$PooledDataSourceConfiguration'
2024-12-02T22:38:30.627-03:00 DEBUG 15031 --- [hotel-silvania] [           main] o.s.b.f.s.DefaultListableBeanFactory     : Autowiring by type from bean name 'jdbcConnectionDetails' via factory method to bean named 'spring.datasource-org.springframework.boot.autoconfigure.jdbc.DataSourceProperties'
2024-12-02T22:38:30.627-03:00 DEBUG 15031 --- [hotel-silvania] [           main] o.s.b.f.s.DefaultListableBeanFactory     : Autowiring by type from bean name 'dataSource' via factory method to bean named 'spring.datasource-org.springframework.boot.autoconfigure.jdbc.DataSourceProperties'
2024-12-02T22:38:30.627-03:00 DEBUG 15031 --- [hotel-silvania] [           main] o.s.b.f.s.DefaultListableBeanFactory     : Autowiring by type from bean name 'dataSource' via factory method to bean named 'jdbcConnectionDetails'
2024-12-02T22:38:30.634-03:00 DEBUG 15031 --- [hotel-silvania] [           main] o.s.b.f.s.DefaultListableBeanFactory     : Creating shared instance of singleton bean 'spring.sql.init-org.springframework.boot.autoconfigure.sql.init.SqlInitializationProperties'
2024-12-02T22:38:30.635-03:00 DEBUG 15031 --- [hotel-silvania] [           main] o.s.b.f.s.DefaultListableBeanFactory     : Autowiring by type from bean name 'dataSourceScriptDatabaseInitializer' via factory method to bean named 'dataSource'
2024-12-02T22:38:30.635-03:00 DEBUG 15031 --- [hotel-silvania] [           main] o.s.b.f.s.DefaultListableBeanFactory     : Autowiring by type from bean name 'dataSourceScriptDatabaseInitializer' via factory method to bean named 'spring.sql.init-org.springframework.boot.autoconfigure.sql.init.SqlInitializationProperties'
2024-12-02T22:38:30.636-03:00 DEBUG 15031 --- [hotel-silvania] [           main] o.s.b.f.s.DefaultListableBeanFactory     : Creating shared instance of singleton bean 'entityManagerFactory'
2024-12-02T22:38:30.636-03:00 DEBUG 15031 --- [hotel-silvania] [           main] o.s.b.f.s.DefaultListableBeanFactory     : Creating shared instance of singleton bean 'org.springframework.boot.autoconfigure.orm.jpa.HibernateJpaConfiguration'
2024-12-02T22:38:30.636-03:00 DEBUG 15031 --- [hotel-silvania] [           main] o.s.b.f.s.DefaultListableBeanFactory     : Creating shared instance of singleton bean 'spring.jpa-org.springframework.boot.autoconfigure.orm.jpa.JpaProperties'
2024-12-02T22:38:30.638-03:00 DEBUG 15031 --- [hotel-silvania] [           main] o.s.b.f.s.DefaultListableBeanFactory     : Creating shared instance of singleton bean 'spring.jpa.hibernate-org.springframework.boot.autoconfigure.orm.jpa.HibernateProperties'
2024-12-02T22:38:30.639-03:00 DEBUG 15031 --- [hotel-silvania] [           main] o.s.b.f.s.DefaultListableBeanFactory     : Autowiring by type from bean name 'org.springframework.boot.autoconfigure.orm.jpa.HibernateJpaConfiguration' via constructor to bean named 'dataSource'
2024-12-02T22:38:30.639-03:00 DEBUG 15031 --- [hotel-silvania] [           main] o.s.b.f.s.DefaultListableBeanFactory     : Autowiring by type from bean name 'org.springframework.boot.autoconfigure.orm.jpa.HibernateJpaConfiguration' via constructor to bean named 'spring.jpa-org.springframework.boot.autoconfigure.orm.jpa.JpaProperties'
2024-12-02T22:38:30.639-03:00 DEBUG 15031 --- [hotel-silvania] [           main] o.s.b.f.s.DefaultListableBeanFactory     : Autowiring by type from bean name 'org.springframework.boot.autoconfigure.orm.jpa.HibernateJpaConfiguration' via constructor to bean named 'org.springframework.beans.factory.support.DefaultListableBeanFactory@7ba194df'
2024-12-02T22:38:30.639-03:00 DEBUG 15031 --- [hotel-silvania] [           main] o.s.b.f.s.DefaultListableBeanFactory     : Autowiring by type from bean name 'org.springframework.boot.autoconfigure.orm.jpa.HibernateJpaConfiguration' via constructor to bean named 'spring.jpa.hibernate-org.springframework.boot.autoconfigure.orm.jpa.HibernateProperties'
2024-12-02T22:38:30.639-03:00 DEBUG 15031 --- [hotel-silvania] [           main] o.s.b.f.s.DefaultListableBeanFactory     : Creating shared instance of singleton bean 'hikariPoolDataSourceMetadataProvider'
2024-12-02T22:38:30.639-03:00 DEBUG 15031 --- [hotel-silvania] [           main] o.s.b.f.s.DefaultListableBeanFactory     : Creating shared instance of singleton bean 'org.springframework.boot.autoconfigure.jdbc.metadata.DataSourcePoolMetadataProvidersConfiguration$HikariPoolDataSourceMetadataProviderConfiguration'
2024-12-02T22:38:30.641-03:00 DEBUG 15031 --- [hotel-silvania] [           main] o.s.b.f.s.DefaultListableBeanFactory     : Creating shared instance of singleton bean 'entityManagerFactoryBuilder'
2024-12-02T22:38:30.641-03:00 DEBUG 15031 --- [hotel-silvania] [           main] o.s.b.f.s.DefaultListableBeanFactory     : Creating shared instance of singleton bean 'jpaVendorAdapter'
2024-12-02T22:38:30.641-03:00 DEBUG 15031 --- [hotel-silvania] [           main] o.s.b.f.s.DefaultListableBeanFactory     : Autowiring by type from bean name 'entityManagerFactoryBuilder' via factory method to bean named 'jpaVendorAdapter'
2024-12-02T22:38:30.642-03:00 DEBUG 15031 --- [hotel-silvania] [           main] o.s.b.f.s.DefaultListableBeanFactory     : Creating shared instance of singleton bean 'persistenceManagedTypes'
2024-12-02T22:38:30.642-03:00 DEBUG 15031 --- [hotel-silvania] [           main] o.s.b.f.s.DefaultListableBeanFactory     : Autowiring by type from bean name 'persistenceManagedTypes' via factory method to bean named 'org.springframework.beans.factory.support.DefaultListableBeanFactory@7ba194df'
2024-12-02T22:38:30.642-03:00 DEBUG 15031 --- [hotel-silvania] [           main] o.s.b.f.s.DefaultListableBeanFactory     : Autowiring by type from bean name 'persistenceManagedTypes' via factory method to bean named 'org.springframework.web.context.support.GenericWebApplicationContext@7b47355b'
2024-12-02T22:38:30.645-03:00 DEBUG 15031 --- [hotel-silvania] [           main] o.s.b.f.s.DefaultListableBeanFactory     : Autowiring by type from bean name 'entityManagerFactory' via factory method to bean named 'entityManagerFactoryBuilder'
2024-12-02T22:38:30.645-03:00 DEBUG 15031 --- [hotel-silvania] [           main] o.s.b.f.s.DefaultListableBeanFactory     : Autowiring by type from bean name 'entityManagerFactory' via factory method to bean named 'persistenceManagedTypes'
2024-12-02T22:38:30.645-03:00 DEBUG 15031 --- [hotel-silvania] [           main] j.LocalContainerEntityManagerFactoryBean : Building JPA container EntityManagerFactory for persistence unit 'default'
2024-12-02T22:38:30.645-03:00 DEBUG 15031 --- [hotel-silvania] [           main] o.hibernate.jpa.internal.util.LogHelper  : PersistenceUnitInfo [
	name: default
	persistence provider classname: null
	classloader: jdk.internal.loader.ClassLoaders$AppClassLoader@5a07e868
	excludeUnlistedClasses: true
	JTA datasource: null
	Non JTA datasource: HikariDataSource (null)
	Transaction type: RESOURCE_LOCAL
	PU root URL: file:/Users/fernandosuerte/Downloads/hotelPIE-main%202/target/test-classes/
	Shared Cache Mode: UNSPECIFIED
	Validation Mode: AUTO
	Jar files URLs []
	Managed classes names [
		com.uniamerica.pie.hotel.models.Hospede
		com.uniamerica.pie.hotel.models.Hotel
		com.uniamerica.pie.hotel.models.Quarto
		com.uniamerica.pie.hotel.models.Reserva
		com.uniamerica.pie.hotel.models.Usuario]
	Mapping files names []
	Properties []
2024-12-02T22:38:30.645-03:00 DEBUG 15031 --- [hotel-silvania] [           main] o.h.i.internal.IntegratorServiceImpl     : Adding Integrator [org.hibernate.boot.beanvalidation.BeanValidationIntegrator].
2024-12-02T22:38:30.645-03:00 DEBUG 15031 --- [hotel-silvania] [           main] o.h.i.internal.IntegratorServiceImpl     : Adding Integrator [org.hibernate.cache.internal.CollectionCacheInvalidator].
2024-12-02T22:38:30.647-03:00 DEBUG 15031 --- [hotel-silvania] [           main] org.hibernate.orm.idgen.factory          : Registering IdentifierGenerator strategy [uuid2] -> [org.hibernate.id.UUIDGenerator]
2024-12-02T22:38:30.647-03:00 DEBUG 15031 --- [hotel-silvania] [           main] org.hibernate.orm.idgen.factory          : Registering IdentifierGenerator strategy [guid] -> [org.hibernate.id.GUIDGenerator]
2024-12-02T22:38:30.647-03:00 DEBUG 15031 --- [hotel-silvania] [           main] org.hibernate.orm.idgen.factory          : Registering IdentifierGenerator strategy [uuid] -> [org.hibernate.id.UUIDHexGenerator]
2024-12-02T22:38:30.647-03:00 DEBUG 15031 --- [hotel-silvania] [           main] org.hibernate.orm.idgen.factory          : Registering IdentifierGenerator strategy [uuid.hex] -> [org.hibernate.id.UUIDHexGenerator]
2024-12-02T22:38:30.647-03:00 DEBUG 15031 --- [hotel-silvania] [           main] org.hibernate.orm.idgen.factory          : Registering IdentifierGenerator strategy [assigned] -> [org.hibernate.id.Assigned]
2024-12-02T22:38:30.647-03:00 DEBUG 15031 --- [hotel-silvania] [           main] org.hibernate.orm.idgen.factory          : Registering IdentifierGenerator strategy [identity] -> [org.hibernate.id.IdentityGenerator]
2024-12-02T22:38:30.647-03:00 DEBUG 15031 --- [hotel-silvania] [           main] org.hibernate.orm.idgen.factory          : Registering IdentifierGenerator strategy [select] -> [org.hibernate.id.SelectGenerator]
2024-12-02T22:38:30.647-03:00 DEBUG 15031 --- [hotel-silvania] [           main] org.hibernate.orm.idgen.factory          : Registering IdentifierGenerator strategy [sequence] -> [org.hibernate.id.enhanced.SequenceStyleGenerator]
2024-12-02T22:38:30.647-03:00 DEBUG 15031 --- [hotel-silvania] [           main] org.hibernate.orm.idgen.factory          : Registering IdentifierGenerator strategy [increment] -> [org.hibernate.id.IncrementGenerator]
2024-12-02T22:38:30.647-03:00 DEBUG 15031 --- [hotel-silvania] [           main] org.hibernate.orm.idgen.factory          : Registering IdentifierGenerator strategy [foreign] -> [org.hibernate.id.ForeignGenerator]
2024-12-02T22:38:30.647-03:00 DEBUG 15031 --- [hotel-silvania] [           main] org.hibernate.orm.idgen.factory          : Registering IdentifierGenerator strategy [enhanced-sequence] -> [org.hibernate.id.enhanced.SequenceStyleGenerator]
2024-12-02T22:38:30.647-03:00 DEBUG 15031 --- [hotel-silvania] [           main] org.hibernate.orm.idgen.factory          : Registering IdentifierGenerator strategy [enhanced-table] -> [org.hibernate.id.enhanced.TableGenerator]
2024-12-02T22:38:30.647-03:00 DEBUG 15031 --- [hotel-silvania] [           main] o.h.c.internal.RegionFactoryInitiator    : Cannot default RegionFactory based on registered strategies as `[]` RegionFactory strategies were registered
2024-12-02T22:38:30.647-03:00  INFO 15031 --- [hotel-silvania] [           main] o.h.c.internal.RegionFactoryInitiator    : HHH000026: Second-level cache disabled
2024-12-02T22:38:30.647-03:00 DEBUG 15031 --- [hotel-silvania] [           main] org.hibernate.type.BasicTypeRegistry     : Adding type registration boolean -> org.hibernate.type.BasicTypeReference@4dc23273
2024-12-02T22:38:30.647-03:00 DEBUG 15031 --- [hotel-silvania] [           main] org.hibernate.type.BasicTypeRegistry     : Adding type registration boolean -> org.hibernate.type.BasicTypeReference@4dc23273
2024-12-02T22:38:30.647-03:00 DEBUG 15031 --- [hotel-silvania] [           main] org.hibernate.type.BasicTypeRegistry     : Adding type registration java.lang.Boolean -> org.hibernate.type.BasicTypeReference@4dc23273
2024-12-02T22:38:30.647-03:00 DEBUG 15031 --- [hotel-silvania] [           main] org.hibernate.type.BasicTypeRegistry     : Adding type registration numeric_boolean -> org.hibernate.type.BasicTypeReference@35bfa7be
2024-12-02T22:38:30.647-03:00 DEBUG 15031 --- [hotel-silvania] [           main] org.hibernate.type.BasicTypeRegistry     : Adding type registration org.hibernate.type.NumericBooleanConverter -> org.hibernate.type.BasicTypeReference@35bfa7be
2024-12-02T22:38:30.647-03:00 DEBUG 15031 --- [hotel-silvania] [           main] org.hibernate.type.BasicTypeRegistry     : Adding type registration true_false -> org.hibernate.type.BasicTypeReference@482034fb
2024-12-02T22:38:30.647-03:00 DEBUG 15031 --- [hotel-silvania] [           main] org.hibernate.type.BasicTypeRegistry     : Adding type registration org.hibernate.type.TrueFalseConverter -> org.hibernate.type.BasicTypeReference@482034fb
2024-12-02T22:38:30.647-03:00 DEBUG 15031 --- [hotel-silvania] [           main] org.hibernate.type.BasicTypeRegistry     : Adding type registration yes_no -> org.hibernate.type.BasicTypeReference@41bd8ec9
2024-12-02T22:38:30.647-03:00 DEBUG 15031 --- [hotel-silvania] [           main] org.hibernate.type.BasicTypeRegistry     : Adding type registration org.hibernate.type.YesNoConverter -> org.hibernate.type.BasicTypeReference@41bd8ec9
2024-12-02T22:38:30.647-03:00 DEBUG 15031 --- [hotel-silvania] [           main] org.hibernate.type.BasicTypeRegistry     : Adding type registration byte -> org.hibernate.type.BasicTypeReference@1d306d27
2024-12-02T22:38:30.647-03:00 DEBUG 15031 --- [hotel-silvania] [           main] org.hibernate.type.BasicTypeRegistry     : Adding type registration byte -> org.hibernate.type.BasicTypeReference@1d306d27
2024-12-02T22:38:30.648-03:00 DEBUG 15031 --- [hotel-silvania] [           main] org.hibernate.type.BasicTypeRegistry     : Adding type registration java.lang.Byte -> org.hibernate.type.BasicTypeReference@1d306d27
2024-12-02T22:38:30.648-03:00 DEBUG 15031 --- [hotel-silvania] [           main] org.hibernate.type.BasicTypeRegistry     : Adding type registration binary -> org.hibernate.type.BasicTypeReference@557abb68
2024-12-02T22:38:30.648-03:00 DEBUG 15031 --- [hotel-silvania] [           main] org.hibernate.type.BasicTypeRegistry     : Adding type registration byte[] -> org.hibernate.type.BasicTypeReference@557abb68
2024-12-02T22:38:30.648-03:00 DEBUG 15031 --- [hotel-silvania] [           main] org.hibernate.type.BasicTypeRegistry     : Adding type registration [B -> org.hibernate.type.BasicTypeReference@557abb68
2024-12-02T22:38:30.648-03:00 DEBUG 15031 --- [hotel-silvania] [           main] org.hibernate.type.BasicTypeRegistry     : Adding type registration binary_wrapper -> org.hibernate.type.BasicTypeReference@1cb4cad0
2024-12-02T22:38:30.648-03:00 DEBUG 15031 --- [hotel-silvania] [           main] org.hibernate.type.BasicTypeRegistry     : Adding type registration wrapper-binary -> org.hibernate.type.BasicTypeReference@1cb4cad0
2024-12-02T22:38:30.648-03:00 DEBUG 15031 --- [hotel-silvania] [           main] org.hibernate.type.BasicTypeRegistry     : Adding type registration image -> org.hibernate.type.BasicTypeReference@3152d449
2024-12-02T22:38:30.648-03:00 DEBUG 15031 --- [hotel-silvania] [           main] org.hibernate.type.BasicTypeRegistry     : Adding type registration blob -> org.hibernate.type.BasicTypeReference@2f95ce11
2024-12-02T22:38:30.648-03:00 DEBUG 15031 --- [hotel-silvania] [           main] org.hibernate.type.BasicTypeRegistry     : Adding type registration java.sql.Blob -> org.hibernate.type.BasicTypeReference@2f95ce11
2024-12-02T22:38:30.648-03:00 DEBUG 15031 --- [hotel-silvania] [           main] org.hibernate.type.BasicTypeRegistry     : Adding type registration materialized_blob -> org.hibernate.type.BasicTypeReference@2f349170
2024-12-02T22:38:30.648-03:00 DEBUG 15031 --- [hotel-silvania] [           main] org.hibernate.type.BasicTypeRegistry     : Adding type registration materialized_blob_wrapper -> org.hibernate.type.BasicTypeReference@15ec3c0c
2024-12-02T22:38:30.648-03:00 DEBUG 15031 --- [hotel-silvania] [           main] org.hibernate.type.BasicTypeRegistry     : Adding type registration short -> org.hibernate.type.BasicTypeReference@323b5264
2024-12-02T22:38:30.648-03:00 DEBUG 15031 --- [hotel-silvania] [           main] org.hibernate.type.BasicTypeRegistry     : Adding type registration short -> org.hibernate.type.BasicTypeReference@323b5264
2024-12-02T22:38:30.648-03:00 DEBUG 15031 --- [hotel-silvania] [           main] org.hibernate.type.BasicTypeRegistry     : Adding type registration java.lang.Short -> org.hibernate.type.BasicTypeReference@323b5264
2024-12-02T22:38:30.648-03:00 DEBUG 15031 --- [hotel-silvania] [           main] org.hibernate.type.BasicTypeRegistry     : Adding type registration integer -> org.hibernate.type.BasicTypeReference@335ff774
2024-12-02T22:38:30.648-03:00 DEBUG 15031 --- [hotel-silvania] [           main] org.hibernate.type.BasicTypeRegistry     : Adding type registration int -> org.hibernate.type.BasicTypeReference@335ff774
2024-12-02T22:38:30.648-03:00 DEBUG 15031 --- [hotel-silvania] [           main] org.hibernate.type.BasicTypeRegistry     : Adding type registration java.lang.Integer -> org.hibernate.type.BasicTypeReference@335ff774
2024-12-02T22:38:30.648-03:00 DEBUG 15031 --- [hotel-silvania] [           main] org.hibernate.type.BasicTypeRegistry     : Adding type registration long -> org.hibernate.type.BasicTypeReference@386b4f7e
2024-12-02T22:38:30.648-03:00 DEBUG 15031 --- [hotel-silvania] [           main] org.hibernate.type.BasicTypeRegistry     : Adding type registration long -> org.hibernate.type.BasicTypeReference@386b4f7e
2024-12-02T22:38:30.648-03:00 DEBUG 15031 --- [hotel-silvania] [           main] org.hibernate.type.BasicTypeRegistry     : Adding type registration java.lang.Long -> org.hibernate.type.BasicTypeReference@386b4f7e
2024-12-02T22:38:30.648-03:00 DEBUG 15031 --- [hotel-silvania] [           main] org.hibernate.type.BasicTypeRegistry     : Adding type registration float -> org.hibernate.type.BasicTypeReference@4c131823
2024-12-02T22:38:30.648-03:00 DEBUG 15031 --- [hotel-silvania] [           main] org.hibernate.type.BasicTypeRegistry     : Adding type registration float -> org.hibernate.type.BasicTypeReference@4c131823
2024-12-02T22:38:30.648-03:00 DEBUG 15031 --- [hotel-silvania] [           main] org.hibernate.type.BasicTypeRegistry     : Adding type registration java.lang.Float -> org.hibernate.type.BasicTypeReference@4c131823
2024-12-02T22:38:30.648-03:00 DEBUG 15031 --- [hotel-silvania] [           main] org.hibernate.type.BasicTypeRegistry     : Adding type registration double -> org.hibernate.type.BasicTypeReference@2453cbb7
2024-12-02T22:38:30.648-03:00 DEBUG 15031 --- [hotel-silvania] [           main] org.hibernate.type.BasicTypeRegistry     : Adding type registration double -> org.hibernate.type.BasicTypeReference@2453cbb7
2024-12-02T22:38:30.648-03:00 DEBUG 15031 --- [hotel-silvania] [           main] org.hibernate.type.BasicTypeRegistry     : Adding type registration java.lang.Double -> org.hibernate.type.BasicTypeReference@2453cbb7
2024-12-02T22:38:30.648-03:00 DEBUG 15031 --- [hotel-silvania] [           main] org.hibernate.type.BasicTypeRegistry     : Adding type registration big_integer -> org.hibernate.type.BasicTypeReference@68fb6c1e
2024-12-02T22:38:30.648-03:00 DEBUG 15031 --- [hotel-silvania] [           main] org.hibernate.type.BasicTypeRegistry     : Adding type registration java.math.BigInteger -> org.hibernate.type.BasicTypeReference@68fb6c1e
2024-12-02T22:38:30.648-03:00 DEBUG 15031 --- [hotel-silvania] [           main] org.hibernate.type.BasicTypeRegistry     : Adding type registration big_decimal -> org.hibernate.type.BasicTypeReference@a89dec0
2024-12-02T22:38:30.648-03:00 DEBUG 15031 --- [hotel-silvania] [           main] org.hibernate.type.BasicTypeRegistry     : Adding type registration java.math.BigDecimal -> org.hibernate.type.BasicTypeReference@a89dec0
2024-12-02T22:38:30.648-03:00 DEBUG 15031 --- [hotel-silvania] [           main] org.hibernate.type.BasicTypeRegistry     : Adding type registration character -> org.hibernate.type.BasicTypeReference@5e8f1db2
2024-12-02T22:38:30.648-03:00 DEBUG 15031 --- [hotel-silvania] [           main] org.hibernate.type.BasicTypeRegistry     : Adding type registration char -> org.hibernate.type.BasicTypeReference@5e8f1db2
2024-12-02T22:38:30.648-03:00 DEBUG 15031 --- [hotel-silvania] [           main] org.hibernate.type.BasicTypeRegistry     : Adding type registration java.lang.Character -> org.hibernate.type.BasicTypeReference@5e8f1db2
2024-12-02T22:38:30.648-03:00 DEBUG 15031 --- [hotel-silvania] [           main] org.hibernate.type.BasicTypeRegistry     : Adding type registration character_nchar -> org.hibernate.type.BasicTypeReference@64bb6ba7
2024-12-02T22:38:30.648-03:00 DEBUG 15031 --- [hotel-silvania] [           main] org.hibernate.type.BasicTypeRegistry     : Adding type registration string -> org.hibernate.type.BasicTypeReference@571360b2
2024-12-02T22:38:30.648-03:00 DEBUG 15031 --- [hotel-silvania] [           main] org.hibernate.type.BasicTypeRegistry     : Adding type registration java.lang.String -> org.hibernate.type.BasicTypeReference@571360b2
2024-12-02T22:38:30.648-03:00 DEBUG 15031 --- [hotel-silvania] [           main] org.hibernate.type.BasicTypeRegistry     : Adding type registration nstring -> org.hibernate.type.BasicTypeReference@13a8cb4e
2024-12-02T22:38:30.648-03:00 DEBUG 15031 --- [hotel-silvania] [           main] org.hibernate.type.BasicTypeRegistry     : Adding type registration characters -> org.hibernate.type.BasicTypeReference@35ec3604
2024-12-02T22:38:30.648-03:00 DEBUG 15031 --- [hotel-silvania] [           main] org.hibernate.type.BasicTypeRegistry     : Adding type registration char[] -> org.hibernate.type.BasicTypeReference@35ec3604
2024-12-02T22:38:30.648-03:00 DEBUG 15031 --- [hotel-silvania] [           main] org.hibernate.type.BasicTypeRegistry     : Adding type registration [C -> org.hibernate.type.BasicTypeReference@35ec3604
2024-12-02T22:38:30.648-03:00 DEBUG 15031 --- [hotel-silvania] [           main] org.hibernate.type.BasicTypeRegistry     : Adding type registration wrapper-characters -> org.hibernate.type.BasicTypeReference@ab5954d
2024-12-02T22:38:30.648-03:00 DEBUG 15031 --- [hotel-silvania] [           main] org.hibernate.type.BasicTypeRegistry     : Adding type registration text -> org.hibernate.type.BasicTypeReference@466f7259
2024-12-02T22:38:30.648-03:00 DEBUG 15031 --- [hotel-silvania] [           main] org.hibernate.type.BasicTypeRegistry     : Adding type registration ntext -> org.hibernate.type.BasicTypeReference@13482361
2024-12-02T22:38:30.648-03:00 DEBUG 15031 --- [hotel-silvania] [           main] org.hibernate.type.BasicTypeRegistry     : Adding type registration clob -> org.hibernate.type.BasicTypeReference@47c06b1a
2024-12-02T22:38:30.648-03:00 DEBUG 15031 --- [hotel-silvania] [           main] org.hibernate.type.BasicTypeRegistry     : Adding type registration java.sql.Clob -> org.hibernate.type.BasicTypeReference@47c06b1a
2024-12-02T22:38:30.648-03:00 DEBUG 15031 --- [hotel-silvania] [           main] org.hibernate.type.BasicTypeRegistry     : Adding type registration nclob -> org.hibernate.type.BasicTypeReference@61799152
2024-12-02T22:38:30.648-03:00 DEBUG 15031 --- [hotel-silvania] [           main] org.hibernate.type.BasicTypeRegistry     : Adding type registration java.sql.NClob -> org.hibernate.type.BasicTypeReference@61799152
2024-12-02T22:38:30.648-03:00 DEBUG 15031 --- [hotel-silvania] [           main] org.hibernate.type.BasicTypeRegistry     : Adding type registration materialized_clob -> org.hibernate.type.BasicTypeReference@5c39da9e
2024-12-02T22:38:30.648-03:00 DEBUG 15031 --- [hotel-silvania] [           main] org.hibernate.type.BasicTypeRegistry     : Adding type registration materialized_clob_char_array -> org.hibernate.type.BasicTypeReference@e38b953
2024-12-02T22:38:30.648-03:00 DEBUG 15031 --- [hotel-silvania] [           main] org.hibernate.type.BasicTypeRegistry     : Adding type registration materialized_clob_character_array -> org.hibernate.type.BasicTypeReference@4a648b35
2024-12-02T22:38:30.648-03:00 DEBUG 15031 --- [hotel-silvania] [           main] org.hibernate.type.BasicTypeRegistry     : Adding type registration materialized_nclob -> org.hibernate.type.BasicTypeReference@673a702a
2024-12-02T22:38:30.648-03:00 DEBUG 15031 --- [hotel-silvania] [           main] org.hibernate.type.BasicTypeRegistry     : Adding type registration materialized_nclob_character_array -> org.hibernate.type.BasicTypeReference@75c5ab79
2024-12-02T22:38:30.648-03:00 DEBUG 15031 --- [hotel-silvania] [           main] org.hibernate.type.BasicTypeRegistry     : Adding type registration materialized_nclob_char_array -> org.hibernate.type.BasicTypeReference@3e7c66b3
2024-12-02T22:38:30.648-03:00 DEBUG 15031 --- [hotel-silvania] [           main] org.hibernate.type.BasicTypeRegistry     : Adding type registration Duration -> org.hibernate.type.BasicTypeReference@502f6f6a
2024-12-02T22:38:30.648-03:00 DEBUG 15031 --- [hotel-silvania] [           main] org.hibernate.type.BasicTypeRegistry     : Adding type registration java.time.Duration -> org.hibernate.type.BasicTypeReference@502f6f6a
2024-12-02T22:38:30.648-03:00 DEBUG 15031 --- [hotel-silvania] [           main] org.hibernate.type.BasicTypeRegistry     : Adding type registration LocalDateTime -> org.hibernate.type.BasicTypeReference@64a0ee65
2024-12-02T22:38:30.648-03:00 DEBUG 15031 --- [hotel-silvania] [           main] org.hibernate.type.BasicTypeRegistry     : Adding type registration java.time.LocalDateTime -> org.hibernate.type.BasicTypeReference@64a0ee65
2024-12-02T22:38:30.648-03:00 DEBUG 15031 --- [hotel-silvania] [           main] org.hibernate.type.BasicTypeRegistry     : Adding type registration LocalDate -> org.hibernate.type.BasicTypeReference@3ce60feb
2024-12-02T22:38:30.648-03:00 DEBUG 15031 --- [hotel-silvania] [           main] org.hibernate.type.BasicTypeRegistry     : Adding type registration java.time.LocalDate -> org.hibernate.type.BasicTypeReference@3ce60feb
2024-12-02T22:38:30.648-03:00 DEBUG 15031 --- [hotel-silvania] [           main] org.hibernate.type.BasicTypeRegistry     : Adding type registration LocalTime -> org.hibernate.type.BasicTypeReference@61f2bf3a
2024-12-02T22:38:30.648-03:00 DEBUG 15031 --- [hotel-silvania] [           main] org.hibernate.type.BasicTypeRegistry     : Adding type registration java.time.LocalTime -> org.hibernate.type.BasicTypeReference@61f2bf3a
2024-12-02T22:38:30.648-03:00 DEBUG 15031 --- [hotel-silvania] [           main] org.hibernate.type.BasicTypeRegistry     : Adding type registration OffsetDateTime -> org.hibernate.type.BasicTypeReference@4a0dd851
2024-12-02T22:38:30.648-03:00 DEBUG 15031 --- [hotel-silvania] [           main] org.hibernate.type.BasicTypeRegistry     : Adding type registration java.time.OffsetDateTime -> org.hibernate.type.BasicTypeReference@4a0dd851
2024-12-02T22:38:30.648-03:00 DEBUG 15031 --- [hotel-silvania] [           main] org.hibernate.type.BasicTypeRegistry     : Adding type registration OffsetDateTimeWithTimezone -> org.hibernate.type.BasicTypeReference@293dd4b3
2024-12-02T22:38:30.648-03:00 DEBUG 15031 --- [hotel-silvania] [           main] org.hibernate.type.BasicTypeRegistry     : Adding type registration OffsetDateTimeWithoutTimezone -> org.hibernate.type.BasicTypeReference@25a81f28
2024-12-02T22:38:30.648-03:00 DEBUG 15031 --- [hotel-silvania] [           main] org.hibernate.type.BasicTypeRegistry     : Adding type registration OffsetTime -> org.hibernate.type.BasicTypeReference@51577fc8
2024-12-02T22:38:30.648-03:00 DEBUG 15031 --- [hotel-silvania] [           main] org.hibernate.type.BasicTypeRegistry     : Adding type registration java.time.OffsetTime -> org.hibernate.type.BasicTypeReference@51577fc8
2024-12-02T22:38:30.648-03:00 DEBUG 15031 --- [hotel-silvania] [           main] org.hibernate.type.BasicTypeRegistry     : Adding type registration OffsetTimeUtc -> org.hibernate.type.BasicTypeReference@753cfae3
2024-12-02T22:38:30.648-03:00 DEBUG 15031 --- [hotel-silvania] [           main] org.hibernate.type.BasicTypeRegistry     : Adding type registration OffsetTimeWithTimezone -> org.hibernate.type.BasicTypeReference@326320bb
2024-12-02T22:38:30.648-03:00 DEBUG 15031 --- [hotel-silvania] [           main] org.hibernate.type.BasicTypeRegistry     : Adding type registration OffsetTimeWithoutTimezone -> org.hibernate.type.BasicTypeReference@57573880
2024-12-02T22:38:30.648-03:00 DEBUG 15031 --- [hotel-silvania] [           main] org.hibernate.type.BasicTypeRegistry     : Adding type registration ZonedDateTime -> org.hibernate.type.BasicTypeReference@3d94b49d
2024-12-02T22:38:30.648-03:00 DEBUG 15031 --- [hotel-silvania] [           main] org.hibernate.type.BasicTypeRegistry     : Adding type registration java.time.ZonedDateTime -> org.hibernate.type.BasicTypeReference@3d94b49d
2024-12-02T22:38:30.648-03:00 DEBUG 15031 --- [hotel-silvania] [           main] org.hibernate.type.BasicTypeRegistry     : Adding type registration ZonedDateTimeWithTimezone -> org.hibernate.type.BasicTypeReference@2fedaa2e
2024-12-02T22:38:30.649-03:00 DEBUG 15031 --- [hotel-silvania] [           main] org.hibernate.type.BasicTypeRegistry     : Adding type registration ZonedDateTimeWithoutTimezone -> org.hibernate.type.BasicTypeReference@4203190
2024-12-02T22:38:30.649-03:00 DEBUG 15031 --- [hotel-silvania] [           main] org.hibernate.type.BasicTypeRegistry     : Adding type registration date -> org.hibernate.type.BasicTypeReference@6add8aac
2024-12-02T22:38:30.649-03:00 DEBUG 15031 --- [hotel-silvania] [           main] org.hibernate.type.BasicTypeRegistry     : Adding type registration java.sql.Date -> org.hibernate.type.BasicTypeReference@6add8aac
2024-12-02T22:38:30.649-03:00 DEBUG 15031 --- [hotel-silvania] [           main] org.hibernate.type.BasicTypeRegistry     : Adding type registration time -> org.hibernate.type.BasicTypeReference@72f5fb36
2024-12-02T22:38:30.649-03:00 DEBUG 15031 --- [hotel-silvania] [           main] org.hibernate.type.BasicTypeRegistry     : Adding type registration java.sql.Time -> org.hibernate.type.BasicTypeReference@72f5fb36
2024-12-02T22:38:30.649-03:00 DEBUG 15031 --- [hotel-silvania] [           main] org.hibernate.type.BasicTypeRegistry     : Adding type registration timestamp -> org.hibernate.type.BasicTypeReference@300b839c
2024-12-02T22:38:30.649-03:00 DEBUG 15031 --- [hotel-silvania] [           main] org.hibernate.type.BasicTypeRegistry     : Adding type registration java.sql.Timestamp -> org.hibernate.type.BasicTypeReference@300b839c
2024-12-02T22:38:30.649-03:00 DEBUG 15031 --- [hotel-silvania] [           main] org.hibernate.type.BasicTypeRegistry     : Adding type registration java.util.Date -> org.hibernate.type.BasicTypeReference@300b839c
2024-12-02T22:38:30.649-03:00 DEBUG 15031 --- [hotel-silvania] [           main] org.hibernate.type.BasicTypeRegistry     : Adding type registration calendar -> org.hibernate.type.BasicTypeReference@352288bc
2024-12-02T22:38:30.649-03:00 DEBUG 15031 --- [hotel-silvania] [           main] org.hibernate.type.BasicTypeRegistry     : Adding type registration java.util.Calendar -> org.hibernate.type.BasicTypeReference@352288bc
2024-12-02T22:38:30.649-03:00 DEBUG 15031 --- [hotel-silvania] [           main] org.hibernate.type.BasicTypeRegistry     : Adding type registration java.util.GregorianCalendar -> org.hibernate.type.BasicTypeReference@352288bc
2024-12-02T22:38:30.649-03:00 DEBUG 15031 --- [hotel-silvania] [           main] org.hibernate.type.BasicTypeRegistry     : Adding type registration calendar_date -> org.hibernate.type.BasicTypeReference@33acec5e
2024-12-02T22:38:30.649-03:00 DEBUG 15031 --- [hotel-silvania] [           main] org.hibernate.type.BasicTypeRegistry     : Adding type registration calendar_time -> org.hibernate.type.BasicTypeReference@226f472
2024-12-02T22:38:30.649-03:00 DEBUG 15031 --- [hotel-silvania] [           main] org.hibernate.type.BasicTypeRegistry     : Adding type registration instant -> org.hibernate.type.BasicTypeReference@2360ebe2
2024-12-02T22:38:30.649-03:00 DEBUG 15031 --- [hotel-silvania] [           main] org.hibernate.type.BasicTypeRegistry     : Adding type registration java.time.Instant -> org.hibernate.type.BasicTypeReference@2360ebe2
2024-12-02T22:38:30.649-03:00 DEBUG 15031 --- [hotel-silvania] [           main] org.hibernate.type.BasicTypeRegistry     : Adding type registration uuid -> org.hibernate.type.BasicTypeReference@77fa2dcc
2024-12-02T22:38:30.649-03:00 DEBUG 15031 --- [hotel-silvania] [           main] org.hibernate.type.BasicTypeRegistry     : Adding type registration java.util.UUID -> org.hibernate.type.BasicTypeReference@77fa2dcc
2024-12-02T22:38:30.649-03:00 DEBUG 15031 --- [hotel-silvania] [           main] org.hibernate.type.BasicTypeRegistry     : Adding type registration pg-uuid -> org.hibernate.type.BasicTypeReference@77fa2dcc
2024-12-02T22:38:30.649-03:00 DEBUG 15031 --- [hotel-silvania] [           main] org.hibernate.type.BasicTypeRegistry     : Adding type registration uuid-binary -> org.hibernate.type.BasicTypeReference@75cfb958
2024-12-02T22:38:30.649-03:00 DEBUG 15031 --- [hotel-silvania] [           main] org.hibernate.type.BasicTypeRegistry     : Adding type registration uuid-char -> org.hibernate.type.BasicTypeReference@40ff56f7
2024-12-02T22:38:30.649-03:00 DEBUG 15031 --- [hotel-silvania] [           main] org.hibernate.type.BasicTypeRegistry     : Adding type registration class -> org.hibernate.type.BasicTypeReference@64648af1
2024-12-02T22:38:30.649-03:00 DEBUG 15031 --- [hotel-silvania] [           main] org.hibernate.type.BasicTypeRegistry     : Adding type registration java.lang.Class -> org.hibernate.type.BasicTypeReference@64648af1
2024-12-02T22:38:30.649-03:00 DEBUG 15031 --- [hotel-silvania] [           main] org.hibernate.type.BasicTypeRegistry     : Adding type registration currency -> org.hibernate.type.BasicTypeReference@42d65ffc
2024-12-02T22:38:30.649-03:00 DEBUG 15031 --- [hotel-silvania] [           main] org.hibernate.type.BasicTypeRegistry     : Adding type registration Currency -> org.hibernate.type.BasicTypeReference@42d65ffc
2024-12-02T22:38:30.649-03:00 DEBUG 15031 --- [hotel-silvania] [           main] org.hibernate.type.BasicTypeRegistry     : Adding type registration java.util.Currency -> org.hibernate.type.BasicTypeReference@42d65ffc
2024-12-02T22:38:30.649-03:00 DEBUG 15031 --- [hotel-silvania] [           main] org.hibernate.type.BasicTypeRegistry     : Adding type registration locale -> org.hibernate.type.BasicTypeReference@4adb2b87
2024-12-02T22:38:30.649-03:00 DEBUG 15031 --- [hotel-silvania] [           main] org.hibernate.type.BasicTypeRegistry     : Adding type registration java.util.Locale -> org.hibernate.type.BasicTypeReference@4adb2b87
2024-12-02T22:38:30.649-03:00 DEBUG 15031 --- [hotel-silvania] [           main] org.hibernate.type.BasicTypeRegistry     : Adding type registration serializable -> org.hibernate.type.BasicTypeReference@70a984c5
2024-12-02T22:38:30.649-03:00 DEBUG 15031 --- [hotel-silvania] [           main] org.hibernate.type.BasicTypeRegistry     : Adding type registration java.io.Serializable -> org.hibernate.type.BasicTypeReference@70a984c5
2024-12-02T22:38:30.649-03:00 DEBUG 15031 --- [hotel-silvania] [           main] org.hibernate.type.BasicTypeRegistry     : Adding type registration timezone -> org.hibernate.type.BasicTypeReference@30dabb23
2024-12-02T22:38:30.649-03:00 DEBUG 15031 --- [hotel-silvania] [           main] org.hibernate.type.BasicTypeRegistry     : Adding type registration java.util.TimeZone -> org.hibernate.type.BasicTypeReference@30dabb23
2024-12-02T22:38:30.649-03:00 DEBUG 15031 --- [hotel-silvania] [           main] org.hibernate.type.BasicTypeRegistry     : Adding type registration ZoneOffset -> org.hibernate.type.BasicTypeReference@40032b7b
2024-12-02T22:38:30.649-03:00 DEBUG 15031 --- [hotel-silvania] [           main] org.hibernate.type.BasicTypeRegistry     : Adding type registration java.time.ZoneOffset -> org.hibernate.type.BasicTypeReference@40032b7b
2024-12-02T22:38:30.649-03:00 DEBUG 15031 --- [hotel-silvania] [           main] org.hibernate.type.BasicTypeRegistry     : Adding type registration url -> org.hibernate.type.BasicTypeReference@5317a7ef
2024-12-02T22:38:30.649-03:00 DEBUG 15031 --- [hotel-silvania] [           main] org.hibernate.type.BasicTypeRegistry     : Adding type registration java.net.URL -> org.hibernate.type.BasicTypeReference@5317a7ef
2024-12-02T22:38:30.649-03:00 DEBUG 15031 --- [hotel-silvania] [           main] org.hibernate.type.BasicTypeRegistry     : Adding type registration vector -> org.hibernate.type.BasicTypeReference@6fa48ee4
2024-12-02T22:38:30.649-03:00 DEBUG 15031 --- [hotel-silvania] [           main] org.hibernate.type.BasicTypeRegistry     : Adding type registration row_version -> org.hibernate.type.BasicTypeReference@a422390
2024-12-02T22:38:30.649-03:00 DEBUG 15031 --- [hotel-silvania] [           main] org.hibernate.type.BasicTypeRegistry     : Adding type registration object -> org.hibernate.type.JavaObjectType@28ab7ffb
2024-12-02T22:38:30.649-03:00 DEBUG 15031 --- [hotel-silvania] [           main] org.hibernate.type.BasicTypeRegistry     : Adding type registration java.lang.Object -> org.hibernate.type.JavaObjectType@28ab7ffb
2024-12-02T22:38:30.649-03:00 DEBUG 15031 --- [hotel-silvania] [           main] org.hibernate.type.BasicTypeRegistry     : Adding type registration null -> org.hibernate.type.NullType@5e6b2641
2024-12-02T22:38:30.649-03:00 DEBUG 15031 --- [hotel-silvania] [           main] org.hibernate.type.BasicTypeRegistry     : Adding type registration imm_date -> org.hibernate.type.BasicTypeReference@33a7e1af
2024-12-02T22:38:30.649-03:00 DEBUG 15031 --- [hotel-silvania] [           main] org.hibernate.type.BasicTypeRegistry     : Adding type registration imm_time -> org.hibernate.type.BasicTypeReference@14f2beec
2024-12-02T22:38:30.649-03:00 DEBUG 15031 --- [hotel-silvania] [           main] org.hibernate.type.BasicTypeRegistry     : Adding type registration imm_timestamp -> org.hibernate.type.BasicTypeReference@1def0269
2024-12-02T22:38:30.649-03:00 DEBUG 15031 --- [hotel-silvania] [           main] org.hibernate.type.BasicTypeRegistry     : Adding type registration imm_calendar -> org.hibernate.type.BasicTypeReference@7ae7dc86
2024-12-02T22:38:30.649-03:00 DEBUG 15031 --- [hotel-silvania] [           main] org.hibernate.type.BasicTypeRegistry     : Adding type registration imm_calendar_date -> org.hibernate.type.BasicTypeReference@7641f0ec
2024-12-02T22:38:30.649-03:00 DEBUG 15031 --- [hotel-silvania] [           main] org.hibernate.type.BasicTypeRegistry     : Adding type registration imm_calendar_time -> org.hibernate.type.BasicTypeReference@77c53516
2024-12-02T22:38:30.649-03:00 DEBUG 15031 --- [hotel-silvania] [           main] org.hibernate.type.BasicTypeRegistry     : Adding type registration imm_binary -> org.hibernate.type.BasicTypeReference@12dc8dcd
2024-12-02T22:38:30.649-03:00 DEBUG 15031 --- [hotel-silvania] [           main] org.hibernate.type.BasicTypeRegistry     : Adding type registration imm_serializable -> org.hibernate.type.BasicTypeReference@561b70fc
2024-12-02T22:38:30.650-03:00 DEBUG 15031 --- [hotel-silvania] [           main] o.h.boot.internal.BootstrapContextImpl   : Injecting JPA temp ClassLoader [org.springframework.instrument.classloading.SimpleThrowawayClassLoader@7117d134] into BootstrapContext; was [null]
2024-12-02T22:38:30.650-03:00 DEBUG 15031 --- [hotel-silvania] [           main] o.h.boot.internal.ClassLoaderAccessImpl  : ClassLoaderAccessImpl#injectTempClassLoader(org.springframework.instrument.classloading.SimpleThrowawayClassLoader@7117d134) [was null]
2024-12-02T22:38:30.650-03:00 DEBUG 15031 --- [hotel-silvania] [           main] o.h.boot.internal.BootstrapContextImpl   : Injecting ScanEnvironment [org.hibernate.jpa.boot.internal.StandardJpaScanEnvironmentImpl@7d3983e] into BootstrapContext; was [null]
2024-12-02T22:38:30.650-03:00 DEBUG 15031 --- [hotel-silvania] [           main] o.h.boot.internal.BootstrapContextImpl   : Injecting ScanOptions [org.hibernate.boot.archive.scan.internal.StandardScanOptions@ac284a8] into BootstrapContext; was [org.hibernate.boot.archive.scan.internal.StandardScanOptions@40af787]
2024-12-02T22:38:30.654-03:00  INFO 15031 --- [hotel-silvania] [           main] o.s.o.j.p.SpringPersistenceUnitInfo      : No LoadTimeWeaver setup: ignoring JPA class transformer
2024-12-02T22:38:30.654-03:00 DEBUG 15031 --- [hotel-silvania] [           main] o.h.boot.internal.BootstrapContextImpl   : Injecting JPA temp ClassLoader [null] into BootstrapContext; was [org.springframework.instrument.classloading.SimpleThrowawayClassLoader@7117d134]
2024-12-02T22:38:30.654-03:00 DEBUG 15031 --- [hotel-silvania] [           main] o.h.boot.internal.ClassLoaderAccessImpl  : ClassLoaderAccessImpl#injectTempClassLoader(null) [was org.springframework.instrument.classloading.SimpleThrowawayClassLoader@7117d134]
2024-12-02T22:38:30.654-03:00  INFO 15031 --- [hotel-silvania] [           main] com.zaxxer.hikari.HikariDataSource       : HikariPool-3 - Starting...
2024-12-02T22:38:30.665-03:00  INFO 15031 --- [hotel-silvania] [           main] com.zaxxer.hikari.pool.HikariPool        : HikariPool-3 - Added connection com.mysql.cj.jdbc.ConnectionImpl@7e086b5e
2024-12-02T22:38:30.665-03:00  INFO 15031 --- [hotel-silvania] [           main] com.zaxxer.hikari.HikariDataSource       : HikariPool-3 - Start completed.
2024-12-02T22:38:30.665-03:00 DEBUG 15031 --- [hotel-silvania] [           main] o.h.e.j.e.i.JdbcEnvironmentInitiator     : Database ->
	   name : MySQL
	version : 9.0.1
	  major : 9
	  minor : 0
2024-12-02T22:38:30.665-03:00 DEBUG 15031 --- [hotel-silvania] [           main] o.h.e.j.e.i.JdbcEnvironmentInitiator     : Driver ->
	   name : MySQL Connector/J
	version : mysql-connector-j-8.3.0 (Revision: 805f872a57875f311cb82487efcfb070411a3fa0)
	  major : 8
	  minor : 3
2024-12-02T22:38:30.665-03:00 DEBUG 15031 --- [hotel-silvania] [           main] o.h.e.j.e.i.JdbcEnvironmentInitiator     : JDBC version : 4.2
2024-12-02T22:38:30.665-03:00  WARN 15031 --- [hotel-silvania] [           main] org.hibernate.orm.deprecation            : HHH90000025: MySQL8Dialect does not need to be specified explicitly using 'hibernate.dialect' (remove the property setting and it will be selected by default)
2024-12-02T22:38:30.665-03:00 DEBUG 15031 --- [hotel-silvania] [           main] org.hibernate.orm.dialect                : HHH035001: Using dialect: org.hibernate.dialect.MySQL8Dialect, version: 8.0
2024-12-02T22:38:30.665-03:00  WARN 15031 --- [hotel-silvania] [           main] org.hibernate.orm.deprecation            : HHH90000026: MySQL8Dialect has been deprecated; use org.hibernate.dialect.MySQLDialect instead
2024-12-02T22:38:30.665-03:00 DEBUG 15031 --- [hotel-silvania] [           main] o.h.e.j.env.spi.IdentifierHelperBuilder  : JDBC driver metadata reported database stores quoted identifiers in more than one case
2024-12-02T22:38:30.665-03:00 DEBUG 15031 --- [hotel-silvania] [           main] o.h.e.j.env.spi.IdentifierHelperBuilder  : IdentifierCaseStrategy for both quoted and unquoted identifiers was set to the same strategy [MIXED]; that will likely lead to problems in schema update and validation if using quoted identifiers
2024-12-02T22:38:30.665-03:00 DEBUG 15031 --- [hotel-silvania] [           main] o.h.t.d.sql.spi.DdlTypeRegistry          : addDescriptor(12, org.hibernate.type.descriptor.sql.internal.CapacityDependentDdlType@cdfa38a) replaced previous registration(org.hibernate.type.descriptor.sql.internal.CapacityDependentDdlType@2e262f1d)
2024-12-02T22:38:30.665-03:00 DEBUG 15031 --- [hotel-silvania] [           main] o.h.t.d.sql.spi.DdlTypeRegistry          : addDescriptor(-9, org.hibernate.type.descriptor.sql.internal.CapacityDependentDdlType@7aaee816) replaced previous registration(org.hibernate.type.descriptor.sql.internal.CapacityDependentDdlType@6d448dcd)
2024-12-02T22:38:30.665-03:00 DEBUG 15031 --- [hotel-silvania] [           main] o.h.t.d.sql.spi.DdlTypeRegistry          : addDescriptor(-3, org.hibernate.type.descriptor.sql.internal.CapacityDependentDdlType@1cf6b01c) replaced previous registration(org.hibernate.type.descriptor.sql.internal.CapacityDependentDdlType@3b72a58)
2024-12-02T22:38:30.665-03:00 DEBUG 15031 --- [hotel-silvania] [           main] o.h.t.d.sql.spi.DdlTypeRegistry          : addDescriptor(4003, org.hibernate.type.descriptor.sql.internal.DdlTypeImpl@e549c60) replaced previous registration(org.hibernate.type.descriptor.sql.internal.DdlTypeImpl@47375282)
2024-12-02T22:38:30.665-03:00 DEBUG 15031 --- [hotel-silvania] [           main] o.h.t.d.sql.spi.DdlTypeRegistry          : addDescriptor(4001, org.hibernate.type.descriptor.sql.internal.DdlTypeImpl@6ee87c28) replaced previous registration(org.hibernate.type.descriptor.sql.internal.DdlTypeImpl@54b76e47)
2024-12-02T22:38:30.665-03:00 DEBUG 15031 --- [hotel-silvania] [           main] o.h.t.d.sql.spi.DdlTypeRegistry          : addDescriptor(4002, org.hibernate.type.descriptor.sql.internal.DdlTypeImpl@7eaa4f2d) replaced previous registration(org.hibernate.type.descriptor.sql.internal.DdlTypeImpl@3f4b138)
2024-12-02T22:38:30.665-03:00 DEBUG 15031 --- [hotel-silvania] [           main] o.h.t.d.sql.spi.DdlTypeRegistry          : addDescriptor(2004, org.hibernate.type.descriptor.sql.internal.CapacityDependentDdlType@2e508452) replaced previous registration(org.hibernate.type.descriptor.sql.internal.DdlTypeImpl@417a0289)
2024-12-02T22:38:30.666-03:00 DEBUG 15031 --- [hotel-silvania] [           main] o.h.t.d.sql.spi.DdlTypeRegistry          : addDescriptor(2005, org.hibernate.type.descriptor.sql.internal.CapacityDependentDdlType@6d05feac) replaced previous registration(org.hibernate.type.descriptor.sql.internal.DdlTypeImpl@4bdeef45)
2024-12-02T22:38:30.666-03:00 DEBUG 15031 --- [hotel-silvania] [           main] o.h.t.d.sql.spi.DdlTypeRegistry          : addDescriptor(2011, org.hibernate.type.descriptor.sql.internal.CapacityDependentDdlType@61868078) replaced previous registration(org.hibernate.type.descriptor.sql.internal.DdlTypeImpl@7079a88b)
2024-12-02T22:38:30.666-03:00 DEBUG 15031 --- [hotel-silvania] [           main] o.h.t.d.jdbc.spi.JdbcTypeRegistry        : addDescriptor(NCharTypeDescriptor) replaced previous registration(CharTypeDescriptor)
2024-12-02T22:38:30.666-03:00 DEBUG 15031 --- [hotel-silvania] [           main] o.h.t.d.jdbc.spi.JdbcTypeRegistry        : addDescriptor(NVarcharTypeDescriptor) replaced previous registration(VarcharTypeDescriptor)
2024-12-02T22:38:30.666-03:00 DEBUG 15031 --- [hotel-silvania] [           main] o.h.t.d.jdbc.spi.JdbcTypeRegistry        : addDescriptor(LongNVarcharTypeDescriptor) replaced previous registration(LongVarcharTypeDescriptor)
2024-12-02T22:38:30.666-03:00 DEBUG 15031 --- [hotel-silvania] [           main] o.h.t.d.jdbc.spi.JdbcTypeRegistry        : addDescriptor(NClobTypeDescriptor(DEFAULT)) replaced previous registration(ClobTypeDescriptor(DEFAULT))
2024-12-02T22:38:30.666-03:00 DEBUG 15031 --- [hotel-silvania] [           main] o.h.t.d.jdbc.spi.JdbcTypeRegistry        : addDescriptor(2005, ClobTypeDescriptor(STREAM_BINDING)) replaced previous registration(ClobTypeDescriptor(DEFAULT))
2024-12-02T22:38:30.666-03:00 DEBUG 15031 --- [hotel-silvania] [           main] org.hibernate.type.BasicTypeRegistry     : Adding type registration null -> org.hibernate.type.NullType@324bd8b6
2024-12-02T22:38:30.666-03:00 DEBUG 15031 --- [hotel-silvania] [           main] org.hibernate.type.BasicTypeRegistry     : Type registration key [null] overrode previous entry : `org.hibernate.type.NullType@5e6b2641`
2024-12-02T22:38:30.666-03:00 DEBUG 15031 --- [hotel-silvania] [           main] org.hibernate.type.BasicTypeRegistry     : Adding type registration org.hibernate.type.DurationType -> basicType@41(java.time.Duration,3015)
2024-12-02T22:38:30.666-03:00 DEBUG 15031 --- [hotel-silvania] [           main] org.hibernate.type.BasicTypeRegistry     : Adding type registration Duration -> basicType@41(java.time.Duration,3015)
2024-12-02T22:38:30.666-03:00 DEBUG 15031 --- [hotel-silvania] [           main] org.hibernate.type.BasicTypeRegistry     : Adding type registration java.time.Duration -> basicType@41(java.time.Duration,3015)
2024-12-02T22:38:30.666-03:00 DEBUG 15031 --- [hotel-silvania] [           main] org.hibernate.type.BasicTypeRegistry     : Adding type registration org.hibernate.type.OffsetDateTimeType -> basicType@42(java.time.OffsetDateTime,3003)
2024-12-02T22:38:30.666-03:00 DEBUG 15031 --- [hotel-silvania] [           main] org.hibernate.type.BasicTypeRegistry     : Adding type registration OffsetDateTime -> basicType@42(java.time.OffsetDateTime,3003)
2024-12-02T22:38:30.666-03:00 DEBUG 15031 --- [hotel-silvania] [           main] org.hibernate.type.BasicTypeRegistry     : Adding type registration java.time.OffsetDateTime -> basicType@42(java.time.OffsetDateTime,3003)
2024-12-02T22:38:30.666-03:00 DEBUG 15031 --- [hotel-silvania] [           main] org.hibernate.type.BasicTypeRegistry     : Adding type registration org.hibernate.type.ZonedDateTimeType -> basicType@43(java.time.ZonedDateTime,3003)
2024-12-02T22:38:30.666-03:00 DEBUG 15031 --- [hotel-silvania] [           main] org.hibernate.type.BasicTypeRegistry     : Adding type registration ZonedDateTime -> basicType@43(java.time.ZonedDateTime,3003)
2024-12-02T22:38:30.666-03:00 DEBUG 15031 --- [hotel-silvania] [           main] org.hibernate.type.BasicTypeRegistry     : Adding type registration java.time.ZonedDateTime -> basicType@43(java.time.ZonedDateTime,3003)
2024-12-02T22:38:30.666-03:00 DEBUG 15031 --- [hotel-silvania] [           main] org.hibernate.type.BasicTypeRegistry     : Adding type registration org.hibernate.type.OffsetTimeType -> basicType@44(java.time.OffsetTime,3007)
2024-12-02T22:38:30.666-03:00 DEBUG 15031 --- [hotel-silvania] [           main] org.hibernate.type.BasicTypeRegistry     : Adding type registration OffsetTime -> basicType@44(java.time.OffsetTime,3007)
2024-12-02T22:38:30.666-03:00 DEBUG 15031 --- [hotel-silvania] [           main] org.hibernate.type.BasicTypeRegistry     : Adding type registration java.time.OffsetTime -> basicType@44(java.time.OffsetTime,3007)
2024-12-02T22:38:30.666-03:00 DEBUG 15031 --- [hotel-silvania] [           main] o.h.type.spi.TypeConfiguration$Scope     : Scoping TypeConfiguration [org.hibernate.type.spi.TypeConfiguration@e53bd7d] to MetadataBuildingContext [org.hibernate.boot.internal.MetadataBuildingContextRootImpl@5b83698f]
2024-12-02T22:38:30.666-03:00 DEBUG 15031 --- [hotel-silvania] [           main] o.h.boot.model.relational.Namespace      : Created database namespace [logicalName=Name{catalog=null, schema=null}, physicalName=Name{catalog=null, schema=null}]
2024-12-02T22:38:30.666-03:00 DEBUG 15031 --- [hotel-silvania] [           main] o.h.boot.model.internal.EntityBinder     : Binding entity from annotated class: com.uniamerica.pie.hotel.models.Hospede
2024-12-02T22:38:30.666-03:00 DEBUG 15031 --- [hotel-silvania] [           main] o.h.boot.model.internal.EntityBinder     : Import with entity name Hospede
2024-12-02T22:38:30.666-03:00 DEBUG 15031 --- [hotel-silvania] [           main] o.h.boot.model.internal.EntityBinder     : Bind entity com.uniamerica.pie.hotel.models.Hospede on table hospede
2024-12-02T22:38:30.666-03:00 DEBUG 15031 --- [hotel-silvania] [           main] o.h.boot.model.internal.AnnotatedColumn  : Binding column: AnnotatedDiscriminatorColumn(column='DTYPE')
2024-12-02T22:38:30.667-03:00 DEBUG 15031 --- [hotel-silvania] [           main] o.h.boot.model.internal.AnnotatedColumn  : Binding column: AnnotatedColumn(column='id')
2024-12-02T22:38:30.667-03:00 DEBUG 15031 --- [hotel-silvania] [           main] o.h.boot.internal.ClassLoaderAccessImpl  : Not known whether passed class name [com.uniamerica.pie.hotel.models.Hospede] is safe
2024-12-02T22:38:30.667-03:00 DEBUG 15031 --- [hotel-silvania] [           main] o.h.boot.internal.ClassLoaderAccessImpl  : No temp ClassLoader provided; using live ClassLoader for loading potentially unsafe class : com.uniamerica.pie.hotel.models.Hospede
2024-12-02T22:38:30.667-03:00 DEBUG 15031 --- [hotel-silvania] [           main] o.h.boot.model.internal.PropertyBinder   : MetadataSourceProcessor property id with lazy=false
2024-12-02T22:38:30.667-03:00 DEBUG 15031 --- [hotel-silvania] [           main] o.h.b.m.internal.AbstractPropertyHolder  : Attempting to locate auto-apply AttributeConverter for property [com.uniamerica.pie.hotel.models.Hospede:id]
2024-12-02T22:38:30.667-03:00 DEBUG 15031 --- [hotel-silvania] [           main] o.h.b.model.internal.BasicValueBinder    : building BasicValue for id
2024-12-02T22:38:30.667-03:00 DEBUG 15031 --- [hotel-silvania] [           main] org.hibernate.mapping.BasicValue         : Skipping column re-registration: hospede.id
2024-12-02T22:38:30.667-03:00 DEBUG 15031 --- [hotel-silvania] [           main] o.h.boot.model.internal.PropertyBinder   : Building property id
2024-12-02T22:38:30.667-03:00 DEBUG 15031 --- [hotel-silvania] [           main] o.h.boot.model.internal.BinderHelper     : #makeIdGenerator(BasicValue([Column(id)]), id, identity, , ...)
2024-12-02T22:38:30.667-03:00 DEBUG 15031 --- [hotel-silvania] [           main] o.h.boot.model.internal.AnnotatedColumn  : Binding column: AnnotatedColumn(column='email')
2024-12-02T22:38:30.667-03:00 DEBUG 15031 --- [hotel-silvania] [           main] o.h.boot.model.internal.PropertyBinder   : MetadataSourceProcessor property email with lazy=false
2024-12-02T22:38:30.667-03:00 DEBUG 15031 --- [hotel-silvania] [           main] o.h.b.m.internal.AbstractPropertyHolder  : Attempting to locate auto-apply AttributeConverter for property [com.uniamerica.pie.hotel.models.Hospede:email]
2024-12-02T22:38:30.667-03:00 DEBUG 15031 --- [hotel-silvania] [           main] o.h.b.model.internal.BasicValueBinder    : building BasicValue for email
2024-12-02T22:38:30.667-03:00 DEBUG 15031 --- [hotel-silvania] [           main] org.hibernate.mapping.BasicValue         : Skipping column re-registration: hospede.email
2024-12-02T22:38:30.667-03:00 DEBUG 15031 --- [hotel-silvania] [           main] o.h.boot.model.internal.PropertyBinder   : Building property email
2024-12-02T22:38:30.667-03:00 DEBUG 15031 --- [hotel-silvania] [           main] o.h.boot.model.internal.AnnotatedColumn  : Binding column: AnnotatedColumn(column='nome')
2024-12-02T22:38:30.667-03:00 DEBUG 15031 --- [hotel-silvania] [           main] o.h.boot.model.internal.PropertyBinder   : MetadataSourceProcessor property nome with lazy=false
2024-12-02T22:38:30.667-03:00 DEBUG 15031 --- [hotel-silvania] [           main] o.h.b.m.internal.AbstractPropertyHolder  : Attempting to locate auto-apply AttributeConverter for property [com.uniamerica.pie.hotel.models.Hospede:nome]
2024-12-02T22:38:30.667-03:00 DEBUG 15031 --- [hotel-silvania] [           main] o.h.b.model.internal.BasicValueBinder    : building BasicValue for nome
2024-12-02T22:38:30.667-03:00 DEBUG 15031 --- [hotel-silvania] [           main] org.hibernate.mapping.BasicValue         : Skipping column re-registration: hospede.nome
2024-12-02T22:38:30.667-03:00 DEBUG 15031 --- [hotel-silvania] [           main] o.h.boot.model.internal.PropertyBinder   : Building property nome
2024-12-02T22:38:30.667-03:00 DEBUG 15031 --- [hotel-silvania] [           main] o.h.boot.model.internal.AnnotatedColumn  : Binding column: AnnotatedJoinColumn()
2024-12-02T22:38:30.667-03:00 DEBUG 15031 --- [hotel-silvania] [           main] o.h.boot.model.internal.AnnotatedColumn  : Binding column: AnnotatedColumn()
[...]
2024-12-02T22:38:31.174-03:00 DEBUG 15031 --- [hotel-silvania] [           main] o.s.w.s.m.m.a.HttpEntityMethodProcessor  : Writing [com.uniamerica.pie.hotel.models.Hotel@2d6f9f61]
2024-12-02T22:38:31.174-03:00 DEBUG 15031 --- [hotel-silvania] [           main] o.j.s.OpenEntityManagerInViewInterceptor : Closing JPA EntityManager in OpenEntityManagerInViewInterceptor
2024-12-02T22:38:31.174-03:00 DEBUG 15031 --- [hotel-silvania] [           main] o.s.t.web.servlet.TestDispatcherServlet  : Completed 201 CREATED
2024-12-02T22:38:31.175-03:00 DEBUG 15031 --- [hotel-silvania] [           main] org.springframework.test.context.cache   : Spring test ApplicationContext cache statistics: [DefaultContextCache@64904416 size = 3, maxSize = 32, parentContextCount = 0, hitCount = 138, missCount = 3, failureCount = 0]
2024-12-02T22:38:31.175-03:00 DEBUG 15031 --- [hotel-silvania] [           main] org.springframework.test.context.cache   : Spring test ApplicationContext cache statistics: [DefaultContextCache@64904416 size = 3, maxSize = 32, parentContextCount = 0, hitCount = 139, missCount = 3, failureCount = 0]
2024-12-02T22:38:31.175-03:00 DEBUG 15031 --- [hotel-silvania] [           main] org.springframework.test.context.cache   : Spring test ApplicationContext cache statistics: [DefaultContextCache@64904416 size = 3, maxSize = 32, parentContextCount = 0, hitCount = 140, missCount = 3, failureCount = 0]
2024-12-02T22:38:31.175-03:00 DEBUG 15031 --- [hotel-silvania] [           main] org.springframework.test.context.cache   : Spring test ApplicationContext cache statistics: [DefaultContextCache@64904416 size = 3, maxSize = 32, parentContextCount = 0, hitCount = 141, missCount = 3, failureCount = 0]
2024-12-02T22:38:31.175-03:00 DEBUG 15031 --- [hotel-silvania] [           main] org.springframework.test.context.cache   : Spring test ApplicationContext cache statistics: [DefaultContextCache@64904416 size = 3, maxSize = 32, parentContextCount = 0, hitCount = 142, missCount = 3, failureCount = 0]
2024-12-02T22:38:31.176-03:00 DEBUG 15031 --- [hotel-silvania] [           main] org.springframework.test.context.cache   : Spring test ApplicationContext cache statistics: [DefaultContextCache@64904416 size = 3, maxSize = 32, parentContextCount = 0, hitCount = 143, missCount = 3, failureCount = 0]
2024-12-02T22:38:31.176-03:00 DEBUG 15031 --- [hotel-silvania] [           main] .c.s.DirtiesContextTestExecutionListener : After test method: class [HotelControllerTest], method [testCadastrarHotel], class annotated with @DirtiesContext [false] with mode [null], method annotated with @DirtiesContext [false] with mode [null]
2024-12-02T22:38:31.176-03:00 DEBUG 15031 --- [hotel-silvania] [           main] o.s.t.c.w.ServletTestExecutionListener   : Resetting RequestContextHolder for test class com.uniamerica.pie.hotel.controllers.HotelControllerTest
]]></system-out>
  </testcase>
  <testcase name="testDeletarHotel" classname="com.uniamerica.pie.hotel.controllers.HotelControllerTest" time="0.004">
    <system-out><![CDATA[2024-12-02T22:38:31.176-03:00 DEBUG 15031 --- [hotel-silvania] [           main] org.springframework.test.context.cache   : Spring test ApplicationContext cache statistics: [DefaultContextCache@64904416 size = 3, maxSize = 32, parentContextCount = 0, hitCount = 144, missCount = 3, failureCount = 0]
2024-12-02T22:38:31.176-03:00 DEBUG 15031 --- [hotel-silvania] [           main] o.s.t.c.w.ServletTestExecutionListener   : Setting up MockHttpServletRequest, MockHttpServletResponse, ServletWebRequest, and RequestContextHolder for test class com.uniamerica.pie.hotel.controllers.HotelControllerTest
2024-12-02T22:38:31.176-03:00 DEBUG 15031 --- [hotel-silvania] [           main] org.springframework.test.context.cache   : Spring test ApplicationContext cache statistics: [DefaultContextCache@64904416 size = 3, maxSize = 32, parentContextCount = 0, hitCount = 145, missCount = 3, failureCount = 0]
2024-12-02T22:38:31.176-03:00 DEBUG 15031 --- [hotel-silvania] [           main] DependencyInjectionTestExecutionListener : Performing dependency injection for test class com.uniamerica.pie.hotel.controllers.HotelControllerTest
2024-12-02T22:38:31.176-03:00 DEBUG 15031 --- [hotel-silvania] [           main] org.springframework.test.context.cache   : Spring test ApplicationContext cache statistics: [DefaultContextCache@64904416 size = 3, maxSize = 32, parentContextCount = 0, hitCount = 146, missCount = 3, failureCount = 0]
2024-12-02T22:38:31.176-03:00 DEBUG 15031 --- [hotel-silvania] [           main] org.springframework.test.context.cache   : Spring test ApplicationContext cache statistics: [DefaultContextCache@64904416 size = 3, maxSize = 32, parentContextCount = 0, hitCount = 147, missCount = 3, failureCount = 0]
2024-12-02T22:38:31.177-03:00 DEBUG 15031 --- [hotel-silvania] [           main] sContextBeforeModesTestExecutionListener : Before test method: class [HotelControllerTest], method [testDeletarHotel], class annotated with @DirtiesContext [false] with mode [null], method annotated with @DirtiesContext [false] with mode [null]
2024-12-02T22:38:31.177-03:00 DEBUG 15031 --- [hotel-silvania] [           main] org.springframework.test.context.cache   : Spring test ApplicationContext cache statistics: [DefaultContextCache@64904416 size = 3, maxSize = 32, parentContextCount = 0, hitCount = 148, missCount = 3, failureCount = 0]
2024-12-02T22:38:31.177-03:00 DEBUG 15031 --- [hotel-silvania] [           main] org.springframework.test.context.cache   : Spring test ApplicationContext cache statistics: [DefaultContextCache@64904416 size = 3, maxSize = 32, parentContextCount = 0, hitCount = 149, missCount = 3, failureCount = 0]
2024-12-02T22:38:31.178-03:00  INFO 15031 --- [hotel-silvania] [           main] o.s.b.t.m.w.SpringBootMockServletContext : Initializing Spring TestDispatcherServlet ''
2024-12-02T22:38:31.178-03:00  INFO 15031 --- [hotel-silvania] [           main] o.s.t.web.servlet.TestDispatcherServlet  : Initializing Servlet ''
2024-12-02T22:38:31.178-03:00 DEBUG 15031 --- [hotel-silvania] [           main] o.s.t.web.servlet.TestDispatcherServlet  : Detected StandardServletMultipartResolver
2024-12-02T22:38:31.178-03:00 DEBUG 15031 --- [hotel-silvania] [           main] o.s.t.web.servlet.TestDispatcherServlet  : Detected AcceptHeaderLocaleResolver
2024-12-02T22:38:31.178-03:00 DEBUG 15031 --- [hotel-silvania] [           main] o.s.t.web.servlet.TestDispatcherServlet  : Detected FixedThemeResolver
2024-12-02T22:38:31.178-03:00 DEBUG 15031 --- [hotel-silvania] [           main] o.s.t.web.servlet.TestDispatcherServlet  : Detected org.springframework.web.servlet.view.DefaultRequestToViewNameTranslator@2ee4446f
2024-12-02T22:38:31.178-03:00 DEBUG 15031 --- [hotel-silvania] [           main] o.s.t.web.servlet.TestDispatcherServlet  : Detected org.springframework.web.servlet.support.SessionFlashMapManager@280355b4
2024-12-02T22:38:31.178-03:00 DEBUG 15031 --- [hotel-silvania] [           main] o.s.t.web.servlet.TestDispatcherServlet  : enableLoggingRequestDetails='false': request parameters and headers will be masked to prevent unsafe logging of potentially sensitive data
2024-12-02T22:38:31.178-03:00  INFO 15031 --- [hotel-silvania] [           main] o.s.t.web.servlet.TestDispatcherServlet  : Completed initialization in 0 ms
2024-12-02T22:38:31.178-03:00 DEBUG 15031 --- [hotel-silvania] [           main] org.springframework.test.context.cache   : Spring test ApplicationContext cache statistics: [DefaultContextCache@64904416 size = 3, maxSize = 32, parentContextCount = 0, hitCount = 150, missCount = 3, failureCount = 0]
2024-12-02T22:38:31.179-03:00 DEBUG 15031 --- [hotel-silvania] [           main] o.s.t.web.servlet.TestDispatcherServlet  : DELETE "/hoteis/1", parameters={}
2024-12-02T22:38:31.179-03:00 DEBUG 15031 --- [hotel-silvania] [           main] s.w.s.m.m.a.RequestMappingHandlerMapping : Mapped to com.uniamerica.pie.hotel.controllers.HotelController#deletarHotel(Long)
2024-12-02T22:38:31.179-03:00 DEBUG 15031 --- [hotel-silvania] [           main] o.j.s.OpenEntityManagerInViewInterceptor : Opening JPA EntityManager in OpenEntityManagerInViewInterceptor
2024-12-02T22:38:31.180-03:00 DEBUG 15031 --- [hotel-silvania] [           main] o.s.w.s.m.m.a.HttpEntityMethodProcessor  : Using 'application/json', given [*/*] and supported [application/json, application/*+json]
2024-12-02T22:38:31.180-03:00 DEBUG 15031 --- [hotel-silvania] [           main] o.s.w.s.m.m.a.HttpEntityMethodProcessor  : Nothing to write: null body
2024-12-02T22:38:31.180-03:00 DEBUG 15031 --- [hotel-silvania] [           main] o.j.s.OpenEntityManagerInViewInterceptor : Closing JPA EntityManager in OpenEntityManagerInViewInterceptor
2024-12-02T22:38:31.180-03:00 DEBUG 15031 --- [hotel-silvania] [           main] o.s.t.web.servlet.TestDispatcherServlet  : Completed 204 NO_CONTENT
2024-12-02T22:38:31.180-03:00 DEBUG 15031 --- [hotel-silvania] [           main] org.springframework.test.context.cache   : Spring test ApplicationContext cache statistics: [DefaultContextCache@64904416 size = 3, maxSize = 32, parentContextCount = 0, hitCount = 151, missCount = 3, failureCount = 0]
2024-12-02T22:38:31.180-03:00 DEBUG 15031 --- [hotel-silvania] [           main] org.springframework.test.context.cache   : Spring test ApplicationContext cache statistics: [DefaultContextCache@64904416 size = 3, maxSize = 32, parentContextCount = 0, hitCount = 152, missCount = 3, failureCount = 0]
2024-12-02T22:38:31.180-03:00 DEBUG 15031 --- [hotel-silvania] [           main] org.springframework.test.context.cache   : Spring test ApplicationContext cache statistics: [DefaultContextCache@64904416 size = 3, maxSize = 32, parentContextCount = 0, hitCount = 153, missCount = 3, failureCount = 0]
2024-12-02T22:38:31.180-03:00 DEBUG 15031 --- [hotel-silvania] [           main] org.springframework.test.context.cache   : Spring test ApplicationContext cache statistics: [DefaultContextCache@64904416 size = 3, maxSize = 32, parentContextCount = 0, hitCount = 154, missCount = 3, failureCount = 0]
2024-12-02T22:38:31.180-03:00 DEBUG 15031 --- [hotel-silvania] [           main] org.springframework.test.context.cache   : Spring test ApplicationContext cache statistics: [DefaultContextCache@64904416 size = 3, maxSize = 32, parentContextCount = 0, hitCount = 155, missCount = 3, failureCount = 0]
2024-12-02T22:38:31.181-03:00 DEBUG 15031 --- [hotel-silvania] [           main] org.springframework.test.context.cache   : Spring test ApplicationContext cache statistics: [DefaultContextCache@64904416 size = 3, maxSize = 32, parentContextCount = 0, hitCount = 156, missCount = 3, failureCount = 0]
2024-12-02T22:38:31.181-03:00 DEBUG 15031 --- [hotel-silvania] [           main] .c.s.DirtiesContextTestExecutionListener : After test method: class [HotelControllerTest], method [testDeletarHotel], class annotated with @DirtiesContext [false] with mode [null], method annotated with @DirtiesContext [false] with mode [null]
2024-12-02T22:38:31.181-03:00 DEBUG 15031 --- [hotel-silvania] [           main] o.s.t.c.w.ServletTestExecutionListener   : Resetting RequestContextHolder for test class com.uniamerica.pie.hotel.controllers.HotelControllerTest
]]></system-out>
  </testcase>
  <testcase name="testAtualizarHotel" classname="com.uniamerica.pie.hotel.controllers.HotelControllerTest" time="0.007">
    <system-out><![CDATA[2024-12-02T22:38:31.181-03:00 DEBUG 15031 --- [hotel-silvania] [           main] org.springframework.test.context.cache   : Spring test ApplicationContext cache statistics: [DefaultContextCache@64904416 size = 3, maxSize = 32, parentContextCount = 0, hitCount = 157, missCount = 3, failureCount = 0]
2024-12-02T22:38:31.181-03:00 DEBUG 15031 --- [hotel-silvania] [           main] o.s.t.c.w.ServletTestExecutionListener   : Setting up MockHttpServletRequest, MockHttpServletResponse, ServletWebRequest, and RequestContextHolder for test class com.uniamerica.pie.hotel.controllers.HotelControllerTest
2024-12-02T22:38:31.181-03:00 DEBUG 15031 --- [hotel-silvania] [           main] org.springframework.test.context.cache   : Spring test ApplicationContext cache statistics: [DefaultContextCache@64904416 size = 3, maxSize = 32, parentContextCount = 0, hitCount = 158, missCount = 3, failureCount = 0]
2024-12-02T22:38:31.181-03:00 DEBUG 15031 --- [hotel-silvania] [           main] DependencyInjectionTestExecutionListener : Performing dependency injection for test class com.uniamerica.pie.hotel.controllers.HotelControllerTest
2024-12-02T22:38:31.181-03:00 DEBUG 15031 --- [hotel-silvania] [           main] org.springframework.test.context.cache   : Spring test ApplicationContext cache statistics: [DefaultContextCache@64904416 size = 3, maxSize = 32, parentContextCount = 0, hitCount = 159, missCount = 3, failureCount = 0]
2024-12-02T22:38:31.181-03:00 DEBUG 15031 --- [hotel-silvania] [           main] org.springframework.test.context.cache   : Spring test ApplicationContext cache statistics: [DefaultContextCache@64904416 size = 3, maxSize = 32, parentContextCount = 0, hitCount = 160, missCount = 3, failureCount = 0]
2024-12-02T22:38:31.182-03:00 DEBUG 15031 --- [hotel-silvania] [           main] sContextBeforeModesTestExecutionListener : Before test method: class [HotelControllerTest], method [testAtualizarHotel], class annotated with @DirtiesContext [false] with mode [null], method annotated with @DirtiesContext [false] with mode [null]
2024-12-02T22:38:31.182-03:00 DEBUG 15031 --- [hotel-silvania] [           main] org.springframework.test.context.cache   : Spring test ApplicationContext cache statistics: [DefaultContextCache@64904416 size = 3, maxSize = 32, parentContextCount = 0, hitCount = 161, missCount = 3, failureCount = 0]
2024-12-02T22:38:31.182-03:00 DEBUG 15031 --- [hotel-silvania] [           main] org.springframework.test.context.cache   : Spring test ApplicationContext cache statistics: [DefaultContextCache@64904416 size = 3, maxSize = 32, parentContextCount = 0, hitCount = 162, missCount = 3, failureCount = 0]
2024-12-02T22:38:31.182-03:00  INFO 15031 --- [hotel-silvania] [           main] o.s.b.t.m.w.SpringBootMockServletContext : Initializing Spring TestDispatcherServlet ''
2024-12-02T22:38:31.182-03:00  INFO 15031 --- [hotel-silvania] [           main] o.s.t.web.servlet.TestDispatcherServlet  : Initializing Servlet ''
2024-12-02T22:38:31.182-03:00 DEBUG 15031 --- [hotel-silvania] [           main] o.s.t.web.servlet.TestDispatcherServlet  : Detected StandardServletMultipartResolver
2024-12-02T22:38:31.182-03:00 DEBUG 15031 --- [hotel-silvania] [           main] o.s.t.web.servlet.TestDispatcherServlet  : Detected AcceptHeaderLocaleResolver
2024-12-02T22:38:31.182-03:00 DEBUG 15031 --- [hotel-silvania] [           main] o.s.t.web.servlet.TestDispatcherServlet  : Detected FixedThemeResolver
2024-12-02T22:38:31.183-03:00 DEBUG 15031 --- [hotel-silvania] [           main] o.s.t.web.servlet.TestDispatcherServlet  : Detected org.springframework.web.servlet.view.DefaultRequestToViewNameTranslator@2ee4446f
2024-12-02T22:38:31.183-03:00 DEBUG 15031 --- [hotel-silvania] [           main] o.s.t.web.servlet.TestDispatcherServlet  : Detected org.springframework.web.servlet.support.SessionFlashMapManager@280355b4
2024-12-02T22:38:31.183-03:00 DEBUG 15031 --- [hotel-silvania] [           main] o.s.t.web.servlet.TestDispatcherServlet  : enableLoggingRequestDetails='false': request parameters and headers will be masked to prevent unsafe logging of potentially sensitive data
2024-12-02T22:38:31.183-03:00  INFO 15031 --- [hotel-silvania] [           main] o.s.t.web.servlet.TestDispatcherServlet  : Completed initialization in 1 ms
2024-12-02T22:38:31.183-03:00 DEBUG 15031 --- [hotel-silvania] [           main] org.springframework.test.context.cache   : Spring test ApplicationContext cache statistics: [DefaultContextCache@64904416 size = 3, maxSize = 32, parentContextCount = 0, hitCount = 163, missCount = 3, failureCount = 0]
2024-12-02T22:38:31.185-03:00 DEBUG 15031 --- [hotel-silvania] [           main] o.s.t.web.servlet.TestDispatcherServlet  : PUT "/hoteis/1", parameters={}
2024-12-02T22:38:31.186-03:00 DEBUG 15031 --- [hotel-silvania] [           main] s.w.s.m.m.a.RequestMappingHandlerMapping : Mapped to com.uniamerica.pie.hotel.controllers.HotelController#atualizarHotel(Long, Hotel)
2024-12-02T22:38:31.186-03:00 DEBUG 15031 --- [hotel-silvania] [           main] o.j.s.OpenEntityManagerInViewInterceptor : Opening JPA EntityManager in OpenEntityManagerInViewInterceptor
2024-12-02T22:38:31.186-03:00 DEBUG 15031 --- [hotel-silvania] [           main] m.m.a.RequestResponseBodyMethodProcessor : Read "application/json" to [com.uniamerica.pie.hotel.models.Hotel@d407b1]
2024-12-02T22:38:31.187-03:00 DEBUG 15031 --- [hotel-silvania] [           main] o.s.w.s.m.m.a.HttpEntityMethodProcessor  : Using 'application/json', given [*/*] and supported [application/json, application/*+json]
2024-12-02T22:38:31.187-03:00 DEBUG 15031 --- [hotel-silvania] [           main] o.s.w.s.m.m.a.HttpEntityMethodProcessor  : Writing [com.uniamerica.pie.hotel.models.Hotel@9f5c03]
2024-12-02T22:38:31.187-03:00 DEBUG 15031 --- [hotel-silvania] [           main] o.j.s.OpenEntityManagerInViewInterceptor : Closing JPA EntityManager in OpenEntityManagerInViewInterceptor
2024-12-02T22:38:31.187-03:00 DEBUG 15031 --- [hotel-silvania] [           main] o.s.t.web.servlet.TestDispatcherServlet  : Completed 200 OK
2024-12-02T22:38:31.188-03:00 DEBUG 15031 --- [hotel-silvania] [           main] org.springframework.test.context.cache   : Spring test ApplicationContext cache statistics: [DefaultContextCache@64904416 size = 3, maxSize = 32, parentContextCount = 0, hitCount = 164, missCount = 3, failureCount = 0]
2024-12-02T22:38:31.188-03:00 DEBUG 15031 --- [hotel-silvania] [           main] org.springframework.test.context.cache   : Spring test ApplicationContext cache statistics: [DefaultContextCache@64904416 size = 3, maxSize = 32, parentContextCount = 0, hitCount = 165, missCount = 3, failureCount = 0]
2024-12-02T22:38:31.188-03:00 DEBUG 15031 --- [hotel-silvania] [           main] org.springframework.test.context.cache   : Spring test ApplicationContext cache statistics: [DefaultContextCache@64904416 size = 3, maxSize = 32, parentContextCount = 0, hitCount = 166, missCount = 3, failureCount = 0]
2024-12-02T22:38:31.188-03:00 DEBUG 15031 --- [hotel-silvania] [           main] org.springframework.test.context.cache   : Spring test ApplicationContext cache statistics: [DefaultContextCache@64904416 size = 3, maxSize = 32, parentContextCount = 0, hitCount = 167, missCount = 3, failureCount = 0]
2024-12-02T22:38:31.189-03:00 DEBUG 15031 --- [hotel-silvania] [           main] org.springframework.test.context.cache   : Spring test ApplicationContext cache statistics: [DefaultContextCache@64904416 size = 3, maxSize = 32, parentContextCount = 0, hitCount = 168, missCount = 3, failureCount = 0]
2024-12-02T22:38:31.189-03:00 DEBUG 15031 --- [hotel-silvania] [           main] org.springframework.test.context.cache   : Spring test ApplicationContext cache statistics: [DefaultContextCache@64904416 size = 3, maxSize = 32, parentContextCount = 0, hitCount = 169, missCount = 3, failureCount = 0]
2024-12-02T22:38:31.189-03:00 DEBUG 15031 --- [hotel-silvania] [           main] .c.s.DirtiesContextTestExecutionListener : After test method: class [HotelControllerTest], method [testAtualizarHotel], class annotated with @DirtiesContext [false] with mode [null], method annotated with @DirtiesContext [false] with mode [null]
2024-12-02T22:38:31.189-03:00 DEBUG 15031 --- [hotel-silvania] [           main] o.s.t.c.w.ServletTestExecutionListener   : Resetting RequestContextHolder for test class com.uniamerica.pie.hotel.controllers.HotelControllerTest
]]></system-out>
  </testcase>
</testsuite>