<?xml version="1.0" encoding="UTF-8"?>
<testsuite xmlns:xsi="http://www.w3.org/2001/XMLSchema-instance" xsi:noNamespaceSchemaLocation="https://maven.apache.org/surefire/maven-surefire-plugin/xsd/surefire-test-report-3.0.xsd" version="3.0" name="com.uniamerica.pie.hotel.services.HotelServiceTest" time="0.106" tests="2" errors="0" skipped="0" failures="0">
  <properties>
[...]
</properties>
  <testcase name="testBuscarHotelNaoEncontrado" classname="com.uniamerica.pie.hotel.services.HotelServiceTest" time="0.003">
    <system-out><![CDATA[2024-12-04T18:49:33.182-03:00 DEBUG 3024 --- [hotel-silvania] [           main] .b.t.c.SpringBootTestContextBootstrapper : Neither @ContextConfiguration nor @ContextHierarchy found for test class [HotelServiceTest]: using SpringBootContextLoader
2024-12-04T18:49:33.182-03:00 DEBUG 3024 --- [hotel-silvania] [           main] o.s.t.c.support.AbstractContextLoader    : Could not detect default resource locations for test class [com.uniamerica.pie.hotel.services.HotelServiceTest]: no resource found for suffixes {-context.xml, Context.groovy}.
2024-12-04T18:49:33.183-03:00  INFO 3024 --- [hotel-silvania] [           main] t.c.s.AnnotationConfigContextLoaderUtils : Could not detect default configuration classes for test class [com.uniamerica.pie.hotel.services.HotelServiceTest]: HotelServiceTest does not declare any static, non-private, non-final, nested classes annotated with @Configuration.
2024-12-04T18:49:33.183-03:00 DEBUG 3024 --- [hotel-silvania] [           main] .b.t.c.SpringBootTestContextBootstrapper : Using ContextCustomizerFactory implementations for test class [HotelServiceTest]: [ImportsContextCustomizerFactory, ExcludeFilterContextCustomizerFactory, HttpGraphQlTesterContextCustomizerFactory, DuplicateJsonObjectContextCustomizerFactory, MockitoContextCustomizerFactory, TestRestTemplateContextCustomizerFactory, WebTestClientContextCustomizerFactory, DisableReactorResourceFactoryGlobalResourcesContextCustomizerFactory, OnFailureConditionReportContextCustomizerFactory, OverrideAutoConfigurationContextCustomizerFactory, ObservabilityContextCustomizerFactory, TypeExcludeFiltersContextCustomizerFactory, PropertyMappingContextCustomizerFactory, WebDriverContextCustomizerFactory, MockServerContainerContextCustomizerFactory, DynamicPropertiesContextCustomizerFactory]
2024-12-04T18:49:33.183-03:00 DEBUG 3024 --- [hotel-silvania] [           main] .b.t.c.SpringBootTestContextBootstrapper : Using ContextCustomizers for test class [HotelServiceTest]: [ExcludeFilterContextCustomizer, DuplicateJsonObjectContextCustomizer, MockitoContextCustomizer, TestRestTemplateContextCustomizer, DisableReactorResourceFactoryGlobalResourcesContextCustomizerCustomizer, OnFailureConditionReportContextCustomizer, DisableObservabilityContextCustomizer, PropertyMappingContextCustomizer, WebDriverContextCustomizer]
2024-12-04T18:49:33.186-03:00 DEBUG 3024 --- [hotel-silvania] [           main] ssPathScanningCandidateComponentProvider : Identified candidate component class: file [/Users/fernandosuerte/Downloads/hotelPIE-main 2/target/classes/com/uniamerica/pie/hotel/HotelSilvaniaApplication.class]
2024-12-04T18:49:33.186-03:00  INFO 3024 --- [hotel-silvania] [           main] .b.t.c.SpringBootTestContextBootstrapper : Found @SpringBootConfiguration com.uniamerica.pie.hotel.HotelSilvaniaApplication for test class com.uniamerica.pie.hotel.services.HotelServiceTest
2024-12-04T18:49:33.186-03:00 DEBUG 3024 --- [hotel-silvania] [           main] .s.t.c.u.TestContextSpringFactoriesUtils : Skipping candidate TestExecutionListener [org.springframework.test.context.observation.MicrometerObservationRegistryTestExecutionListener] due to a missing dependency. Specify custom TestExecutionListener classes or make the default TestExecutionListener classes and their required dependencies available. Offending class: io.micrometer.context.ThreadLocalAccessor. MicrometerObservationRegistryTestExecutionListener requires io.micrometer:micrometer-observation:1.10.8 or higher and io.micrometer:context-propagation:1.0.3 or higher.
2024-12-04T18:49:33.186-03:00 DEBUG 3024 --- [hotel-silvania] [           main] .b.t.c.SpringBootTestContextBootstrapper : Using TestExecutionListeners for test class [HotelServiceTest]: [ServletTestExecutionListener, DirtiesContextBeforeModesTestExecutionListener, ApplicationEventsTestExecutionListener, MockitoTestExecutionListener, DependencyInjectionTestExecutionListener, DirtiesContextTestExecutionListener, TransactionalTestExecutionListener, SqlScriptsTestExecutionListener, EventPublishingTestExecutionListener, ResetMocksTestExecutionListener, RestDocsTestExecutionListener, MockRestServiceServerResetTestExecutionListener, MockMvcPrintOnlyOnFailureTestExecutionListener, WebDriverTestExecutionListener, MockWebServiceServerTestExecutionListener]
2024-12-04T18:49:33.187-03:00 DEBUG 3024 --- [hotel-silvania] [           main] sContextBeforeModesTestExecutionListener : Before test class: class [HotelServiceTest], class annotated with @DirtiesContext [false] with mode [null]
2024-12-04T18:49:33.187-03:00 DEBUG 3024 --- [hotel-silvania] [           main] org.springframework.test.context.cache   : Spring test ApplicationContext cache statistics: [DefaultContextCache@2d471a7d size = 3, maxSize = 32, parentContextCount = 0, hitCount = 171, missCount = 3, failureCount = 0]
2024-12-04T18:49:33.187-03:00 DEBUG 3024 --- [hotel-silvania] [           main] org.springframework.test.context.cache   : Spring test ApplicationContext cache statistics: [DefaultContextCache@2d471a7d size = 3, maxSize = 32, parentContextCount = 0, hitCount = 172, missCount = 3, failureCount = 0]
2024-12-04T18:49:33.187-03:00 DEBUG 3024 --- [hotel-silvania] [           main] o.s.t.c.w.ServletTestExecutionListener   : Setting up MockHttpServletRequest, MockHttpServletResponse, ServletWebRequest, and RequestContextHolder for test class com.uniamerica.pie.hotel.services.HotelServiceTest
2024-12-04T18:49:33.272-03:00 DEBUG 3024 --- [hotel-silvania] [           main] DependencyInjectionTestExecutionListener : Performing dependency injection for test class com.uniamerica.pie.hotel.services.HotelServiceTest
2024-12-04T18:49:33.273-03:00 DEBUG 3024 --- [hotel-silvania] [           main] org.springframework.test.context.cache   : Spring test ApplicationContext cache statistics: [DefaultContextCache@2d471a7d size = 3, maxSize = 32, parentContextCount = 0, hitCount = 173, missCount = 3, failureCount = 0]
2024-12-04T18:49:33.273-03:00 DEBUG 3024 --- [hotel-silvania] [           main] org.springframework.test.context.cache   : Spring test ApplicationContext cache statistics: [DefaultContextCache@2d471a7d size = 3, maxSize = 32, parentContextCount = 0, hitCount = 174, missCount = 3, failureCount = 0]
2024-12-04T18:49:33.273-03:00 DEBUG 3024 --- [hotel-silvania] [           main] sContextBeforeModesTestExecutionListener : Before test method: class [HotelServiceTest], method [testBuscarHotelNaoEncontrado], class annotated with @DirtiesContext [false] with mode [null], method annotated with @DirtiesContext [false] with mode [null]
2024-12-04T18:49:33.273-03:00 DEBUG 3024 --- [hotel-silvania] [           main] org.springframework.test.context.cache   : Spring test ApplicationContext cache statistics: [DefaultContextCache@2d471a7d size = 3, maxSize = 32, parentContextCount = 0, hitCount = 175, missCount = 3, failureCount = 0]
2024-12-04T18:49:33.273-03:00 DEBUG 3024 --- [hotel-silvania] [           main] org.springframework.test.context.cache   : Spring test ApplicationContext cache statistics: [DefaultContextCache@2d471a7d size = 3, maxSize = 32, parentContextCount = 0, hitCount = 176, missCount = 3, failureCount = 0]
2024-12-04T18:49:33.274-03:00 DEBUG 3024 --- [hotel-silvania] [           main] org.springframework.test.context.cache   : Spring test ApplicationContext cache statistics: [DefaultContextCache@2d471a7d size = 3, maxSize = 32, parentContextCount = 0, hitCount = 177, missCount = 3, failureCount = 0]
2024-12-04T18:49:33.275-03:00 DEBUG 3024 --- [hotel-silvania] [           main] org.springframework.test.context.cache   : Spring test ApplicationContext cache statistics: [DefaultContextCache@2d471a7d size = 3, maxSize = 32, parentContextCount = 0, hitCount = 178, missCount = 3, failureCount = 0]
2024-12-04T18:49:33.275-03:00 DEBUG 3024 --- [hotel-silvania] [           main] org.springframework.test.context.cache   : Spring test ApplicationContext cache statistics: [DefaultContextCache@2d471a7d size = 3, maxSize = 32, parentContextCount = 0, hitCount = 179, missCount = 3, failureCount = 0]
2024-12-04T18:49:33.275-03:00 DEBUG 3024 --- [hotel-silvania] [           main] org.springframework.test.context.cache   : Spring test ApplicationContext cache statistics: [DefaultContextCache@2d471a7d size = 3, maxSize = 32, parentContextCount = 0, hitCount = 180, missCount = 3, failureCount = 0]
2024-12-04T18:49:33.275-03:00 DEBUG 3024 --- [hotel-silvania] [           main] org.springframework.test.context.cache   : Spring test ApplicationContext cache statistics: [DefaultContextCache@2d471a7d size = 3, maxSize = 32, parentContextCount = 0, hitCount = 181, missCount = 3, failureCount = 0]
2024-12-04T18:49:33.275-03:00 DEBUG 3024 --- [hotel-silvania] [           main] org.springframework.test.context.cache   : Spring test ApplicationContext cache statistics: [DefaultContextCache@2d471a7d size = 3, maxSize = 32, parentContextCount = 0, hitCount = 182, missCount = 3, failureCount = 0]
2024-12-04T18:49:33.276-03:00 DEBUG 3024 --- [hotel-silvania] [           main] org.springframework.test.context.cache   : Spring test ApplicationContext cache statistics: [DefaultContextCache@2d471a7d size = 3, maxSize = 32, parentContextCount = 0, hitCount = 183, missCount = 3, failureCount = 0]
2024-12-04T18:49:33.276-03:00 DEBUG 3024 --- [hotel-silvania] [           main] .c.s.DirtiesContextTestExecutionListener : After test method: class [HotelServiceTest], method [testBuscarHotelNaoEncontrado], class annotated with @DirtiesContext [false] with mode [null], method annotated with @DirtiesContext [false] with mode [null]
2024-12-04T18:49:33.276-03:00 DEBUG 3024 --- [hotel-silvania] [           main] o.s.t.c.w.ServletTestExecutionListener   : Resetting RequestContextHolder for test class com.uniamerica.pie.hotel.services.HotelServiceTest
]]></system-out>
  </testcase>
  <testcase name="testAtualizarHotel" classname="com.uniamerica.pie.hotel.services.HotelServiceTest" time="0.003">
    <system-out><![CDATA[2024-12-04T18:49:33.276-03:00 DEBUG 3024 --- [hotel-silvania] [           main] org.springframework.test.context.cache   : Spring test ApplicationContext cache statistics: [DefaultContextCache@2d471a7d size = 3, maxSize = 32, parentContextCount = 0, hitCount = 184, missCount = 3, failureCount = 0]
2024-12-04T18:49:33.276-03:00 DEBUG 3024 --- [hotel-silvania] [           main] o.s.t.c.w.ServletTestExecutionListener   : Setting up MockHttpServletRequest, MockHttpServletResponse, ServletWebRequest, and RequestContextHolder for test class com.uniamerica.pie.hotel.services.HotelServiceTest
2024-12-04T18:49:33.277-03:00 DEBUG 3024 --- [hotel-silvania] [           main] DependencyInjectionTestExecutionListener : Performing dependency injection for test class com.uniamerica.pie.hotel.services.HotelServiceTest
2024-12-04T18:49:33.277-03:00 DEBUG 3024 --- [hotel-silvania] [           main] org.springframework.test.context.cache   : Spring test ApplicationContext cache statistics: [DefaultContextCache@2d471a7d size = 3, maxSize = 32, parentContextCount = 0, hitCount = 185, missCount = 3, failureCount = 0]
2024-12-04T18:49:33.277-03:00 DEBUG 3024 --- [hotel-silvania] [           main] org.springframework.test.context.cache   : Spring test ApplicationContext cache statistics: [DefaultContextCache@2d471a7d size = 3, maxSize = 32, parentContextCount = 0, hitCount = 186, missCount = 3, failureCount = 0]
2024-12-04T18:49:33.277-03:00 DEBUG 3024 --- [hotel-silvania] [           main] sContextBeforeModesTestExecutionListener : Before test method: class [HotelServiceTest], method [testAtualizarHotel], class annotated with @DirtiesContext [false] with mode [null], method annotated with @DirtiesContext [false] with mode [null]
2024-12-04T18:49:33.277-03:00 DEBUG 3024 --- [hotel-silvania] [           main] org.springframework.test.context.cache   : Spring test ApplicationContext cache statistics: [DefaultContextCache@2d471a7d size = 3, maxSize = 32, parentContextCount = 0, hitCount = 187, missCount = 3, failureCount = 0]
2024-12-04T18:49:33.277-03:00 DEBUG 3024 --- [hotel-silvania] [           main] org.springframework.test.context.cache   : Spring test ApplicationContext cache statistics: [DefaultContextCache@2d471a7d size = 3, maxSize = 32, parentContextCount = 0, hitCount = 188, missCount = 3, failureCount = 0]
2024-12-04T18:49:33.278-03:00 DEBUG 3024 --- [hotel-silvania] [           main] org.springframework.test.context.cache   : Spring test ApplicationContext cache statistics: [DefaultContextCache@2d471a7d size = 3, maxSize = 32, parentContextCount = 0, hitCount = 189, missCount = 3, failureCount = 0]
2024-12-04T18:49:33.279-03:00 DEBUG 3024 --- [hotel-silvania] [           main] org.springframework.test.context.cache   : Spring test ApplicationContext cache statistics: [DefaultContextCache@2d471a7d size = 3, maxSize = 32, parentContextCount = 0, hitCount = 190, missCount = 3, failureCount = 0]
2024-12-04T18:49:33.279-03:00 DEBUG 3024 --- [hotel-silvania] [           main] org.springframework.test.context.cache   : Spring test ApplicationContext cache statistics: [DefaultContextCache@2d471a7d size = 3, maxSize = 32, parentContextCount = 0, hitCount = 191, missCount = 3, failureCount = 0]
2024-12-04T18:49:33.279-03:00 DEBUG 3024 --- [hotel-silvania] [           main] org.springframework.test.context.cache   : Spring test ApplicationContext cache statistics: [DefaultContextCache@2d471a7d size = 3, maxSize = 32, parentContextCount = 0, hitCount = 192, missCount = 3, failureCount = 0]
2024-12-04T18:49:33.279-03:00 DEBUG 3024 --- [hotel-silvania] [           main] org.springframework.test.context.cache   : Spring test ApplicationContext cache statistics: [DefaultContextCache@2d471a7d size = 3, maxSize = 32, parentContextCount = 0, hitCount = 193, missCount = 3, failureCount = 0]
2024-12-04T18:49:33.279-03:00 DEBUG 3024 --- [hotel-silvania] [           main] org.springframework.test.context.cache   : Spring test ApplicationContext cache statistics: [DefaultContextCache@2d471a7d size = 3, maxSize = 32, parentContextCount = 0, hitCount = 194, missCount = 3, failureCount = 0]
2024-12-04T18:49:33.279-03:00 DEBUG 3024 --- [hotel-silvania] [           main] org.springframework.test.context.cache   : Spring test ApplicationContext cache statistics: [DefaultContextCache@2d471a7d size = 3, maxSize = 32, parentContextCount = 0, hitCount = 195, missCount = 3, failureCount = 0]
2024-12-04T18:49:33.280-03:00 DEBUG 3024 --- [hotel-silvania] [           main] .c.s.DirtiesContextTestExecutionListener : After test method: class [HotelServiceTest], method [testAtualizarHotel], class annotated with @DirtiesContext [false] with mode [null], method annotated with @DirtiesContext [false] with mode [null]
2024-12-04T18:49:33.280-03:00 DEBUG 3024 --- [hotel-silvania] [           main] o.s.t.c.w.ServletTestExecutionListener   : Resetting RequestContextHolder for test class com.uniamerica.pie.hotel.services.HotelServiceTest
]]></system-out>
  </testcase>
</testsuite>