<?xml version="1.0" encoding="UTF-8"?>
<testsuite xmlns:xsi="http://www.w3.org/2001/XMLSchema-instance" xsi:noNamespaceSchemaLocation="https://maven.apache.org/surefire/maven-surefire-plugin/xsd/surefire-test-report-3.0.xsd" version="3.0" name="com.uniamerica.pie.hotel.HotelSilvaniaApplicationTests" time="4.845" tests="1" errors="0" skipped="0" failures="0">
  <properties>
[...]
</properties>
  <testcase name="contextLoads" classname="com.uniamerica.pie.hotel.HotelSilvaniaApplicationTests" time="0.355">
    <system-out><![CDATA[18:49:26.223 [main] INFO org.springframework.test.context.support.AnnotationConfigContextLoaderUtils -- Could not detect default configuration classes for test class [com.uniamerica.pie.hotel.HotelSilvaniaApplicationTests]: HotelSilvaniaApplicationTests does not declare any static, non-private, non-final, nested classes annotated with @Configuration.
18:49:26.318 [main] INFO org.springframework.boot.test.context.SpringBootTestContextBootstrapper -- Found @SpringBootConfiguration com.uniamerica.pie.hotel.HotelSilvaniaApplication for test class com.uniamerica.pie.hotel.HotelSilvaniaApplicationTests

  .   ____          _            __ _ _
 /\\ / ___'_ __ _ _(_)_ __  __ _ \ \ \ \
( ( )\___ | '_ | '_| | '_ \/ _` | \ \ \ \
 \\/  ___)| |_)| | | | | || (_| |  ) ) ) )
  '  |____| .__|_| |_|_| |_\__, | / / / /
 =========|_|==============|___/=/_/_/_/

 :: Spring Boot ::                (v3.3.6)

2024-12-04T18:49:26.585-03:00 DEBUG 3024 --- [hotel-silvania] [kground-preinit] o.h.v.i.xml.config.ValidationXmlParser   : Trying to load META-INF/validation.xml for XML based Validator configuration.
2024-12-04T18:49:26.587-03:00 DEBUG 3024 --- [hotel-silvania] [kground-preinit] o.h.v.i.xml.config.ResourceLoaderHelper  : Trying to load META-INF/validation.xml via TCCL
2024-12-04T18:49:26.587-03:00 DEBUG 3024 --- [hotel-silvania] [kground-preinit] o.h.v.i.xml.config.ResourceLoaderHelper  : Trying to load META-INF/validation.xml via Hibernate Validator's class loader
2024-12-04T18:49:26.587-03:00 DEBUG 3024 --- [hotel-silvania] [kground-preinit] o.h.v.i.xml.config.ValidationXmlParser   : No META-INF/validation.xml found. Using annotation based configuration only.
2024-12-04T18:49:26.594-03:00 DEBUG 3024 --- [hotel-silvania] [kground-preinit] o.h.v.i.e.resolver.TraversableResolvers  : Found jakarta.persistence.Persistence on classpath containing 'getPersistenceUtil'. Assuming JPA 2 environment. Trying to instantiate JPA aware TraversableResolver
2024-12-04T18:49:26.595-03:00 DEBUG 3024 --- [hotel-silvania] [kground-preinit] o.h.v.i.e.resolver.TraversableResolvers  : Instantiated JPA aware TraversableResolver of type org.hibernate.validator.internal.engine.resolver.JPATraversableResolver.
2024-12-04T18:49:26.605-03:00  INFO 3024 --- [hotel-silvania] [           main] c.u.p.h.HotelSilvaniaApplicationTests    : Starting HotelSilvaniaApplicationTests using Java 23 with PID 3024 (started by fernandosuerte in /Users/fernandosuerte/Downloads/hotelPIE-main 2)
2024-12-04T18:49:26.605-03:00  INFO 3024 --- [hotel-silvania] [           main] c.u.p.h.HotelSilvaniaApplicationTests    : No active profile set, falling back to 1 default profile: "default"
2024-12-04T18:49:26.606-03:00 DEBUG 3024 --- [hotel-silvania] [           main] o.s.boot.SpringApplication               : Loading source class com.uniamerica.pie.hotel.HotelSilvaniaApplication
2024-12-04T18:49:26.613-03:00 DEBUG 3024 --- [hotel-silvania] [kground-preinit] .h.v.m.ResourceBundleMessageInterpolator : Loaded expression factory via original TCCL
2024-12-04T18:49:26.636-03:00 DEBUG 3024 --- [hotel-silvania] [           main] o.s.w.c.s.GenericWebApplicationContext   : Refreshing org.springframework.web.context.support.GenericWebApplicationContext@71664560
2024-12-04T18:49:26.650-03:00 DEBUG 3024 --- [hotel-silvania] [           main] o.s.b.f.s.DefaultListableBeanFactory     : Creating shared instance of singleton bean 'org.springframework.context.annotation.internalConfigurationAnnotationProcessor'
2024-12-04T18:49:26.661-03:00 DEBUG 3024 --- [hotel-silvania] [           main] o.s.b.f.s.DefaultListableBeanFactory     : Creating shared instance of singleton bean 'org.springframework.boot.autoconfigure.internalCachingMetadataReaderFactory'
2024-12-04T18:49:26.689-03:00 DEBUG 3024 --- [hotel-silvania] [kground-preinit] .i.e.ValidatorFactoryConfigurationHelper : HV000252: Using org.hibernate.validator.internal.engine.DefaultPropertyNodeNameProvider as property node name provider.
2024-12-04T18:49:26.692-03:00 DEBUG 3024 --- [hotel-silvania] [kground-preinit] .i.e.ValidatorFactoryConfigurationHelper : HV000234: Using org.hibernate.validator.messageinterpolation.ResourceBundleMessageInterpolator as ValidatorFactory-scoped message interpolator.
2024-12-04T18:49:26.693-03:00 DEBUG 3024 --- [hotel-silvania] [kground-preinit] .i.e.ValidatorFactoryConfigurationHelper : HV000234: Using org.hibernate.validator.internal.engine.resolver.JPATraversableResolver as ValidatorFactory-scoped traversable resolver.
2024-12-04T18:49:26.693-03:00 DEBUG 3024 --- [hotel-silvania] [kground-preinit] .i.e.ValidatorFactoryConfigurationHelper : HV000234: Using org.hibernate.validator.internal.util.ExecutableParameterNameProvider as ValidatorFactory-scoped parameter name provider.
2024-12-04T18:49:26.693-03:00 DEBUG 3024 --- [hotel-silvania] [kground-preinit] .i.e.ValidatorFactoryConfigurationHelper : HV000234: Using org.hibernate.validator.internal.engine.DefaultClockProvider as ValidatorFactory-scoped clock provider.
2024-12-04T18:49:26.693-03:00 DEBUG 3024 --- [hotel-silvania] [kground-preinit] .i.e.ValidatorFactoryConfigurationHelper : HV000234: Using org.hibernate.validator.internal.engine.scripting.DefaultScriptEvaluatorFactory as ValidatorFactory-scoped script evaluator factory.
2024-12-04T18:49:26.700-03:00 DEBUG 3024 --- [hotel-silvania] [           main] o.s.c.a.ClassPathBeanDefinitionScanner   : Identified candidate component class: file [/Users/fernandosuerte/Downloads/hotelPIE-main 2/target/classes/com/uniamerica/pie/hotel/configurations/JwtAuthenticationFilter.class]
2024-12-04T18:49:26.700-03:00 DEBUG 3024 --- [hotel-silvania] [           main] o.s.c.a.ClassPathBeanDefinitionScanner   : Identified candidate component class: file [/Users/fernandosuerte/Downloads/hotelPIE-main 2/target/classes/com/uniamerica/pie/hotel/configurations/JwtServiceGenerator.class]
2024-12-04T18:49:26.706-03:00 DEBUG 3024 --- [hotel-silvania] [           main] o.s.c.a.ClassPathBeanDefinitionScanner   : Identified candidate component class: file [/Users/fernandosuerte/Downloads/hotelPIE-main 2/target/classes/com/uniamerica/pie/hotel/configurations/SecurityConfig.class]
2024-12-04T18:49:26.706-03:00 DEBUG 3024 --- [hotel-silvania] [           main] o.s.c.a.ClassPathBeanDefinitionScanner   : Identified candidate component class: file [/Users/fernandosuerte/Downloads/hotelPIE-main 2/target/classes/com/uniamerica/pie/hotel/configurations/SecurityManager.class]
2024-12-04T18:49:26.717-03:00 DEBUG 3024 --- [hotel-silvania] [           main] o.s.c.a.ClassPathBeanDefinitionScanner   : Identified candidate component class: file [/Users/fernandosuerte/Downloads/hotelPIE-main 2/target/classes/com/uniamerica/pie/hotel/controllers/HospedeController.class]
2024-12-04T18:49:26.717-03:00 DEBUG 3024 --- [hotel-silvania] [           main] o.s.c.a.ClassPathBeanDefinitionScanner   : Identified candidate component class: file [/Users/fernandosuerte/Downloads/hotelPIE-main 2/target/classes/com/uniamerica/pie/hotel/controllers/HotelController.class]
2024-12-04T18:49:26.717-03:00 DEBUG 3024 --- [hotel-silvania] [           main] o.s.c.a.ClassPathBeanDefinitionScanner   : Identified candidate component class: file [/Users/fernandosuerte/Downloads/hotelPIE-main 2/target/classes/com/uniamerica/pie/hotel/controllers/LoginController.class]
2024-12-04T18:49:26.718-03:00 DEBUG 3024 --- [hotel-silvania] [           main] o.s.c.a.ClassPathBeanDefinitionScanner   : Identified candidate component class: file [/Users/fernandosuerte/Downloads/hotelPIE-main 2/target/classes/com/uniamerica/pie/hotel/controllers/QuartoController.class]
2024-12-04T18:49:26.718-03:00 DEBUG 3024 --- [hotel-silvania] [           main] o.s.c.a.ClassPathBeanDefinitionScanner   : Identified candidate component class: file [/Users/fernandosuerte/Downloads/hotelPIE-main 2/target/classes/com/uniamerica/pie/hotel/controllers/ReservaController.class]
2024-12-04T18:49:26.721-03:00 DEBUG 3024 --- [hotel-silvania] [           main] o.s.c.a.ClassPathBeanDefinitionScanner   : Ignored because not a concrete top-level class: file [/Users/fernandosuerte/Downloads/hotelPIE-main 2/target/classes/com/uniamerica/pie/hotel/repositories/HospedeRepository.class]
2024-12-04T18:49:26.721-03:00 DEBUG 3024 --- [hotel-silvania] [           main] o.s.c.a.ClassPathBeanDefinitionScanner   : Ignored because not a concrete top-level class: file [/Users/fernandosuerte/Downloads/hotelPIE-main 2/target/classes/com/uniamerica/pie/hotel/repositories/HotelRepository.class]
2024-12-04T18:49:26.721-03:00 DEBUG 3024 --- [hotel-silvania] [           main] o.s.c.a.ClassPathBeanDefinitionScanner   : Ignored because not a concrete top-level class: file [/Users/fernandosuerte/Downloads/hotelPIE-main 2/target/classes/com/uniamerica/pie/hotel/repositories/QuartoRepository.class]
2024-12-04T18:49:26.722-03:00 DEBUG 3024 --- [hotel-silvania] [           main] o.s.c.a.ClassPathBeanDefinitionScanner   : Ignored because not a concrete top-level class: file [/Users/fernandosuerte/Downloads/hotelPIE-main 2/target/classes/com/uniamerica/pie/hotel/repositories/ReservaRepository.class]
2024-12-04T18:49:26.722-03:00 DEBUG 3024 --- [hotel-silvania] [           main] o.s.c.a.ClassPathBeanDefinitionScanner   : Identified candidate component class: file [/Users/fernandosuerte/Downloads/hotelPIE-main 2/target/classes/com/uniamerica/pie/hotel/services/HospedeService.class]
2024-12-04T18:49:26.722-03:00 DEBUG 3024 --- [hotel-silvania] [           main] o.s.c.a.ClassPathBeanDefinitionScanner   : Identified candidate component class: file [/Users/fernandosuerte/Downloads/hotelPIE-main 2/target/classes/com/uniamerica/pie/hotel/services/HotelService.class]
2024-12-04T18:49:26.723-03:00 DEBUG 3024 --- [hotel-silvania] [           main] o.s.c.a.ClassPathBeanDefinitionScanner   : Identified candidate component class: file [/Users/fernandosuerte/Downloads/hotelPIE-main 2/target/classes/com/uniamerica/pie/hotel/services/LoginService.class]
2024-12-04T18:49:26.723-03:00 DEBUG 3024 --- [hotel-silvania] [           main] o.s.c.a.ClassPathBeanDefinitionScanner   : Identified candidate component class: file [/Users/fernandosuerte/Downloads/hotelPIE-main 2/target/classes/com/uniamerica/pie/hotel/services/QuartoService.class]
2024-12-04T18:49:26.723-03:00 DEBUG 3024 --- [hotel-silvania] [           main] o.s.c.a.ClassPathBeanDefinitionScanner   : Identified candidate component class: file [/Users/fernandosuerte/Downloads/hotelPIE-main 2/target/classes/com/uniamerica/pie/hotel/services/ReservaService.class]
2024-12-04T18:49:27.109-03:00  INFO 3024 --- [hotel-silvania] [           main] .s.d.r.c.RepositoryConfigurationDelegate : Bootstrapping Spring Data JPA repositories in DEFAULT mode.
2024-12-04T18:49:27.114-03:00 DEBUG 3024 --- [hotel-silvania] [           main] o.s.b.f.s.DefaultListableBeanFactory     : Creating shared instance of singleton bean 'org.springframework.boot.autoconfigure.AutoConfigurationPackages'
2024-12-04T18:49:27.121-03:00 DEBUG 3024 --- [hotel-silvania] [           main] o.s.b.a.AutoConfigurationPackages        : @EnableAutoConfiguration was declared on a class in the package 'com.uniamerica.pie.hotel'. Automatic @Repository and @Entity scanning is enabled.
2024-12-04T18:49:27.121-03:00 DEBUG 3024 --- [hotel-silvania] [           main] .s.d.r.c.RepositoryConfigurationDelegate : Scanning for JPA repositories in packages com.uniamerica.pie.hotel.
2024-12-04T18:49:27.130-03:00 DEBUG 3024 --- [hotel-silvania] [           main] o.s.d.r.c.RepositoryComponentProvider    : Identified candidate component class: file [/Users/fernandosuerte/Downloads/hotelPIE-main 2/target/classes/com/uniamerica/pie/hotel/repositories/HospedeRepository.class]
2024-12-04T18:49:27.130-03:00 DEBUG 3024 --- [hotel-silvania] [           main] o.s.d.r.c.RepositoryComponentProvider    : Identified candidate component class: file [/Users/fernandosuerte/Downloads/hotelPIE-main 2/target/classes/com/uniamerica/pie/hotel/repositories/HotelRepository.class]
2024-12-04T18:49:27.130-03:00 DEBUG 3024 --- [hotel-silvania] [           main] o.s.d.r.c.RepositoryComponentProvider    : Identified candidate component class: file [/Users/fernandosuerte/Downloads/hotelPIE-main 2/target/classes/com/uniamerica/pie/hotel/repositories/LoginRepository.class]
2024-12-04T18:49:27.131-03:00 DEBUG 3024 --- [hotel-silvania] [           main] o.s.d.r.c.RepositoryComponentProvider    : Identified candidate component class: file [/Users/fernandosuerte/Downloads/hotelPIE-main 2/target/classes/com/uniamerica/pie/hotel/repositories/QuartoRepository.class]
2024-12-04T18:49:27.131-03:00 DEBUG 3024 --- [hotel-silvania] [           main] o.s.d.r.c.RepositoryComponentProvider    : Identified candidate component class: file [/Users/fernandosuerte/Downloads/hotelPIE-main 2/target/classes/com/uniamerica/pie/hotel/repositories/ReservaRepository.class]
2024-12-04T18:49:27.155-03:00  INFO 3024 --- [hotel-silvania] [           main] .s.d.r.c.RepositoryConfigurationDelegate : Finished Spring Data repository scanning in 32 ms. Found 5 JPA repository interfaces.
2024-12-04T18:49:27.213-03:00 DEBUG 3024 --- [hotel-silvania] [           main] o.s.b.f.s.DefaultListableBeanFactory     : Creating shared instance of singleton bean 'springSecurityHandlerMappingIntrospectorBeanDefinitionRegistryPostProcessor'
2024-12-04T18:49:27.289-03:00 DEBUG 3024 --- [hotel-silvania] [           main] o.s.b.f.s.DefaultListableBeanFactory     : Creating shared instance of singleton bean 'propertySourcesPlaceholderConfigurer'
2024-12-04T18:49:27.292-03:00 DEBUG 3024 --- [hotel-silvania] [           main] o.s.b.f.s.DefaultListableBeanFactory     : Creating shared instance of singleton bean 'org.springframework.boot.test.mock.mockito.MockitoPostProcessor'
2024-12-04T18:49:27.293-03:00 DEBUG 3024 --- [hotel-silvania] [           main] o.s.b.f.s.DefaultListableBeanFactory     : Creating shared instance of singleton bean 'emBeanDefinitionRegistrarPostProcessor'
2024-12-04T18:49:27.293-03:00 DEBUG 3024 --- [hotel-silvania] [           main] o.s.b.f.s.DefaultListableBeanFactory     : Creating shared instance of singleton bean 'org.springframework.boot.sql.init.dependency.DatabaseInitializationDependencyConfigurer$DependsOnDatabaseInitializationPostProcessor'
2024-12-04T18:49:27.331-03:00 DEBUG 3024 --- [hotel-silvania] [           main] o.s.b.f.s.DefaultListableBeanFactory     : Creating shared instance of singleton bean 'org.springframework.context.event.internalEventListenerProcessor'
2024-12-04T18:49:27.332-03:00 DEBUG 3024 --- [hotel-silvania] [           main] o.s.b.f.s.DefaultListableBeanFactory     : Creating shared instance of singleton bean 'conversionServicePostProcessor'
2024-12-04T18:49:27.337-03:00 DEBUG 3024 --- [hotel-silvania] [           main] o.s.b.f.s.DefaultListableBeanFactory     : Creating shared instance of singleton bean 'preserveErrorControllerTargetClassPostProcessor'
2024-12-04T18:49:27.338-03:00 DEBUG 3024 --- [hotel-silvania] [           main] o.s.b.f.s.DefaultListableBeanFactory     : Creating shared instance of singleton bean 'org.springframework.context.event.internalEventListenerFactory'
2024-12-04T18:49:27.338-03:00 DEBUG 3024 --- [hotel-silvania] [           main] o.s.b.f.s.DefaultListableBeanFactory     : Creating shared instance of singleton bean 'org.springframework.transaction.config.internalTransactionalEventListenerFactory'
2024-12-04T18:49:27.341-03:00 DEBUG 3024 --- [hotel-silvania] [           main] o.s.b.f.s.DefaultListableBeanFactory     : Creating shared instance of singleton bean 'org.springframework.boot.test.mock.mockito.MockitoPostProcessor$SpyPostProcessor'
2024-12-04T18:49:27.342-03:00 DEBUG 3024 --- [hotel-silvania] [           main] o.s.b.f.s.DefaultListableBeanFactory     : Creating shared instance of singleton bean 'org.springframework.context.annotation.internalAutowiredAnnotationProcessor'
2024-12-04T18:49:27.343-03:00 DEBUG 3024 --- [hotel-silvania] [           main] o.s.b.f.s.DefaultListableBeanFactory     : Creating shared instance of singleton bean 'org.springframework.context.annotation.internalCommonAnnotationProcessor'
2024-12-04T18:49:27.345-03:00 DEBUG 3024 --- [hotel-silvania] [           main] o.s.b.f.s.DefaultListableBeanFactory     : Creating shared instance of singleton bean 'org.springframework.context.annotation.internalPersistenceAnnotationProcessor'
2024-12-04T18:49:27.346-03:00 DEBUG 3024 --- [hotel-silvania] [           main] o.s.b.f.s.DefaultListableBeanFactory     : Creating shared instance of singleton bean 'org.springframework.boot.context.properties.ConfigurationPropertiesBindingPostProcessor'
2024-12-04T18:49:27.346-03:00 DEBUG 3024 --- [hotel-silvania] [           main] o.s.b.f.s.DefaultListableBeanFactory     : Creating shared instance of singleton bean 'org.springframework.boot.context.internalConfigurationPropertiesBinder'
2024-12-04T18:49:27.347-03:00 DEBUG 3024 --- [hotel-silvania] [           main] o.s.b.f.s.DefaultListableBeanFactory     : Creating shared instance of singleton bean 'jdbcConnectionDetailsHikariBeanPostProcessor'
2024-12-04T18:49:27.349-03:00 DEBUG 3024 --- [hotel-silvania] [           main] o.s.b.f.s.DefaultListableBeanFactory     : Creating shared instance of singleton bean 'methodValidationPostProcessor'
2024-12-04T18:49:27.358-03:00 DEBUG 3024 --- [hotel-silvania] [           main] o.s.b.f.s.DefaultListableBeanFactory     : Autowiring by type from bean name 'methodValidationPostProcessor' via factory method to bean named 'environment'
2024-12-04T18:49:27.360-03:00 DEBUG 3024 --- [hotel-silvania] [           main] o.s.b.f.s.DefaultListableBeanFactory     : Creating shared instance of singleton bean 'org.springframework.boot.context.properties.EnableConfigurationPropertiesRegistrar.methodValidationExcludeFilter'
2024-12-04T18:49:27.371-03:00 DEBUG 3024 --- [hotel-silvania] [           main] o.s.b.f.s.DefaultListableBeanFactory     : Creating shared instance of singleton bean 'org.springframework.aop.config.internalAutoProxyCreator'
2024-12-04T18:49:27.381-03:00 DEBUG 3024 --- [hotel-silvania] [           main] o.s.b.f.s.DefaultListableBeanFactory     : Creating shared instance of singleton bean 'persistenceExceptionTranslationPostProcessor'
2024-12-04T18:49:27.381-03:00 DEBUG 3024 --- [hotel-silvania] [           main] o.s.b.f.s.DefaultListableBeanFactory     : Autowiring by type from bean name 'persistenceExceptionTranslationPostProcessor' via factory method to bean named 'environment'
2024-12-04T18:49:27.383-03:00 DEBUG 3024 --- [hotel-silvania] [           main] o.s.b.f.s.DefaultListableBeanFactory     : Creating shared instance of singleton bean 'webServerFactoryCustomizerBeanPostProcessor'
2024-12-04T18:49:27.383-03:00 DEBUG 3024 --- [hotel-silvania] [           main] o.s.b.f.s.DefaultListableBeanFactory     : Creating shared instance of singleton bean 'errorPageRegistrarBeanPostProcessor'
2024-12-04T18:49:27.384-03:00 DEBUG 3024 --- [hotel-silvania] [           main] o.s.b.f.s.DefaultListableBeanFactory     : Creating shared instance of singleton bean 'projectingArgumentResolverBeanPostProcessor'
2024-12-04T18:49:27.385-03:00 DEBUG 3024 --- [hotel-silvania] [           main] o.s.b.f.s.DefaultListableBeanFactory     : Creating shared instance of singleton bean 'org.springframework.transaction.config.internalTransactionAdvisor'
2024-12-04T18:49:27.385-03:00 DEBUG 3024 --- [hotel-silvania] [           main] o.s.b.f.s.DefaultListableBeanFactory     : Creating shared instance of singleton bean 'org.springframework.transaction.annotation.ProxyTransactionManagementConfiguration'
2024-12-04T18:49:27.392-03:00 DEBUG 3024 --- [hotel-silvania] [           main] o.s.b.f.s.DefaultListableBeanFactory     : Creating shared instance of singleton bean 'transactionAttributeSource'
2024-12-04T18:49:27.393-03:00 DEBUG 3024 --- [hotel-silvania] [           main] o.s.b.f.s.DefaultListableBeanFactory     : Creating shared instance of singleton bean 'transactionInterceptor'
2024-12-04T18:49:27.393-03:00 DEBUG 3024 --- [hotel-silvania] [           main] o.s.b.f.s.DefaultListableBeanFactory     : Autowiring by type from bean name 'transactionInterceptor' via factory method to bean named 'transactionAttributeSource'
2024-12-04T18:49:27.397-03:00 DEBUG 3024 --- [hotel-silvania] [           main] o.s.b.f.s.DefaultListableBeanFactory     : Autowiring by type from bean name 'org.springframework.transaction.config.internalTransactionAdvisor' via factory method to bean named 'transactionAttributeSource'
2024-12-04T18:49:27.397-03:00 DEBUG 3024 --- [hotel-silvania] [           main] o.s.b.f.s.DefaultListableBeanFactory     : Autowiring by type from bean name 'org.springframework.transaction.config.internalTransactionAdvisor' via factory method to bean named 'transactionInterceptor'
2024-12-04T18:49:27.412-03:00 DEBUG 3024 --- [hotel-silvania] [           main] o.s.u.c.s.UiApplicationContextUtils      : Unable to locate ThemeSource with name 'themeSource': using default [org.springframework.ui.context.support.ResourceBundleThemeSource@69c263f8]
2024-12-04T18:49:27.413-03:00 DEBUG 3024 --- [hotel-silvania] [           main] o.s.b.f.s.DefaultListableBeanFactory     : Creating shared instance of singleton bean 'dataSourceScriptDatabaseInitializer'
2024-12-04T18:49:27.413-03:00 DEBUG 3024 --- [hotel-silvania] [           main] o.s.b.f.s.DefaultListableBeanFactory     : Creating shared instance of singleton bean 'org.springframework.boot.autoconfigure.sql.init.DataSourceInitializationConfiguration'
2024-12-04T18:49:27.414-03:00 DEBUG 3024 --- [hotel-silvania] [           main] o.s.b.f.s.DefaultListableBeanFactory     : Creating shared instance of singleton bean 'dataSource'
2024-12-04T18:49:27.414-03:00 DEBUG 3024 --- [hotel-silvania] [           main] o.s.b.f.s.DefaultListableBeanFactory     : Creating shared instance of singleton bean 'org.springframework.boot.autoconfigure.jdbc.DataSourceConfiguration$Hikari'
2024-12-04T18:49:27.415-03:00 DEBUG 3024 --- [hotel-silvania] [           main] o.s.b.f.s.DefaultListableBeanFactory     : Creating shared instance of singleton bean 'spring.datasource-org.springframework.boot.autoconfigure.jdbc.DataSourceProperties'
2024-12-04T18:49:27.415-03:00 DEBUG 3024 --- [hotel-silvania] [           main] o.s.b.f.s.DefaultListableBeanFactory     : Creating shared instance of singleton bean 'org.springframework.boot.context.properties.BoundConfigurationProperties'
2024-12-04T18:49:27.429-03:00 DEBUG 3024 --- [hotel-silvania] [           main] o.s.b.f.s.DefaultListableBeanFactory     : Creating shared instance of singleton bean 'jdbcConnectionDetails'
2024-12-04T18:49:27.430-03:00 DEBUG 3024 --- [hotel-silvania] [           main] o.s.b.f.s.DefaultListableBeanFactory     : Creating shared instance of singleton bean 'org.springframework.boot.autoconfigure.jdbc.DataSourceAutoConfiguration$PooledDataSourceConfiguration'
2024-12-04T18:49:27.430-03:00 DEBUG 3024 --- [hotel-silvania] [           main] o.s.b.f.s.DefaultListableBeanFactory     : Autowiring by type from bean name 'jdbcConnectionDetails' via factory method to bean named 'spring.datasource-org.springframework.boot.autoconfigure.jdbc.DataSourceProperties'
2024-12-04T18:49:27.431-03:00 DEBUG 3024 --- [hotel-silvania] [           main] o.s.b.f.s.DefaultListableBeanFactory     : Autowiring by type from bean name 'dataSource' via factory method to bean named 'spring.datasource-org.springframework.boot.autoconfigure.jdbc.DataSourceProperties'
2024-12-04T18:49:27.431-03:00 DEBUG 3024 --- [hotel-silvania] [           main] o.s.b.f.s.DefaultListableBeanFactory     : Autowiring by type from bean name 'dataSource' via factory method to bean named 'jdbcConnectionDetails'
2024-12-04T18:49:27.456-03:00 DEBUG 3024 --- [hotel-silvania] [           main] o.s.b.f.s.DefaultListableBeanFactory     : Creating shared instance of singleton bean 'spring.sql.init-org.springframework.boot.autoconfigure.sql.init.SqlInitializationProperties'
2024-12-04T18:49:27.458-03:00 DEBUG 3024 --- [hotel-silvania] [           main] o.s.b.f.s.DefaultListableBeanFactory     : Autowiring by type from bean name 'dataSourceScriptDatabaseInitializer' via factory method to bean named 'dataSource'
2024-12-04T18:49:27.458-03:00 DEBUG 3024 --- [hotel-silvania] [           main] o.s.b.f.s.DefaultListableBeanFactory     : Autowiring by type from bean name 'dataSourceScriptDatabaseInitializer' via factory method to bean named 'spring.sql.init-org.springframework.boot.autoconfigure.sql.init.SqlInitializationProperties'
2024-12-04T18:49:27.461-03:00 DEBUG 3024 --- [hotel-silvania] [           main] o.s.b.f.s.DefaultListableBeanFactory     : Creating shared instance of singleton bean 'entityManagerFactory'
2024-12-04T18:49:27.461-03:00 DEBUG 3024 --- [hotel-silvania] [           main] o.s.b.f.s.DefaultListableBeanFactory     : Creating shared instance of singleton bean 'org.springframework.boot.autoconfigure.orm.jpa.HibernateJpaConfiguration'
2024-12-04T18:49:27.462-03:00 DEBUG 3024 --- [hotel-silvania] [           main] o.s.b.f.s.DefaultListableBeanFactory     : Creating shared instance of singleton bean 'spring.jpa-org.springframework.boot.autoconfigure.orm.jpa.JpaProperties'
2024-12-04T18:49:27.465-03:00 DEBUG 3024 --- [hotel-silvania] [           main] o.s.b.f.s.DefaultListableBeanFactory     : Creating shared instance of singleton bean 'spring.jpa.hibernate-org.springframework.boot.autoconfigure.orm.jpa.HibernateProperties'
2024-12-04T18:49:27.466-03:00 DEBUG 3024 --- [hotel-silvania] [           main] o.s.b.f.s.DefaultListableBeanFactory     : Autowiring by type from bean name 'org.springframework.boot.autoconfigure.orm.jpa.HibernateJpaConfiguration' via constructor to bean named 'dataSource'
2024-12-04T18:49:27.466-03:00 DEBUG 3024 --- [hotel-silvania] [           main] o.s.b.f.s.DefaultListableBeanFactory     : Autowiring by type from bean name 'org.springframework.boot.autoconfigure.orm.jpa.HibernateJpaConfiguration' via constructor to bean named 'spring.jpa-org.springframework.boot.autoconfigure.orm.jpa.JpaProperties'
2024-12-04T18:49:27.466-03:00 DEBUG 3024 --- [hotel-silvania] [           main] o.s.b.f.s.DefaultListableBeanFactory     : Autowiring by type from bean name 'org.springframework.boot.autoconfigure.orm.jpa.HibernateJpaConfiguration' via constructor to bean named 'org.springframework.beans.factory.support.DefaultListableBeanFactory@61a704d3'
2024-12-04T18:49:27.466-03:00 DEBUG 3024 --- [hotel-silvania] [           main] o.s.b.f.s.DefaultListableBeanFactory     : Autowiring by type from bean name 'org.springframework.boot.autoconfigure.orm.jpa.HibernateJpaConfiguration' via constructor to bean named 'spring.jpa.hibernate-org.springframework.boot.autoconfigure.orm.jpa.HibernateProperties'
2024-12-04T18:49:27.468-03:00 DEBUG 3024 --- [hotel-silvania] [           main] o.s.b.f.s.DefaultListableBeanFactory     : Creating shared instance of singleton bean 'hikariPoolDataSourceMetadataProvider'
2024-12-04T18:49:27.469-03:00 DEBUG 3024 --- [hotel-silvania] [           main] o.s.b.f.s.DefaultListableBeanFactory     : Creating shared instance of singleton bean 'org.springframework.boot.autoconfigure.jdbc.metadata.DataSourcePoolMetadataProvidersConfiguration$HikariPoolDataSourceMetadataProviderConfiguration'
2024-12-04T18:49:27.472-03:00 DEBUG 3024 --- [hotel-silvania] [           main] o.s.b.f.s.DefaultListableBeanFactory     : Creating shared instance of singleton bean 'entityManagerFactoryBuilder'
2024-12-04T18:49:27.472-03:00 DEBUG 3024 --- [hotel-silvania] [           main] o.s.b.f.s.DefaultListableBeanFactory     : Creating shared instance of singleton bean 'jpaVendorAdapter'
2024-12-04T18:49:27.482-03:00 DEBUG 3024 --- [hotel-silvania] [           main] o.s.b.f.s.DefaultListableBeanFactory     : Autowiring by type from bean name 'entityManagerFactoryBuilder' via factory method to bean named 'jpaVendorAdapter'
2024-12-04T18:49:27.484-03:00 DEBUG 3024 --- [hotel-silvania] [           main] o.s.b.f.s.DefaultListableBeanFactory     : Creating shared instance of singleton bean 'persistenceManagedTypes'
2024-12-04T18:49:27.485-03:00 DEBUG 3024 --- [hotel-silvania] [           main] o.s.b.f.s.DefaultListableBeanFactory     : Autowiring by type from bean name 'persistenceManagedTypes' via factory method to bean named 'org.springframework.beans.factory.support.DefaultListableBeanFactory@61a704d3'
2024-12-04T18:49:27.485-03:00 DEBUG 3024 --- [hotel-silvania] [           main] o.s.b.f.s.DefaultListableBeanFactory     : Autowiring by type from bean name 'persistenceManagedTypes' via factory method to bean named 'org.springframework.web.context.support.GenericWebApplicationContext@71664560'
2024-12-04T18:49:27.491-03:00 DEBUG 3024 --- [hotel-silvania] [           main] o.s.b.f.s.DefaultListableBeanFactory     : Autowiring by type from bean name 'entityManagerFactory' via factory method to bean named 'entityManagerFactoryBuilder'
2024-12-04T18:49:27.491-03:00 DEBUG 3024 --- [hotel-silvania] [           main] o.s.b.f.s.DefaultListableBeanFactory     : Autowiring by type from bean name 'entityManagerFactory' via factory method to bean named 'persistenceManagedTypes'
2024-12-04T18:49:27.502-03:00 DEBUG 3024 --- [hotel-silvania] [           main] j.LocalContainerEntityManagerFactoryBean : Building JPA container EntityManagerFactory for persistence unit 'default'
2024-12-04T18:49:27.514-03:00 DEBUG 3024 --- [hotel-silvania] [           main] o.hibernate.jpa.internal.util.LogHelper  : PersistenceUnitInfo [
	name: default
	persistence provider classname: null
	classloader: jdk.internal.loader.ClassLoaders$AppClassLoader@5a07e868
	excludeUnlistedClasses: true
	JTA datasource: null
	Non JTA datasource: HikariDataSource (null)
	Transaction type: RESOURCE_LOCAL
	PU root URL: file:/Users/fernandosuerte/Downloads/hotelPIE-main%202/target/test-classes/
	Shared Cache Mode: UNSPECIFIED
	Validation Mode: AUTO
	Jar files URLs []
	Managed classes names [
		com.uniamerica.pie.hotel.models.Hospede
		com.uniamerica.pie.hotel.models.Hotel
		com.uniamerica.pie.hotel.models.Quarto
		com.uniamerica.pie.hotel.models.Reserva
		com.uniamerica.pie.hotel.models.Usuario]
	Mapping files names []
	Properties []
2024-12-04T18:49:27.522-03:00 DEBUG 3024 --- [hotel-silvania] [           main] o.h.i.internal.IntegratorServiceImpl     : Adding Integrator [org.hibernate.boot.beanvalidation.BeanValidationIntegrator].
2024-12-04T18:49:27.523-03:00 DEBUG 3024 --- [hotel-silvania] [           main] o.h.i.internal.IntegratorServiceImpl     : Adding Integrator [org.hibernate.cache.internal.CollectionCacheInvalidator].
2024-12-04T18:49:27.569-03:00  INFO 3024 --- [hotel-silvania] [           main] org.hibernate.Version                    : HHH000412: Hibernate ORM core version 6.5.3.Final
2024-12-04T18:49:27.570-03:00 DEBUG 3024 --- [hotel-silvania] [           main] org.hibernate.cfg.Environment            : HHH000206: 'hibernate.properties' not found
2024-12-04T18:49:27.588-03:00 DEBUG 3024 --- [hotel-silvania] [           main] org.hibernate.orm.idgen.factory          : Registering IdentifierGenerator strategy [uuid2] -> [org.hibernate.id.UUIDGenerator]
2024-12-04T18:49:27.589-03:00 DEBUG 3024 --- [hotel-silvania] [           main] org.hibernate.orm.idgen.factory          : Registering IdentifierGenerator strategy [guid] -> [org.hibernate.id.GUIDGenerator]
2024-12-04T18:49:27.589-03:00 DEBUG 3024 --- [hotel-silvania] [           main] org.hibernate.orm.idgen.factory          : Registering IdentifierGenerator strategy [uuid] -> [org.hibernate.id.UUIDHexGenerator]
2024-12-04T18:49:27.589-03:00 DEBUG 3024 --- [hotel-silvania] [           main] org.hibernate.orm.idgen.factory          : Registering IdentifierGenerator strategy [uuid.hex] -> [org.hibernate.id.UUIDHexGenerator]
2024-12-04T18:49:27.589-03:00 DEBUG 3024 --- [hotel-silvania] [           main] org.hibernate.orm.idgen.factory          : Registering IdentifierGenerator strategy [assigned] -> [org.hibernate.id.Assigned]
2024-12-04T18:49:27.590-03:00 DEBUG 3024 --- [hotel-silvania] [           main] org.hibernate.orm.idgen.factory          : Registering IdentifierGenerator strategy [identity] -> [org.hibernate.id.IdentityGenerator]
2024-12-04T18:49:27.590-03:00 DEBUG 3024 --- [hotel-silvania] [           main] org.hibernate.orm.idgen.factory          : Registering IdentifierGenerator strategy [select] -> [org.hibernate.id.SelectGenerator]
2024-12-04T18:49:27.591-03:00 DEBUG 3024 --- [hotel-silvania] [           main] org.hibernate.orm.idgen.factory          : Registering IdentifierGenerator strategy [sequence] -> [org.hibernate.id.enhanced.SequenceStyleGenerator]
2024-12-04T18:49:27.592-03:00 DEBUG 3024 --- [hotel-silvania] [           main] org.hibernate.orm.idgen.factory          : Registering IdentifierGenerator strategy [increment] -> [org.hibernate.id.IncrementGenerator]
2024-12-04T18:49:27.592-03:00 DEBUG 3024 --- [hotel-silvania] [           main] org.hibernate.orm.idgen.factory          : Registering IdentifierGenerator strategy [foreign] -> [org.hibernate.id.ForeignGenerator]
2024-12-04T18:49:27.592-03:00 DEBUG 3024 --- [hotel-silvania] [           main] org.hibernate.orm.idgen.factory          : Registering IdentifierGenerator strategy [enhanced-sequence] -> [org.hibernate.id.enhanced.SequenceStyleGenerator]
2024-12-04T18:49:27.593-03:00 DEBUG 3024 --- [hotel-silvania] [           main] org.hibernate.orm.idgen.factory          : Registering IdentifierGenerator strategy [enhanced-table] -> [org.hibernate.id.enhanced.TableGenerator]
2024-12-04T18:49:27.598-03:00 DEBUG 3024 --- [hotel-silvania] [           main] o.h.c.internal.RegionFactoryInitiator    : Cannot default RegionFactory based on registered strategies as `[]` RegionFactory strategies were registered
2024-12-04T18:49:27.599-03:00  INFO 3024 --- [hotel-silvania] [           main] o.h.c.internal.RegionFactoryInitiator    : HHH000026: Second-level cache disabled
2024-12-04T18:49:27.664-03:00 DEBUG 3024 --- [hotel-silvania] [           main] org.hibernate.type.BasicTypeRegistry     : Adding type registration boolean -> org.hibernate.type.BasicTypeReference@240a717d
2024-12-04T18:49:27.664-03:00 DEBUG 3024 --- [hotel-silvania] [           main] org.hibernate.type.BasicTypeRegistry     : Adding type registration boolean -> org.hibernate.type.BasicTypeReference@240a717d
2024-12-04T18:49:27.664-03:00 DEBUG 3024 --- [hotel-silvania] [           main] org.hibernate.type.BasicTypeRegistry     : Adding type registration java.lang.Boolean -> org.hibernate.type.BasicTypeReference@240a717d
2024-12-04T18:49:27.664-03:00 DEBUG 3024 --- [hotel-silvania] [           main] org.hibernate.type.BasicTypeRegistry     : Adding type registration numeric_boolean -> org.hibernate.type.BasicTypeReference@7b3d3d3d
2024-12-04T18:49:27.664-03:00 DEBUG 3024 --- [hotel-silvania] [           main] org.hibernate.type.BasicTypeRegistry     : Adding type registration org.hibernate.type.NumericBooleanConverter -> org.hibernate.type.BasicTypeReference@7b3d3d3d
2024-12-04T18:49:27.664-03:00 DEBUG 3024 --- [hotel-silvania] [           main] org.hibernate.type.BasicTypeRegistry     : Adding type registration true_false -> org.hibernate.type.BasicTypeReference@1eff74f2
2024-12-04T18:49:27.664-03:00 DEBUG 3024 --- [hotel-silvania] [           main] org.hibernate.type.BasicTypeRegistry     : Adding type registration org.hibernate.type.TrueFalseConverter -> org.hibernate.type.BasicTypeReference@1eff74f2
2024-12-04T18:49:27.664-03:00 DEBUG 3024 --- [hotel-silvania] [           main] org.hibernate.type.BasicTypeRegistry     : Adding type registration yes_no -> org.hibernate.type.BasicTypeReference@2b57dc2
2024-12-04T18:49:27.664-03:00 DEBUG 3024 --- [hotel-silvania] [           main] org.hibernate.type.BasicTypeRegistry     : Adding type registration org.hibernate.type.YesNoConverter -> org.hibernate.type.BasicTypeReference@2b57dc2
2024-12-04T18:49:27.664-03:00 DEBUG 3024 --- [hotel-silvania] [           main] org.hibernate.type.BasicTypeRegistry     : Adding type registration byte -> org.hibernate.type.BasicTypeReference@75c36570
2024-12-04T18:49:27.664-03:00 DEBUG 3024 --- [hotel-silvania] [           main] org.hibernate.type.BasicTypeRegistry     : Adding type registration byte -> org.hibernate.type.BasicTypeReference@75c36570
2024-12-04T18:49:27.664-03:00 DEBUG 3024 --- [hotel-silvania] [           main] org.hibernate.type.BasicTypeRegistry     : Adding type registration java.lang.Byte -> org.hibernate.type.BasicTypeReference@75c36570
2024-12-04T18:49:27.664-03:00 DEBUG 3024 --- [hotel-silvania] [           main] org.hibernate.type.BasicTypeRegistry     : Adding type registration binary -> org.hibernate.type.BasicTypeReference@67857a20
2024-12-04T18:49:27.664-03:00 DEBUG 3024 --- [hotel-silvania] [           main] org.hibernate.type.BasicTypeRegistry     : Adding type registration byte[] -> org.hibernate.type.BasicTypeReference@67857a20
2024-12-04T18:49:27.664-03:00 DEBUG 3024 --- [hotel-silvania] [           main] org.hibernate.type.BasicTypeRegistry     : Adding type registration [B -> org.hibernate.type.BasicTypeReference@67857a20
2024-12-04T18:49:27.665-03:00 DEBUG 3024 --- [hotel-silvania] [           main] org.hibernate.type.BasicTypeRegistry     : Adding type registration binary_wrapper -> org.hibernate.type.BasicTypeReference@238cac6
2024-12-04T18:49:27.665-03:00 DEBUG 3024 --- [hotel-silvania] [           main] org.hibernate.type.BasicTypeRegistry     : Adding type registration wrapper-binary -> org.hibernate.type.BasicTypeReference@238cac6
2024-12-04T18:49:27.665-03:00 DEBUG 3024 --- [hotel-silvania] [           main] org.hibernate.type.BasicTypeRegistry     : Adding type registration image -> org.hibernate.type.BasicTypeReference@2bcaec2e
2024-12-04T18:49:27.665-03:00 DEBUG 3024 --- [hotel-silvania] [           main] org.hibernate.type.BasicTypeRegistry     : Adding type registration blob -> org.hibernate.type.BasicTypeReference@45cce4c2
2024-12-04T18:49:27.665-03:00 DEBUG 3024 --- [hotel-silvania] [           main] org.hibernate.type.BasicTypeRegistry     : Adding type registration java.sql.Blob -> org.hibernate.type.BasicTypeReference@45cce4c2
2024-12-04T18:49:27.665-03:00 DEBUG 3024 --- [hotel-silvania] [           main] org.hibernate.type.BasicTypeRegistry     : Adding type registration materialized_blob -> org.hibernate.type.BasicTypeReference@9d4d221
2024-12-04T18:49:27.665-03:00 DEBUG 3024 --- [hotel-silvania] [           main] org.hibernate.type.BasicTypeRegistry     : Adding type registration materialized_blob_wrapper -> org.hibernate.type.BasicTypeReference@4dfe5727
2024-12-04T18:49:27.665-03:00 DEBUG 3024 --- [hotel-silvania] [           main] org.hibernate.type.BasicTypeRegistry     : Adding type registration short -> org.hibernate.type.BasicTypeReference@3129792a
2024-12-04T18:49:27.665-03:00 DEBUG 3024 --- [hotel-silvania] [           main] org.hibernate.type.BasicTypeRegistry     : Adding type registration short -> org.hibernate.type.BasicTypeReference@3129792a
2024-12-04T18:49:27.665-03:00 DEBUG 3024 --- [hotel-silvania] [           main] org.hibernate.type.BasicTypeRegistry     : Adding type registration java.lang.Short -> org.hibernate.type.BasicTypeReference@3129792a
2024-12-04T18:49:27.665-03:00 DEBUG 3024 --- [hotel-silvania] [           main] org.hibernate.type.BasicTypeRegistry     : Adding type registration integer -> org.hibernate.type.BasicTypeReference@13617139
2024-12-04T18:49:27.665-03:00 DEBUG 3024 --- [hotel-silvania] [           main] org.hibernate.type.BasicTypeRegistry     : Adding type registration int -> org.hibernate.type.BasicTypeReference@13617139
2024-12-04T18:49:27.665-03:00 DEBUG 3024 --- [hotel-silvania] [           main] org.hibernate.type.BasicTypeRegistry     : Adding type registration java.lang.Integer -> org.hibernate.type.BasicTypeReference@13617139
2024-12-04T18:49:27.665-03:00 DEBUG 3024 --- [hotel-silvania] [           main] org.hibernate.type.BasicTypeRegistry     : Adding type registration long -> org.hibernate.type.BasicTypeReference@3c0becae
2024-12-04T18:49:27.665-03:00 DEBUG 3024 --- [hotel-silvania] [           main] org.hibernate.type.BasicTypeRegistry     : Adding type registration long -> org.hibernate.type.BasicTypeReference@3c0becae
2024-12-04T18:49:27.665-03:00 DEBUG 3024 --- [hotel-silvania] [           main] org.hibernate.type.BasicTypeRegistry     : Adding type registration java.lang.Long -> org.hibernate.type.BasicTypeReference@3c0becae
2024-12-04T18:49:27.665-03:00 DEBUG 3024 --- [hotel-silvania] [           main] org.hibernate.type.BasicTypeRegistry     : Adding type registration float -> org.hibernate.type.BasicTypeReference@373c367
2024-12-04T18:49:27.665-03:00 DEBUG 3024 --- [hotel-silvania] [           main] org.hibernate.type.BasicTypeRegistry     : Adding type registration float -> org.hibernate.type.BasicTypeReference@373c367
2024-12-04T18:49:27.665-03:00 DEBUG 3024 --- [hotel-silvania] [           main] org.hibernate.type.BasicTypeRegistry     : Adding type registration java.lang.Float -> org.hibernate.type.BasicTypeReference@373c367
2024-12-04T18:49:27.665-03:00 DEBUG 3024 --- [hotel-silvania] [           main] org.hibernate.type.BasicTypeRegistry     : Adding type registration double -> org.hibernate.type.BasicTypeReference@79690a0a
2024-12-04T18:49:27.665-03:00 DEBUG 3024 --- [hotel-silvania] [           main] org.hibernate.type.BasicTypeRegistry     : Adding type registration double -> org.hibernate.type.BasicTypeReference@79690a0a
2024-12-04T18:49:27.665-03:00 DEBUG 3024 --- [hotel-silvania] [           main] org.hibernate.type.BasicTypeRegistry     : Adding type registration java.lang.Double -> org.hibernate.type.BasicTypeReference@79690a0a
2024-12-04T18:49:27.665-03:00 DEBUG 3024 --- [hotel-silvania] [           main] org.hibernate.type.BasicTypeRegistry     : Adding type registration big_integer -> org.hibernate.type.BasicTypeReference@619944a7
2024-12-04T18:49:27.666-03:00 DEBUG 3024 --- [hotel-silvania] [           main] org.hibernate.type.BasicTypeRegistry     : Adding type registration java.math.BigInteger -> org.hibernate.type.BasicTypeReference@619944a7
2024-12-04T18:49:27.666-03:00 DEBUG 3024 --- [hotel-silvania] [           main] org.hibernate.type.BasicTypeRegistry     : Adding type registration big_decimal -> org.hibernate.type.BasicTypeReference@294aaa6
2024-12-04T18:49:27.666-03:00 DEBUG 3024 --- [hotel-silvania] [           main] org.hibernate.type.BasicTypeRegistry     : Adding type registration java.math.BigDecimal -> org.hibernate.type.BasicTypeReference@294aaa6
2024-12-04T18:49:27.666-03:00 DEBUG 3024 --- [hotel-silvania] [           main] org.hibernate.type.BasicTypeRegistry     : Adding type registration character -> org.hibernate.type.BasicTypeReference@1f612968
2024-12-04T18:49:27.666-03:00 DEBUG 3024 --- [hotel-silvania] [           main] org.hibernate.type.BasicTypeRegistry     : Adding type registration char -> org.hibernate.type.BasicTypeReference@1f612968
2024-12-04T18:49:27.666-03:00 DEBUG 3024 --- [hotel-silvania] [           main] org.hibernate.type.BasicTypeRegistry     : Adding type registration java.lang.Character -> org.hibernate.type.BasicTypeReference@1f612968
2024-12-04T18:49:27.666-03:00 DEBUG 3024 --- [hotel-silvania] [           main] org.hibernate.type.BasicTypeRegistry     : Adding type registration character_nchar -> org.hibernate.type.BasicTypeReference@2ee949d4
2024-12-04T18:49:27.666-03:00 DEBUG 3024 --- [hotel-silvania] [           main] org.hibernate.type.BasicTypeRegistry     : Adding type registration string -> org.hibernate.type.BasicTypeReference@57e9cd2
2024-12-04T18:49:27.666-03:00 DEBUG 3024 --- [hotel-silvania] [           main] org.hibernate.type.BasicTypeRegistry     : Adding type registration java.lang.String -> org.hibernate.type.BasicTypeReference@57e9cd2
2024-12-04T18:49:27.666-03:00 DEBUG 3024 --- [hotel-silvania] [           main] org.hibernate.type.BasicTypeRegistry     : Adding type registration nstring -> org.hibernate.type.BasicTypeReference@2298d741
2024-12-04T18:49:27.666-03:00 DEBUG 3024 --- [hotel-silvania] [           main] org.hibernate.type.BasicTypeRegistry     : Adding type registration characters -> org.hibernate.type.BasicTypeReference@34a48013
2024-12-04T18:49:27.666-03:00 DEBUG 3024 --- [hotel-silvania] [           main] org.hibernate.type.BasicTypeRegistry     : Adding type registration char[] -> org.hibernate.type.BasicTypeReference@34a48013
2024-12-04T18:49:27.666-03:00 DEBUG 3024 --- [hotel-silvania] [           main] org.hibernate.type.BasicTypeRegistry     : Adding type registration [C -> org.hibernate.type.BasicTypeReference@34a48013
2024-12-04T18:49:27.666-03:00 DEBUG 3024 --- [hotel-silvania] [           main] org.hibernate.type.BasicTypeRegistry     : Adding type registration wrapper-characters -> org.hibernate.type.BasicTypeReference@50e7d8ba
2024-12-04T18:49:27.666-03:00 DEBUG 3024 --- [hotel-silvania] [           main] org.hibernate.type.BasicTypeRegistry     : Adding type registration text -> org.hibernate.type.BasicTypeReference@210e4678
2024-12-04T18:49:27.666-03:00 DEBUG 3024 --- [hotel-silvania] [           main] org.hibernate.type.BasicTypeRegistry     : Adding type registration ntext -> org.hibernate.type.BasicTypeReference@4548bfc7
2024-12-04T18:49:27.666-03:00 DEBUG 3024 --- [hotel-silvania] [           main] org.hibernate.type.BasicTypeRegistry     : Adding type registration clob -> org.hibernate.type.BasicTypeReference@557c0b65
2024-12-04T18:49:27.666-03:00 DEBUG 3024 --- [hotel-silvania] [           main] org.hibernate.type.BasicTypeRegistry     : Adding type registration java.sql.Clob -> org.hibernate.type.BasicTypeReference@557c0b65
2024-12-04T18:49:27.666-03:00 DEBUG 3024 --- [hotel-silvania] [           main] org.hibernate.type.BasicTypeRegistry     : Adding type registration nclob -> org.hibernate.type.BasicTypeReference@3b303b78
2024-12-04T18:49:27.666-03:00 DEBUG 3024 --- [hotel-silvania] [           main] org.hibernate.type.BasicTypeRegistry     : Adding type registration java.sql.NClob -> org.hibernate.type.BasicTypeReference@3b303b78
2024-12-04T18:49:27.666-03:00 DEBUG 3024 --- [hotel-silvania] [           main] org.hibernate.type.BasicTypeRegistry     : Adding type registration materialized_clob -> org.hibernate.type.BasicTypeReference@685e97e0
2024-12-04T18:49:27.667-03:00 DEBUG 3024 --- [hotel-silvania] [           main] org.hibernate.type.BasicTypeRegistry     : Adding type registration materialized_clob_char_array -> org.hibernate.type.BasicTypeReference@68e8bbab
2024-12-04T18:49:27.667-03:00 DEBUG 3024 --- [hotel-silvania] [           main] org.hibernate.type.BasicTypeRegistry     : Adding type registration materialized_clob_character_array -> org.hibernate.type.BasicTypeReference@5dfaa2f0
2024-12-04T18:49:27.667-03:00 DEBUG 3024 --- [hotel-silvania] [           main] org.hibernate.type.BasicTypeRegistry     : Adding type registration materialized_nclob -> org.hibernate.type.BasicTypeReference@672ba9cc
2024-12-04T18:49:27.667-03:00 DEBUG 3024 --- [hotel-silvania] [           main] org.hibernate.type.BasicTypeRegistry     : Adding type registration materialized_nclob_character_array -> org.hibernate.type.BasicTypeReference@7bd6c35e
2024-12-04T18:49:27.667-03:00 DEBUG 3024 --- [hotel-silvania] [           main] org.hibernate.type.BasicTypeRegistry     : Adding type registration materialized_nclob_char_array -> org.hibernate.type.BasicTypeReference@564e0a6c
2024-12-04T18:49:27.667-03:00 DEBUG 3024 --- [hotel-silvania] [           main] org.hibernate.type.BasicTypeRegistry     : Adding type registration Duration -> org.hibernate.type.BasicTypeReference@5eabcf77
2024-12-04T18:49:27.667-03:00 DEBUG 3024 --- [hotel-silvania] [           main] org.hibernate.type.BasicTypeRegistry     : Adding type registration java.time.Duration -> org.hibernate.type.BasicTypeReference@5eabcf77
2024-12-04T18:49:27.667-03:00 DEBUG 3024 --- [hotel-silvania] [           main] org.hibernate.type.BasicTypeRegistry     : Adding type registration LocalDateTime -> org.hibernate.type.BasicTypeReference@647468a7
2024-12-04T18:49:27.667-03:00 DEBUG 3024 --- [hotel-silvania] [           main] org.hibernate.type.BasicTypeRegistry     : Adding type registration java.time.LocalDateTime -> org.hibernate.type.BasicTypeReference@647468a7
2024-12-04T18:49:27.667-03:00 DEBUG 3024 --- [hotel-silvania] [           main] org.hibernate.type.BasicTypeRegistry     : Adding type registration LocalDate -> org.hibernate.type.BasicTypeReference@29f58b44
2024-12-04T18:49:27.667-03:00 DEBUG 3024 --- [hotel-silvania] [           main] org.hibernate.type.BasicTypeRegistry     : Adding type registration java.time.LocalDate -> org.hibernate.type.BasicTypeReference@29f58b44
2024-12-04T18:49:27.667-03:00 DEBUG 3024 --- [hotel-silvania] [           main] org.hibernate.type.BasicTypeRegistry     : Adding type registration LocalTime -> org.hibernate.type.BasicTypeReference@fcee97c
2024-12-04T18:49:27.667-03:00 DEBUG 3024 --- [hotel-silvania] [           main] org.hibernate.type.BasicTypeRegistry     : Adding type registration java.time.LocalTime -> org.hibernate.type.BasicTypeReference@fcee97c
2024-12-04T18:49:27.667-03:00 DEBUG 3024 --- [hotel-silvania] [           main] org.hibernate.type.BasicTypeRegistry     : Adding type registration OffsetDateTime -> org.hibernate.type.BasicTypeReference@f1e5f85
2024-12-04T18:49:27.667-03:00 DEBUG 3024 --- [hotel-silvania] [           main] org.hibernate.type.BasicTypeRegistry     : Adding type registration java.time.OffsetDateTime -> org.hibernate.type.BasicTypeReference@f1e5f85
2024-12-04T18:49:27.667-03:00 DEBUG 3024 --- [hotel-silvania] [           main] org.hibernate.type.BasicTypeRegistry     : Adding type registration OffsetDateTimeWithTimezone -> org.hibernate.type.BasicTypeReference@48682f91
2024-12-04T18:49:27.667-03:00 DEBUG 3024 --- [hotel-silvania] [           main] org.hibernate.type.BasicTypeRegistry     : Adding type registration OffsetDateTimeWithoutTimezone -> org.hibernate.type.BasicTypeReference@4dc23273
2024-12-04T18:49:27.667-03:00 DEBUG 3024 --- [hotel-silvania] [           main] org.hibernate.type.BasicTypeRegistry     : Adding type registration OffsetTime -> org.hibernate.type.BasicTypeReference@35bfa7be
2024-12-04T18:49:27.667-03:00 DEBUG 3024 --- [hotel-silvania] [           main] org.hibernate.type.BasicTypeRegistry     : Adding type registration java.time.OffsetTime -> org.hibernate.type.BasicTypeReference@35bfa7be
2024-12-04T18:49:27.667-03:00 DEBUG 3024 --- [hotel-silvania] [           main] org.hibernate.type.BasicTypeRegistry     : Adding type registration OffsetTimeUtc -> org.hibernate.type.BasicTypeReference@482034fb
2024-12-04T18:49:27.667-03:00 DEBUG 3024 --- [hotel-silvania] [           main] org.hibernate.type.BasicTypeRegistry     : Adding type registration OffsetTimeWithTimezone -> org.hibernate.type.BasicTypeReference@41bd8ec9
2024-12-04T18:49:27.667-03:00 DEBUG 3024 --- [hotel-silvania] [           main] org.hibernate.type.BasicTypeRegistry     : Adding type registration OffsetTimeWithoutTimezone -> org.hibernate.type.BasicTypeReference@1d306d27
2024-12-04T18:49:27.668-03:00 DEBUG 3024 --- [hotel-silvania] [           main] org.hibernate.type.BasicTypeRegistry     : Adding type registration ZonedDateTime -> org.hibernate.type.BasicTypeReference@557abb68
2024-12-04T18:49:27.668-03:00 DEBUG 3024 --- [hotel-silvania] [           main] org.hibernate.type.BasicTypeRegistry     : Adding type registration java.time.ZonedDateTime -> org.hibernate.type.BasicTypeReference@557abb68
2024-12-04T18:49:27.668-03:00 DEBUG 3024 --- [hotel-silvania] [           main] org.hibernate.type.BasicTypeRegistry     : Adding type registration ZonedDateTimeWithTimezone -> org.hibernate.type.BasicTypeReference@1cb4cad0
2024-12-04T18:49:27.668-03:00 DEBUG 3024 --- [hotel-silvania] [           main] org.hibernate.type.BasicTypeRegistry     : Adding type registration ZonedDateTimeWithoutTimezone -> org.hibernate.type.BasicTypeReference@3152d449
2024-12-04T18:49:27.668-03:00 DEBUG 3024 --- [hotel-silvania] [           main] org.hibernate.type.BasicTypeRegistry     : Adding type registration date -> org.hibernate.type.BasicTypeReference@2f95ce11
2024-12-04T18:49:27.668-03:00 DEBUG 3024 --- [hotel-silvania] [           main] org.hibernate.type.BasicTypeRegistry     : Adding type registration java.sql.Date -> org.hibernate.type.BasicTypeReference@2f95ce11
2024-12-04T18:49:27.668-03:00 DEBUG 3024 --- [hotel-silvania] [           main] org.hibernate.type.BasicTypeRegistry     : Adding type registration time -> org.hibernate.type.BasicTypeReference@2f349170
2024-12-04T18:49:27.668-03:00 DEBUG 3024 --- [hotel-silvania] [           main] org.hibernate.type.BasicTypeRegistry     : Adding type registration java.sql.Time -> org.hibernate.type.BasicTypeReference@2f349170
2024-12-04T18:49:27.668-03:00 DEBUG 3024 --- [hotel-silvania] [           main] org.hibernate.type.BasicTypeRegistry     : Adding type registration timestamp -> org.hibernate.type.BasicTypeReference@15ec3c0c
2024-12-04T18:49:27.668-03:00 DEBUG 3024 --- [hotel-silvania] [           main] org.hibernate.type.BasicTypeRegistry     : Adding type registration java.sql.Timestamp -> org.hibernate.type.BasicTypeReference@15ec3c0c
2024-12-04T18:49:27.668-03:00 DEBUG 3024 --- [hotel-silvania] [           main] org.hibernate.type.BasicTypeRegistry     : Adding type registration java.util.Date -> org.hibernate.type.BasicTypeReference@15ec3c0c
2024-12-04T18:49:27.668-03:00 DEBUG 3024 --- [hotel-silvania] [           main] org.hibernate.type.BasicTypeRegistry     : Adding type registration calendar -> org.hibernate.type.BasicTypeReference@323b5264
2024-12-04T18:49:27.668-03:00 DEBUG 3024 --- [hotel-silvania] [           main] org.hibernate.type.BasicTypeRegistry     : Adding type registration java.util.Calendar -> org.hibernate.type.BasicTypeReference@323b5264
2024-12-04T18:49:27.668-03:00 DEBUG 3024 --- [hotel-silvania] [           main] org.hibernate.type.BasicTypeRegistry     : Adding type registration java.util.GregorianCalendar -> org.hibernate.type.BasicTypeReference@323b5264
2024-12-04T18:49:27.668-03:00 DEBUG 3024 --- [hotel-silvania] [           main] org.hibernate.type.BasicTypeRegistry     : Adding type registration calendar_date -> org.hibernate.type.BasicTypeReference@335ff774
2024-12-04T18:49:27.668-03:00 DEBUG 3024 --- [hotel-silvania] [           main] org.hibernate.type.BasicTypeRegistry     : Adding type registration calendar_time -> org.hibernate.type.BasicTypeReference@4c131823
2024-12-04T18:49:27.668-03:00 DEBUG 3024 --- [hotel-silvania] [           main] org.hibernate.type.BasicTypeRegistry     : Adding type registration instant -> org.hibernate.type.BasicTypeReference@2453cbb7
2024-12-04T18:49:27.668-03:00 DEBUG 3024 --- [hotel-silvania] [           main] org.hibernate.type.BasicTypeRegistry     : Adding type registration java.time.Instant -> org.hibernate.type.BasicTypeReference@2453cbb7
2024-12-04T18:49:27.669-03:00 DEBUG 3024 --- [hotel-silvania] [           main] org.hibernate.type.BasicTypeRegistry     : Adding type registration uuid -> org.hibernate.type.BasicTypeReference@68fb6c1e
2024-12-04T18:49:27.669-03:00 DEBUG 3024 --- [hotel-silvania] [           main] org.hibernate.type.BasicTypeRegistry     : Adding type registration java.util.UUID -> org.hibernate.type.BasicTypeReference@68fb6c1e
2024-12-04T18:49:27.669-03:00 DEBUG 3024 --- [hotel-silvania] [           main] org.hibernate.type.BasicTypeRegistry     : Adding type registration pg-uuid -> org.hibernate.type.BasicTypeReference@68fb6c1e
2024-12-04T18:49:27.669-03:00 DEBUG 3024 --- [hotel-silvania] [           main] org.hibernate.type.BasicTypeRegistry     : Adding type registration uuid-binary -> org.hibernate.type.BasicTypeReference@a89dec0
2024-12-04T18:49:27.669-03:00 DEBUG 3024 --- [hotel-silvania] [           main] org.hibernate.type.BasicTypeRegistry     : Adding type registration uuid-char -> org.hibernate.type.BasicTypeReference@5e8f1db2
2024-12-04T18:49:27.669-03:00 DEBUG 3024 --- [hotel-silvania] [           main] org.hibernate.type.BasicTypeRegistry     : Adding type registration class -> org.hibernate.type.BasicTypeReference@64bb6ba7
2024-12-04T18:49:27.669-03:00 DEBUG 3024 --- [hotel-silvania] [           main] org.hibernate.type.BasicTypeRegistry     : Adding type registration java.lang.Class -> org.hibernate.type.BasicTypeReference@64bb6ba7
2024-12-04T18:49:27.669-03:00 DEBUG 3024 --- [hotel-silvania] [           main] org.hibernate.type.BasicTypeRegistry     : Adding type registration currency -> org.hibernate.type.BasicTypeReference@571360b2
2024-12-04T18:49:27.669-03:00 DEBUG 3024 --- [hotel-silvania] [           main] org.hibernate.type.BasicTypeRegistry     : Adding type registration Currency -> org.hibernate.type.BasicTypeReference@571360b2
2024-12-04T18:49:27.669-03:00 DEBUG 3024 --- [hotel-silvania] [           main] org.hibernate.type.BasicTypeRegistry     : Adding type registration java.util.Currency -> org.hibernate.type.BasicTypeReference@571360b2
2024-12-04T18:49:27.669-03:00 DEBUG 3024 --- [hotel-silvania] [           main] org.hibernate.type.BasicTypeRegistry     : Adding type registration locale -> org.hibernate.type.BasicTypeReference@13a8cb4e
2024-12-04T18:49:27.669-03:00 DEBUG 3024 --- [hotel-silvania] [           main] org.hibernate.type.BasicTypeRegistry     : Adding type registration java.util.Locale -> org.hibernate.type.BasicTypeReference@13a8cb4e
2024-12-04T18:49:27.669-03:00 DEBUG 3024 --- [hotel-silvania] [           main] org.hibernate.type.BasicTypeRegistry     : Adding type registration serializable -> org.hibernate.type.BasicTypeReference@35ec3604
2024-12-04T18:49:27.669-03:00 DEBUG 3024 --- [hotel-silvania] [           main] org.hibernate.type.BasicTypeRegistry     : Adding type registration java.io.Serializable -> org.hibernate.type.BasicTypeReference@35ec3604
2024-12-04T18:49:27.669-03:00 DEBUG 3024 --- [hotel-silvania] [           main] org.hibernate.type.BasicTypeRegistry     : Adding type registration timezone -> org.hibernate.type.BasicTypeReference@ab5954d
2024-12-04T18:49:27.669-03:00 DEBUG 3024 --- [hotel-silvania] [           main] org.hibernate.type.BasicTypeRegistry     : Adding type registration java.util.TimeZone -> org.hibernate.type.BasicTypeReference@ab5954d
2024-12-04T18:49:27.669-03:00 DEBUG 3024 --- [hotel-silvania] [           main] org.hibernate.type.BasicTypeRegistry     : Adding type registration ZoneOffset -> org.hibernate.type.BasicTypeReference@466f7259
2024-12-04T18:49:27.669-03:00 DEBUG 3024 --- [hotel-silvania] [           main] org.hibernate.type.BasicTypeRegistry     : Adding type registration java.time.ZoneOffset -> org.hibernate.type.BasicTypeReference@466f7259
2024-12-04T18:49:27.669-03:00 DEBUG 3024 --- [hotel-silvania] [           main] org.hibernate.type.BasicTypeRegistry     : Adding type registration url -> org.hibernate.type.BasicTypeReference@13482361
2024-12-04T18:49:27.669-03:00 DEBUG 3024 --- [hotel-silvania] [           main] org.hibernate.type.BasicTypeRegistry     : Adding type registration java.net.URL -> org.hibernate.type.BasicTypeReference@13482361
2024-12-04T18:49:27.669-03:00 DEBUG 3024 --- [hotel-silvania] [           main] org.hibernate.type.BasicTypeRegistry     : Adding type registration vector -> org.hibernate.type.BasicTypeReference@47c06b1a
2024-12-04T18:49:27.669-03:00 DEBUG 3024 --- [hotel-silvania] [           main] org.hibernate.type.BasicTypeRegistry     : Adding type registration row_version -> org.hibernate.type.BasicTypeReference@61799152
2024-12-04T18:49:27.673-03:00 DEBUG 3024 --- [hotel-silvania] [           main] org.hibernate.type.BasicTypeRegistry     : Adding type registration object -> org.hibernate.type.JavaObjectType@68596992
2024-12-04T18:49:27.673-03:00 DEBUG 3024 --- [hotel-silvania] [           main] org.hibernate.type.BasicTypeRegistry     : Adding type registration java.lang.Object -> org.hibernate.type.JavaObjectType@68596992
2024-12-04T18:49:27.674-03:00 DEBUG 3024 --- [hotel-silvania] [           main] org.hibernate.type.BasicTypeRegistry     : Adding type registration null -> org.hibernate.type.NullType@13c36d48
2024-12-04T18:49:27.674-03:00 DEBUG 3024 --- [hotel-silvania] [           main] org.hibernate.type.BasicTypeRegistry     : Adding type registration imm_date -> org.hibernate.type.BasicTypeReference@7e93e396
2024-12-04T18:49:27.674-03:00 DEBUG 3024 --- [hotel-silvania] [           main] org.hibernate.type.BasicTypeRegistry     : Adding type registration imm_time -> org.hibernate.type.BasicTypeReference@f1e8753
2024-12-04T18:49:27.674-03:00 DEBUG 3024 --- [hotel-silvania] [           main] org.hibernate.type.BasicTypeRegistry     : Adding type registration imm_timestamp -> org.hibernate.type.BasicTypeReference@1676e501
2024-12-04T18:49:27.674-03:00 DEBUG 3024 --- [hotel-silvania] [           main] org.hibernate.type.BasicTypeRegistry     : Adding type registration imm_calendar -> org.hibernate.type.BasicTypeReference@1ed763aa
2024-12-04T18:49:27.674-03:00 DEBUG 3024 --- [hotel-silvania] [           main] org.hibernate.type.BasicTypeRegistry     : Adding type registration imm_calendar_date -> org.hibernate.type.BasicTypeReference@7f39bcb5
2024-12-04T18:49:27.674-03:00 DEBUG 3024 --- [hotel-silvania] [           main] org.hibernate.type.BasicTypeRegistry     : Adding type registration imm_calendar_time -> org.hibernate.type.BasicTypeReference@4e6881e
2024-12-04T18:49:27.674-03:00 DEBUG 3024 --- [hotel-silvania] [           main] org.hibernate.type.BasicTypeRegistry     : Adding type registration imm_binary -> org.hibernate.type.BasicTypeReference@25192b6e
2024-12-04T18:49:27.674-03:00 DEBUG 3024 --- [hotel-silvania] [           main] org.hibernate.type.BasicTypeRegistry     : Adding type registration imm_serializable -> org.hibernate.type.BasicTypeReference@76d654
2024-12-04T18:49:27.677-03:00 DEBUG 3024 --- [hotel-silvania] [           main] o.h.boot.internal.BootstrapContextImpl   : Injecting JPA temp ClassLoader [org.springframework.instrument.classloading.SimpleThrowawayClassLoader@1007954a] into BootstrapContext; was [null]
2024-12-04T18:49:27.677-03:00 DEBUG 3024 --- [hotel-silvania] [           main] o.h.boot.internal.ClassLoaderAccessImpl  : ClassLoaderAccessImpl#injectTempClassLoader(org.springframework.instrument.classloading.SimpleThrowawayClassLoader@1007954a) [was null]
2024-12-04T18:49:27.677-03:00 DEBUG 3024 --- [hotel-silvania] [           main] o.h.boot.internal.BootstrapContextImpl   : Injecting ScanEnvironment [org.hibernate.jpa.boot.internal.StandardJpaScanEnvironmentImpl@1b68e626] into BootstrapContext; was [null]
2024-12-04T18:49:27.677-03:00 DEBUG 3024 --- [hotel-silvania] [           main] o.h.boot.internal.BootstrapContextImpl   : Injecting ScanOptions [org.hibernate.boot.archive.scan.internal.StandardScanOptions@7671922b] into BootstrapContext; was [org.hibernate.boot.archive.scan.internal.StandardScanOptions@6829b897]
2024-12-04T18:49:27.855-03:00  INFO 3024 --- [hotel-silvania] [           main] o.s.o.j.p.SpringPersistenceUnitInfo      : No LoadTimeWeaver setup: ignoring JPA class transformer
2024-12-04T18:49:27.855-03:00 DEBUG 3024 --- [hotel-silvania] [           main] o.h.boot.internal.BootstrapContextImpl   : Injecting JPA temp ClassLoader [null] into BootstrapContext; was [org.springframework.instrument.classloading.SimpleThrowawayClassLoader@1007954a]
2024-12-04T18:49:27.855-03:00 DEBUG 3024 --- [hotel-silvania] [           main] o.h.boot.internal.ClassLoaderAccessImpl  : ClassLoaderAccessImpl#injectTempClassLoader(null) [was org.springframework.instrument.classloading.SimpleThrowawayClassLoader@1007954a]
2024-12-04T18:49:27.881-03:00  INFO 3024 --- [hotel-silvania] [           main] com.zaxxer.hikari.HikariDataSource       : HikariPool-1 - Starting...
2024-12-04T18:49:28.289-03:00  INFO 3024 --- [hotel-silvania] [           main] com.zaxxer.hikari.pool.HikariPool        : HikariPool-1 - Added connection com.mysql.cj.jdbc.ConnectionImpl@29963f9a
2024-12-04T18:49:28.290-03:00  INFO 3024 --- [hotel-silvania] [           main] com.zaxxer.hikari.HikariDataSource       : HikariPool-1 - Start completed.
2024-12-04T18:49:28.296-03:00 DEBUG 3024 --- [hotel-silvania] [           main] o.h.e.j.e.i.JdbcEnvironmentInitiator     : Database ->
	   name : MySQL
	version : 9.0.1
	  major : 9
	  minor : 0
2024-12-04T18:49:28.296-03:00 DEBUG 3024 --- [hotel-silvania] [           main] o.h.e.j.e.i.JdbcEnvironmentInitiator     : Driver ->
	   name : MySQL Connector/J
	version : mysql-connector-j-8.3.0 (Revision: 805f872a57875f311cb82487efcfb070411a3fa0)
	  major : 8
	  minor : 3
2024-12-04T18:49:28.296-03:00 DEBUG 3024 --- [hotel-silvania] [           main] o.h.e.j.e.i.JdbcEnvironmentInitiator     : JDBC version : 4.2
2024-12-04T18:49:28.348-03:00  WARN 3024 --- [hotel-silvania] [           main] org.hibernate.orm.deprecation            : HHH90000025: MySQL8Dialect does not need to be specified explicitly using 'hibernate.dialect' (remove the property setting and it will be selected by default)
2024-12-04T18:49:28.349-03:00 DEBUG 3024 --- [hotel-silvania] [           main] org.hibernate.orm.dialect                : HHH035001: Using dialect: org.hibernate.dialect.MySQL8Dialect, version: 8.0
2024-12-04T18:49:28.349-03:00  WARN 3024 --- [hotel-silvania] [           main] org.hibernate.orm.deprecation            : HHH90000026: MySQL8Dialect has been deprecated; use org.hibernate.dialect.MySQLDialect instead
2024-12-04T18:49:28.352-03:00 DEBUG 3024 --- [hotel-silvania] [           main] o.h.e.j.env.spi.IdentifierHelperBuilder  : JDBC driver metadata reported database stores quoted identifiers in more than one case
2024-12-04T18:49:28.352-03:00 DEBUG 3024 --- [hotel-silvania] [           main] o.h.e.j.env.spi.IdentifierHelperBuilder  : IdentifierCaseStrategy for both quoted and unquoted identifiers was set to the same strategy [MIXED]; that will likely lead to problems in schema update and validation if using quoted identifiers
2024-12-04T18:49:28.372-03:00 DEBUG 3024 --- [hotel-silvania] [           main] o.h.t.d.sql.spi.DdlTypeRegistry          : addDescriptor(12, org.hibernate.type.descriptor.sql.internal.CapacityDependentDdlType@42cb7c94) replaced previous registration(org.hibernate.type.descriptor.sql.internal.CapacityDependentDdlType@eeb1cac)
2024-12-04T18:49:28.372-03:00 DEBUG 3024 --- [hotel-silvania] [           main] o.h.t.d.sql.spi.DdlTypeRegistry          : addDescriptor(-9, org.hibernate.type.descriptor.sql.internal.CapacityDependentDdlType@5ad07f8a) replaced previous registration(org.hibernate.type.descriptor.sql.internal.CapacityDependentDdlType@2c03678)
2024-12-04T18:49:28.372-03:00 DEBUG 3024 --- [hotel-silvania] [           main] o.h.t.d.sql.spi.DdlTypeRegistry          : addDescriptor(-3, org.hibernate.type.descriptor.sql.internal.CapacityDependentDdlType@1bf6c568) replaced previous registration(org.hibernate.type.descriptor.sql.internal.CapacityDependentDdlType@4d2eb4c6)
2024-12-04T18:49:28.372-03:00 DEBUG 3024 --- [hotel-silvania] [           main] o.h.t.d.sql.spi.DdlTypeRegistry          : addDescriptor(4003, org.hibernate.type.descriptor.sql.internal.DdlTypeImpl@145baec6) replaced previous registration(org.hibernate.type.descriptor.sql.internal.DdlTypeImpl@172b39c3)
2024-12-04T18:49:28.372-03:00 DEBUG 3024 --- [hotel-silvania] [           main] o.h.t.d.sql.spi.DdlTypeRegistry          : addDescriptor(4001, org.hibernate.type.descriptor.sql.internal.DdlTypeImpl@3a5b73cb) replaced previous registration(org.hibernate.type.descriptor.sql.internal.DdlTypeImpl@26b78c2)
2024-12-04T18:49:28.372-03:00 DEBUG 3024 --- [hotel-silvania] [           main] o.h.t.d.sql.spi.DdlTypeRegistry          : addDescriptor(4002, org.hibernate.type.descriptor.sql.internal.DdlTypeImpl@4b0fdbd7) replaced previous registration(org.hibernate.type.descriptor.sql.internal.DdlTypeImpl@5240654)
2024-12-04T18:49:28.372-03:00 DEBUG 3024 --- [hotel-silvania] [           main] o.h.t.d.sql.spi.DdlTypeRegistry          : addDescriptor(2004, org.hibernate.type.descriptor.sql.internal.CapacityDependentDdlType@6400e810) replaced previous registration(org.hibernate.type.descriptor.sql.internal.DdlTypeImpl@3d74313a)
2024-12-04T18:49:28.372-03:00 DEBUG 3024 --- [hotel-silvania] [           main] o.h.t.d.sql.spi.DdlTypeRegistry          : addDescriptor(2005, org.hibernate.type.descriptor.sql.internal.CapacityDependentDdlType@8108420) replaced previous registration(org.hibernate.type.descriptor.sql.internal.DdlTypeImpl@2d2325d0)
2024-12-04T18:49:28.372-03:00 DEBUG 3024 --- [hotel-silvania] [           main] o.h.t.d.sql.spi.DdlTypeRegistry          : addDescriptor(2011, org.hibernate.type.descriptor.sql.internal.CapacityDependentDdlType@4e80180c) replaced previous registration(org.hibernate.type.descriptor.sql.internal.DdlTypeImpl@52e10d07)
2024-12-04T18:49:28.373-03:00 DEBUG 3024 --- [hotel-silvania] [           main] o.h.t.d.jdbc.spi.JdbcTypeRegistry        : addDescriptor(NCharTypeDescriptor) replaced previous registration(CharTypeDescriptor)
2024-12-04T18:49:28.373-03:00 DEBUG 3024 --- [hotel-silvania] [           main] o.h.t.d.jdbc.spi.JdbcTypeRegistry        : addDescriptor(NVarcharTypeDescriptor) replaced previous registration(VarcharTypeDescriptor)
2024-12-04T18:49:28.374-03:00 DEBUG 3024 --- [hotel-silvania] [           main] o.h.t.d.jdbc.spi.JdbcTypeRegistry        : addDescriptor(LongNVarcharTypeDescriptor) replaced previous registration(LongVarcharTypeDescriptor)
2024-12-04T18:49:28.375-03:00 DEBUG 3024 --- [hotel-silvania] [           main] o.h.t.d.jdbc.spi.JdbcTypeRegistry        : addDescriptor(NClobTypeDescriptor(DEFAULT)) replaced previous registration(ClobTypeDescriptor(DEFAULT))
2024-12-04T18:49:28.375-03:00 DEBUG 3024 --- [hotel-silvania] [           main] o.h.t.d.jdbc.spi.JdbcTypeRegistry        : addDescriptor(2005, ClobTypeDescriptor(STREAM_BINDING)) replaced previous registration(ClobTypeDescriptor(DEFAULT))
2024-12-04T18:49:28.380-03:00 DEBUG 3024 --- [hotel-silvania] [           main] org.hibernate.type.BasicTypeRegistry     : Adding type registration null -> org.hibernate.type.NullType@31167d7
2024-12-04T18:49:28.380-03:00 DEBUG 3024 --- [hotel-silvania] [           main] org.hibernate.type.BasicTypeRegistry     : Type registration key [null] overrode previous entry : `org.hibernate.type.NullType@13c36d48`
2024-12-04T18:49:28.383-03:00 DEBUG 3024 --- [hotel-silvania] [           main] org.hibernate.type.BasicTypeRegistry     : Adding type registration org.hibernate.type.DurationType -> basicType@1(java.time.Duration,3015)
2024-12-04T18:49:28.383-03:00 DEBUG 3024 --- [hotel-silvania] [           main] org.hibernate.type.BasicTypeRegistry     : Adding type registration Duration -> basicType@1(java.time.Duration,3015)
2024-12-04T18:49:28.383-03:00 DEBUG 3024 --- [hotel-silvania] [           main] org.hibernate.type.BasicTypeRegistry     : Adding type registration java.time.Duration -> basicType@1(java.time.Duration,3015)
2024-12-04T18:49:28.385-03:00 DEBUG 3024 --- [hotel-silvania] [           main] org.hibernate.type.BasicTypeRegistry     : Adding type registration org.hibernate.type.OffsetDateTimeType -> basicType@2(java.time.OffsetDateTime,3003)
2024-12-04T18:49:28.385-03:00 DEBUG 3024 --- [hotel-silvania] [           main] org.hibernate.type.BasicTypeRegistry     : Adding type registration OffsetDateTime -> basicType@2(java.time.OffsetDateTime,3003)
2024-12-04T18:49:28.385-03:00 DEBUG 3024 --- [hotel-silvania] [           main] org.hibernate.type.BasicTypeRegistry     : Adding type registration java.time.OffsetDateTime -> basicType@2(java.time.OffsetDateTime,3003)
2024-12-04T18:49:28.385-03:00 DEBUG 3024 --- [hotel-silvania] [           main] org.hibernate.type.BasicTypeRegistry     : Adding type registration org.hibernate.type.ZonedDateTimeType -> basicType@3(java.time.ZonedDateTime,3003)
2024-12-04T18:49:28.385-03:00 DEBUG 3024 --- [hotel-silvania] [           main] org.hibernate.type.BasicTypeRegistry     : Adding type registration ZonedDateTime -> basicType@3(java.time.ZonedDateTime,3003)
2024-12-04T18:49:28.385-03:00 DEBUG 3024 --- [hotel-silvania] [           main] org.hibernate.type.BasicTypeRegistry     : Adding type registration java.time.ZonedDateTime -> basicType@3(java.time.ZonedDateTime,3003)
2024-12-04T18:49:28.386-03:00 DEBUG 3024 --- [hotel-silvania] [           main] org.hibernate.type.BasicTypeRegistry     : Adding type registration org.hibernate.type.OffsetTimeType -> basicType@4(java.time.OffsetTime,3007)
2024-12-04T18:49:28.386-03:00 DEBUG 3024 --- [hotel-silvania] [           main] org.hibernate.type.BasicTypeRegistry     : Adding type registration OffsetTime -> basicType@4(java.time.OffsetTime,3007)
2024-12-04T18:49:28.386-03:00 DEBUG 3024 --- [hotel-silvania] [           main] org.hibernate.type.BasicTypeRegistry     : Adding type registration java.time.OffsetTime -> basicType@4(java.time.OffsetTime,3007)
2024-12-04T18:49:28.386-03:00 DEBUG 3024 --- [hotel-silvania] [           main] o.h.type.spi.TypeConfiguration$Scope     : Scoping TypeConfiguration [org.hibernate.type.spi.TypeConfiguration@467f47f8] to MetadataBuildingContext [org.hibernate.boot.internal.MetadataBuildingContextRootImpl@745b4ed4]
2024-12-04T18:49:28.420-03:00 DEBUG 3024 --- [hotel-silvania] [           main] o.h.boot.model.relational.Namespace      : Created database namespace [logicalName=Name{catalog=null, schema=null}, physicalName=Name{catalog=null, schema=null}]
2024-12-04T18:49:28.445-03:00 DEBUG 3024 --- [hotel-silvania] [           main] o.h.boot.model.internal.EntityBinder     : Binding entity from annotated class: com.uniamerica.pie.hotel.models.Hospede
2024-12-04T18:49:28.449-03:00 DEBUG 3024 --- [hotel-silvania] [           main] o.h.boot.model.internal.EntityBinder     : Import with entity name Hospede
2024-12-04T18:49:28.455-03:00 DEBUG 3024 --- [hotel-silvania] [           main] o.h.boot.model.internal.EntityBinder     : Bind entity com.uniamerica.pie.hotel.models.Hospede on table hospede
2024-12-04T18:49:28.464-03:00 DEBUG 3024 --- [hotel-silvania] [           main] o.h.boot.model.internal.AnnotatedColumn  : Binding column: AnnotatedDiscriminatorColumn(column='DTYPE')
2024-12-04T18:49:28.479-03:00 DEBUG 3024 --- [hotel-silvania] [           main] o.h.boot.model.internal.AnnotatedColumn  : Binding column: AnnotatedColumn(column='id')
2024-12-04T18:49:28.479-03:00 DEBUG 3024 --- [hotel-silvania] [           main] o.h.boot.internal.ClassLoaderAccessImpl  : Not known whether passed class name [com.uniamerica.pie.hotel.models.Hospede] is safe
2024-12-04T18:49:28.479-03:00 DEBUG 3024 --- [hotel-silvania] [           main] o.h.boot.internal.ClassLoaderAccessImpl  : No temp ClassLoader provided; using live ClassLoader for loading potentially unsafe class : com.uniamerica.pie.hotel.models.Hospede
2024-12-04T18:49:28.482-03:00 DEBUG 3024 --- [hotel-silvania] [           main] o.h.boot.model.internal.PropertyBinder   : MetadataSourceProcessor property id with lazy=false
2024-12-04T18:49:28.486-03:00 DEBUG 3024 --- [hotel-silvania] [           main] o.h.b.m.internal.AbstractPropertyHolder  : Attempting to locate auto-apply AttributeConverter for property [com.uniamerica.pie.hotel.models.Hospede:id]
2024-12-04T18:49:28.488-03:00 DEBUG 3024 --- [hotel-silvania] [           main] o.h.b.model.internal.BasicValueBinder    : building BasicValue for id
2024-12-04T18:49:28.490-03:00 DEBUG 3024 --- [hotel-silvania] [           main] org.hibernate.mapping.BasicValue         : Skipping column re-registration: hospede.id
2024-12-04T18:49:28.490-03:00 DEBUG 3024 --- [hotel-silvania] [           main] o.h.boot.model.internal.PropertyBinder   : Building property id
2024-12-04T18:49:28.492-03:00 DEBUG 3024 --- [hotel-silvania] [           main] o.h.boot.model.internal.BinderHelper     : #makeIdGenerator(BasicValue([Column(id)]), id, identity, , ...)
2024-12-04T18:49:28.495-03:00 DEBUG 3024 --- [hotel-silvania] [           main] o.h.boot.model.internal.AnnotatedColumn  : Binding column: AnnotatedColumn(column='email')
2024-12-04T18:49:28.495-03:00 DEBUG 3024 --- [hotel-silvania] [           main] o.h.boot.model.internal.PropertyBinder   : MetadataSourceProcessor property email with lazy=false
2024-12-04T18:49:28.495-03:00 DEBUG 3024 --- [hotel-silvania] [           main] o.h.b.m.internal.AbstractPropertyHolder  : Attempting to locate auto-apply AttributeConverter for property [com.uniamerica.pie.hotel.models.Hospede:email]
2024-12-04T18:49:28.495-03:00 DEBUG 3024 --- [hotel-silvania] [           main] o.h.b.model.internal.BasicValueBinder    : building BasicValue for email
2024-12-04T18:49:28.495-03:00 DEBUG 3024 --- [hotel-silvania] [           main] org.hibernate.mapping.BasicValue         : Skipping column re-registration: hospede.email
2024-12-04T18:49:28.495-03:00 DEBUG 3024 --- [hotel-silvania] [           main] o.h.boot.model.internal.PropertyBinder   : Building property email
2024-12-04T18:49:28.496-03:00 DEBUG 3024 --- [hotel-silvania] [           main] o.h.boot.model.internal.AnnotatedColumn  : Binding column: AnnotatedColumn(column='nome')
2024-12-04T18:49:28.496-03:00 DEBUG 3024 --- [hotel-silvania] [           main] o.h.boot.model.internal.PropertyBinder   : MetadataSourceProcessor property nome with lazy=false
2024-12-04T18:49:28.496-03:00 DEBUG 3024 --- [hotel-silvania] [           main] o.h.b.m.internal.AbstractPropertyHolder  : Attempting to locate auto-apply AttributeConverter for property [com.uniamerica.pie.hotel.models.Hospede:nome]
2024-12-04T18:49:28.496-03:00 DEBUG 3024 --- [hotel-silvania] [           main] o.h.b.model.internal.BasicValueBinder    : building BasicValue for nome
2024-12-04T18:49:28.496-03:00 DEBUG 3024 --- [hotel-silvania] [           main] org.hibernate.mapping.BasicValue         : Skipping column re-registration: hospede.nome
2024-12-04T18:49:28.496-03:00 DEBUG 3024 --- [hotel-silvania] [           main] o.h.boot.model.internal.PropertyBinder   : Building property nome
2024-12-04T18:49:28.499-03:00 DEBUG 3024 --- [hotel-silvania] [           main] o.h.boot.model.internal.AnnotatedColumn  : Binding column: AnnotatedJoinColumn()
2024-12-04T18:49:28.499-03:00 DEBUG 3024 --- [hotel-silvania] [           main] o.h.boot.model.internal.AnnotatedColumn  : Binding column: AnnotatedColumn()
2024-12-04T18:49:28.510-03:00 DEBUG 3024 --- [hotel-silvania] [           main] o.h.boot.model.internal.AnnotatedColumn  : Binding column: IndexColumn(column='reservas_ORDER')
2024-12-04T18:49:28.511-03:00 DEBUG 3024 --- [hotel-silvania] [           main] o.h.boot.model.internal.AnnotatedColumn  : Binding column: AnnotatedColumn()
2024-12-04T18:49:28.511-03:00 DEBUG 3024 --- [hotel-silvania] [           main] o.h.boot.model.internal.AnnotatedColumn  : Binding column: AnnotatedColumn(column='reservas_KEY')
2024-12-04T18:49:28.512-03:00 DEBUG 3024 --- [hotel-silvania] [           main] o.h.boot.model.internal.AnnotatedColumn  : Binding column: AnnotatedJoinColumn(column='reservas_KEY')
2024-12-04T18:49:28.512-03:00 DEBUG 3024 --- [hotel-silvania] [           main] o.h.boot.model.internal.AnnotatedColumn  : Binding column: AnnotatedJoinColumn()
2024-12-04T18:49:28.512-03:00 DEBUG 3024 --- [hotel-silvania] [           main] o.h.boot.model.internal.AnnotatedColumn  : Binding column: AnnotatedJoinColumn()
[...]
      Matched:
         - @ConditionalOnClass found required class 'org.springframework.security.authentication.ReactiveAuthenticationManager' (OnClassCondition)
         - AnyNestedCondition 1 matched 2 did not; NestedCondition on ReactiveUserDetailsServiceAutoConfiguration.MissingAlternativeOrUserPropertiesConfigured.PasswordConfigured @ConditionalOnProperty (spring.security.user.password) did not find property 'password'; NestedCondition on ReactiveUserDetailsServiceAutoConfiguration.MissingAlternativeOrUserPropertiesConfigured.NameConfigured @ConditionalOnProperty (spring.security.user.name) did not find property 'name'; NestedCondition on ReactiveUserDetailsServiceAutoConfiguration.MissingAlternativeOrUserPropertiesConfigured.MissingAlternative @ConditionalOnMissingClass did not find unwanted classes 'org.springframework.security.oauth2.client.registration.ClientRegistrationRepository', 'org.springframework.security.oauth2.server.resource.introspection.ReactiveOpaqueTokenIntrospector' (ReactiveUserDetailsServiceAutoConfiguration.MissingAlternativeOrUserPropertiesConfigured)

   ReactiveWebServerFactoryAutoConfiguration:
      Did not match:
         - @ConditionalOnWebApplication did not find reactive web application classes (OnWebApplicationCondition)

   ReactorAutoConfiguration:
      Did not match:
         - @ConditionalOnClass did not find required class 'reactor.core.publisher.Hooks' (OnClassCondition)

   RedisAutoConfiguration:
      Did not match:
         - @ConditionalOnClass did not find required class 'org.springframework.data.redis.core.RedisOperations' (OnClassCondition)

   RedisCacheConfiguration:
      Did not match:
         - @ConditionalOnClass did not find required class 'org.springframework.data.redis.connection.RedisConnectionFactory' (OnClassCondition)

   RedisReactiveAutoConfiguration:
      Did not match:
         - @ConditionalOnClass did not find required class 'reactor.core.publisher.Flux' (OnClassCondition)

   RedisRepositoriesAutoConfiguration:
      Did not match:
         - @ConditionalOnClass did not find required class 'org.springframework.data.redis.repository.configuration.EnableRedisRepositories' (OnClassCondition)

   RepositoryRestMvcAutoConfiguration:
      Did not match:
         - @ConditionalOnClass did not find required class 'org.springframework.data.rest.webmvc.config.RepositoryRestMvcConfiguration' (OnClassCondition)

   Saml2RelyingPartyAutoConfiguration:
      Did not match:
         - @ConditionalOnClass did not find required class 'org.springframework.security.saml2.provider.service.registration.RelyingPartyRegistrationRepository' (OnClassCondition)

   SecurityDataConfiguration:
      Did not match:
         - @ConditionalOnClass did not find required class 'org.springframework.security.data.repository.query.SecurityEvaluationContextExtension' (OnClassCondition)

   SendGridAutoConfiguration:
      Did not match:
         - @ConditionalOnClass did not find required class 'com.sendgrid.SendGrid' (OnClassCondition)

   ServletWebServerFactoryAutoConfiguration.ForwardedHeaderFilterConfiguration:
      Did not match:
         - @ConditionalOnProperty (server.forward-headers-strategy=framework) did not find property 'server.forward-headers-strategy' (OnPropertyCondition)

   ServletWebServerFactoryConfiguration.EmbeddedJetty:
      Did not match:
         - @ConditionalOnClass did not find required classes 'org.eclipse.jetty.server.Server', 'org.eclipse.jetty.util.Loader', 'org.eclipse.jetty.ee10.webapp.WebAppContext' (OnClassCondition)

   ServletWebServerFactoryConfiguration.EmbeddedUndertow:
      Did not match:
         - @ConditionalOnClass did not find required classes 'io.undertow.Undertow', 'org.xnio.SslClientAuthMode' (OnClassCondition)

   SessionAutoConfiguration:
      Did not match:
         - @ConditionalOnClass did not find required class 'org.springframework.session.Session' (OnClassCondition)

   SpringApplicationAdminJmxAutoConfiguration:
      Did not match:
         - @ConditionalOnProperty (spring.application.admin.enabled=true) did not find property 'enabled' (OnPropertyCondition)

   SpringBootWebSecurityConfiguration.SecurityFilterChainConfiguration:
      Did not match:
         - AllNestedConditions 1 matched 1 did not; NestedCondition on DefaultWebSecurityCondition.Beans @ConditionalOnMissingBean (types: org.springframework.security.web.SecurityFilterChain; SearchStrategy: all) found beans of type 'org.springframework.security.web.SecurityFilterChain' securityFilterChain; NestedCondition on DefaultWebSecurityCondition.Classes @ConditionalOnClass found required classes 'org.springframework.security.web.SecurityFilterChain', 'org.springframework.security.config.annotation.web.builders.HttpSecurity' (DefaultWebSecurityCondition)

   SpringBootWebSecurityConfiguration.WebSecurityEnablerConfiguration:
      Did not match:
         - @ConditionalOnMissingBean (names: springSecurityFilterChain; SearchStrategy: all) found beans named springSecurityFilterChain (OnBeanCondition)
      Matched:
         - @ConditionalOnClass found required class 'org.springframework.security.config.annotation.web.configuration.EnableWebSecurity' (OnClassCondition)

   TaskExecutorConfigurations.SimpleAsyncTaskExecutorBuilderConfiguration#simpleAsyncTaskExecutorBuilderVirtualThreads:
      Did not match:
         - @ConditionalOnMissingBean (types: org.springframework.boot.task.SimpleAsyncTaskExecutorBuilder; SearchStrategy: all) found beans of type 'org.springframework.boot.task.SimpleAsyncTaskExecutorBuilder' simpleAsyncTaskExecutorBuilder (OnBeanCondition)

   TaskExecutorConfigurations.TaskExecutorConfiguration#applicationTaskExecutorVirtualThreads:
      Did not match:
         - @ConditionalOnThreading did not find VIRTUAL (OnThreadingCondition)

   TaskSchedulingAutoConfiguration#scheduledBeanLazyInitializationExcludeFilter:
      Did not match:
         - @ConditionalOnBean (names: org.springframework.context.annotation.internalScheduledAnnotationProcessor; SearchStrategy: all) did not find any beans named org.springframework.context.annotation.internalScheduledAnnotationProcessor (OnBeanCondition)

   TaskSchedulingConfigurations.SimpleAsyncTaskSchedulerBuilderConfiguration#simpleAsyncTaskSchedulerBuilderVirtualThreads:
      Did not match:
         - @ConditionalOnMissingBean (types: org.springframework.boot.task.SimpleAsyncTaskSchedulerBuilder; SearchStrategy: all) found beans of type 'org.springframework.boot.task.SimpleAsyncTaskSchedulerBuilder' simpleAsyncTaskSchedulerBuilder (OnBeanCondition)

   TaskSchedulingConfigurations.TaskSchedulerConfiguration:
      Did not match:
         - @ConditionalOnBean (names: org.springframework.context.annotation.internalScheduledAnnotationProcessor; SearchStrategy: all) did not find any beans named org.springframework.context.annotation.internalScheduledAnnotationProcessor (OnBeanCondition)

   ThymeleafAutoConfiguration:
      Did not match:
         - @ConditionalOnClass did not find required class 'org.thymeleaf.spring6.SpringTemplateEngine' (OnClassCondition)

   TransactionAutoConfiguration#transactionalOperator:
      Did not match:
         - @ConditionalOnSingleCandidate (types: org.springframework.transaction.ReactiveTransactionManager; SearchStrategy: all) did not find any beans (OnBeanCondition)

   TransactionAutoConfiguration.AspectJTransactionManagementConfiguration:
      Did not match:
         - @ConditionalOnBean (types: org.springframework.transaction.aspectj.AbstractTransactionAspect; SearchStrategy: all) did not find any beans of type org.springframework.transaction.aspectj.AbstractTransactionAspect (OnBeanCondition)

   TransactionAutoConfiguration.EnableTransactionManagementConfiguration.JdkDynamicAutoProxyConfiguration:
      Did not match:
         - @ConditionalOnProperty (spring.aop.proxy-target-class=false) did not find property 'proxy-target-class' (OnPropertyCondition)

   UserDetailsServiceAutoConfiguration:
      Did not match:
         - @ConditionalOnMissingBean (types: org.springframework.security.authentication.AuthenticationManager,org.springframework.security.authentication.AuthenticationProvider,org.springframework.security.core.userdetails.UserDetailsService,org.springframework.security.authentication.AuthenticationManagerResolver,org.springframework.security.oauth2.jwt.JwtDecoder; SearchStrategy: all) found beans of type 'org.springframework.security.authentication.AuthenticationManager' authenticationManager and found beans of type 'org.springframework.security.core.userdetails.UserDetailsService' userDetailsService and found beans of type 'org.springframework.security.authentication.AuthenticationProvider' authenticationProvider (OnBeanCondition)
      Matched:
         - @ConditionalOnClass found required class 'org.springframework.security.authentication.AuthenticationManager' (OnClassCondition)
         - AnyNestedCondition 1 matched 2 did not; NestedCondition on UserDetailsServiceAutoConfiguration.MissingAlternativeOrUserPropertiesConfigured.PasswordConfigured @ConditionalOnProperty (spring.security.user.password) did not find property 'password'; NestedCondition on UserDetailsServiceAutoConfiguration.MissingAlternativeOrUserPropertiesConfigured.NameConfigured @ConditionalOnProperty (spring.security.user.name) did not find property 'name'; NestedCondition on UserDetailsServiceAutoConfiguration.MissingAlternativeOrUserPropertiesConfigured.MissingAlternative @ConditionalOnMissingClass did not find unwanted classes 'org.springframework.security.oauth2.client.registration.ClientRegistrationRepository', 'org.springframework.security.oauth2.server.resource.introspection.OpaqueTokenIntrospector', 'org.springframework.security.saml2.provider.service.registration.RelyingPartyRegistrationRepository' (UserDetailsServiceAutoConfiguration.MissingAlternativeOrUserPropertiesConfigured)

   WebClientAutoConfiguration:
      Did not match:
         - @ConditionalOnClass did not find required class 'org.springframework.web.reactive.function.client.WebClient' (OnClassCondition)

   WebFluxAutoConfiguration:
      Did not match:
         - @ConditionalOnClass did not find required class 'org.springframework.web.reactive.config.WebFluxConfigurer' (OnClassCondition)

   WebMvcAutoConfiguration#hiddenHttpMethodFilter:
      Did not match:
         - @ConditionalOnProperty (spring.mvc.hiddenmethod.filter.enabled) did not find property 'enabled' (OnPropertyCondition)

   WebMvcAutoConfiguration.ProblemDetailsErrorHandlingConfiguration:
      Did not match:
         - @ConditionalOnProperty (spring.mvc.problemdetails.enabled=true) did not find property 'enabled' (OnPropertyCondition)

   WebMvcAutoConfiguration.WebMvcAutoConfigurationAdapter#beanNameViewResolver:
      Did not match:
         - @ConditionalOnMissingBean (types: org.springframework.web.servlet.view.BeanNameViewResolver; SearchStrategy: all) found beans of type 'org.springframework.web.servlet.view.BeanNameViewResolver' beanNameViewResolver (OnBeanCondition)

   WebServiceTemplateAutoConfiguration:
      Did not match:
         - @ConditionalOnClass did not find required class 'org.springframework.oxm.Marshaller' (OnClassCondition)

   WebServicesAutoConfiguration:
      Did not match:
         - @ConditionalOnClass did not find required class 'org.springframework.ws.transport.http.MessageDispatcherServlet' (OnClassCondition)

   WebSessionIdResolverAutoConfiguration:
      Did not match:
         - @ConditionalOnClass did not find required class 'reactor.core.publisher.Mono' (OnClassCondition)

   WebSocketMessagingAutoConfiguration:
      Did not match:
         - @ConditionalOnClass did not find required class 'org.springframework.web.socket.config.annotation.WebSocketMessageBrokerConfigurer' (OnClassCondition)

   WebSocketReactiveAutoConfiguration:
      Did not match:
         - @ConditionalOnWebApplication did not find reactive web application classes (OnWebApplicationCondition)

   WebSocketServletAutoConfiguration.JettyWebSocketConfiguration:
      Did not match:
         - @ConditionalOnClass did not find required class 'org.eclipse.jetty.ee10.websocket.jakarta.server.config.JakartaWebSocketServletContainerInitializer' (OnClassCondition)

   WebSocketServletAutoConfiguration.UndertowWebSocketConfiguration:
      Did not match:
         - @ConditionalOnClass did not find required class 'io.undertow.websockets.jsr.Bootstrap' (OnClassCondition)

   XADataSourceAutoConfiguration:
      Did not match:
         - @ConditionalOnBean (types: org.springframework.boot.jdbc.XADataSourceWrapper; SearchStrategy: all) did not find any beans of type org.springframework.boot.jdbc.XADataSourceWrapper (OnBeanCondition)
      Matched:
         - @ConditionalOnClass found required classes 'javax.sql.DataSource', 'jakarta.transaction.TransactionManager', 'org.springframework.jdbc.datasource.embedded.EmbeddedDatabaseType' (OnClassCondition)


Exclusions:
-----------

    None


Unconditional classes:
----------------------

    org.springframework.boot.autoconfigure.context.ConfigurationPropertiesAutoConfiguration

    org.springframework.boot.autoconfigure.ssl.SslAutoConfiguration

    org.springframework.boot.autoconfigure.context.LifecycleAutoConfiguration

    org.springframework.boot.autoconfigure.context.PropertyPlaceholderAutoConfiguration

    org.springframework.boot.autoconfigure.availability.ApplicationAvailabilityAutoConfiguration

    org.springframework.boot.autoconfigure.info.ProjectInfoAutoConfiguration



2024-12-04T18:49:30.520-03:00  INFO 3024 --- [hotel-silvania] [           main] c.u.p.h.HotelSilvaniaApplicationTests    : Started HotelSilvaniaApplicationTests in 4.087 seconds (process running for 5.074)
2024-12-04T18:49:30.520-03:00 DEBUG 3024 --- [hotel-silvania] [           main] o.s.b.a.ApplicationAvailabilityBean      : Application availability state LivenessState changed to CORRECT
2024-12-04T18:49:30.522-03:00 DEBUG 3024 --- [hotel-silvania] [           main] o.s.b.a.ApplicationAvailabilityBean      : Application availability state ReadinessState changed to ACCEPTING_TRAFFIC
2024-12-04T18:49:30.524-03:00 DEBUG 3024 --- [hotel-silvania] [           main] org.springframework.test.context.cache   : Spring test ApplicationContext cache statistics: [DefaultContextCache@2d471a7d size = 1, maxSize = 32, parentContextCount = 0, hitCount = 0, missCount = 1, failureCount = 0]
2024-12-04T18:49:30.524-03:00 DEBUG 3024 --- [hotel-silvania] [           main] o.s.t.c.w.ServletTestExecutionListener   : Setting up MockHttpServletRequest, MockHttpServletResponse, ServletWebRequest, and RequestContextHolder for test class com.uniamerica.pie.hotel.HotelSilvaniaApplicationTests
2024-12-04T18:49:30.532-03:00 DEBUG 3024 --- [hotel-silvania] [           main] DependencyInjectionTestExecutionListener : Performing dependency injection for test class com.uniamerica.pie.hotel.HotelSilvaniaApplicationTests
2024-12-04T18:49:30.532-03:00 DEBUG 3024 --- [hotel-silvania] [           main] org.springframework.test.context.cache   : Spring test ApplicationContext cache statistics: [DefaultContextCache@2d471a7d size = 1, maxSize = 32, parentContextCount = 0, hitCount = 1, missCount = 1, failureCount = 0]
2024-12-04T18:49:30.532-03:00 DEBUG 3024 --- [hotel-silvania] [           main] org.springframework.test.context.cache   : Spring test ApplicationContext cache statistics: [DefaultContextCache@2d471a7d size = 1, maxSize = 32, parentContextCount = 0, hitCount = 2, missCount = 1, failureCount = 0]
2024-12-04T18:49:30.534-03:00 DEBUG 3024 --- [hotel-silvania] [           main] sContextBeforeModesTestExecutionListener : Before test method: class [HotelSilvaniaApplicationTests], method [contextLoads], class annotated with @DirtiesContext [false] with mode [null], method annotated with @DirtiesContext [false] with mode [null]
2024-12-04T18:49:30.535-03:00 DEBUG 3024 --- [hotel-silvania] [           main] org.springframework.test.context.cache   : Spring test ApplicationContext cache statistics: [DefaultContextCache@2d471a7d size = 1, maxSize = 32, parentContextCount = 0, hitCount = 3, missCount = 1, failureCount = 0]
2024-12-04T18:49:30.535-03:00 DEBUG 3024 --- [hotel-silvania] [           main] org.springframework.test.context.cache   : Spring test ApplicationContext cache statistics: [DefaultContextCache@2d471a7d size = 1, maxSize = 32, parentContextCount = 0, hitCount = 4, missCount = 1, failureCount = 0]
2024-12-04T18:49:30.880-03:00 DEBUG 3024 --- [hotel-silvania] [           main] org.springframework.test.context.cache   : Spring test ApplicationContext cache statistics: [DefaultContextCache@2d471a7d size = 1, maxSize = 32, parentContextCount = 0, hitCount = 5, missCount = 1, failureCount = 0]
2024-12-04T18:49:30.882-03:00 DEBUG 3024 --- [hotel-silvania] [           main] org.springframework.test.context.cache   : Spring test ApplicationContext cache statistics: [DefaultContextCache@2d471a7d size = 1, maxSize = 32, parentContextCount = 0, hitCount = 6, missCount = 1, failureCount = 0]
2024-12-04T18:49:30.883-03:00 DEBUG 3024 --- [hotel-silvania] [           main] org.springframework.test.context.cache   : Spring test ApplicationContext cache statistics: [DefaultContextCache@2d471a7d size = 1, maxSize = 32, parentContextCount = 0, hitCount = 7, missCount = 1, failureCount = 0]
2024-12-04T18:49:30.883-03:00 DEBUG 3024 --- [hotel-silvania] [           main] org.springframework.test.context.cache   : Spring test ApplicationContext cache statistics: [DefaultContextCache@2d471a7d size = 1, maxSize = 32, parentContextCount = 0, hitCount = 8, missCount = 1, failureCount = 0]
2024-12-04T18:49:30.883-03:00 DEBUG 3024 --- [hotel-silvania] [           main] org.springframework.test.context.cache   : Spring test ApplicationContext cache statistics: [DefaultContextCache@2d471a7d size = 1, maxSize = 32, parentContextCount = 0, hitCount = 9, missCount = 1, failureCount = 0]
2024-12-04T18:49:30.884-03:00 DEBUG 3024 --- [hotel-silvania] [           main] org.springframework.test.context.cache   : Spring test ApplicationContext cache statistics: [DefaultContextCache@2d471a7d size = 1, maxSize = 32, parentContextCount = 0, hitCount = 10, missCount = 1, failureCount = 0]
2024-12-04T18:49:30.885-03:00 DEBUG 3024 --- [hotel-silvania] [           main] org.springframework.test.context.cache   : Spring test ApplicationContext cache statistics: [DefaultContextCache@2d471a7d size = 1, maxSize = 32, parentContextCount = 0, hitCount = 11, missCount = 1, failureCount = 0]
2024-12-04T18:49:30.885-03:00 DEBUG 3024 --- [hotel-silvania] [           main] .c.s.DirtiesContextTestExecutionListener : After test method: class [HotelSilvaniaApplicationTests], method [contextLoads], class annotated with @DirtiesContext [false] with mode [null], method annotated with @DirtiesContext [false] with mode [null]
2024-12-04T18:49:30.885-03:00 DEBUG 3024 --- [hotel-silvania] [           main] o.s.t.c.w.ServletTestExecutionListener   : Resetting RequestContextHolder for test class com.uniamerica.pie.hotel.HotelSilvaniaApplicationTests
]]></system-out>
    <system-err><![CDATA[WARNING: A Java agent has been loaded dynamically (/Users/fernandosuerte/.m2/repository/net/bytebuddy/byte-buddy-agent/1.14.19/byte-buddy-agent-1.14.19.jar)
WARNING: If a serviceability tool is in use, please run with -XX:+EnableDynamicAgentLoading to hide this warning
WARNING: If a serviceability tool is not in use, please run with -Djdk.instrument.traceUsage for more information
WARNING: Dynamic loading of agents will be disallowed by default in a future release
]]></system-err>
  </testcase>
</testsuite>